[ 2017-07-28T15:20:27+08:00 ] ::1 /?m=Admin&c=Article&a=add
INFO: [ app_init ] --START--
INFO: Run Behavior\BuildLiteBehavior [ RunTime:0.000038s ]
INFO: [ app_init ] --END-- [ RunTime:0.001490s ]
INFO: [ app_begin ] --START--
INFO: Run Behavior\ReadHtmlCacheBehavior [ RunTime:0.000820s ]
INFO: [ app_begin ] --END-- [ RunTime:0.000927s ]
INFO: [ view_parse ] --START--
INFO: [ template_filter ] --START--
INFO: Run Behavior\ContentReplaceBehavior [ RunTime:0.000480s ]
INFO: [ template_filter ] --END-- [ RunTime:0.000632s ]
NOTIC: [8] Undefined index: username /Users/llos/Documents/bugber/vagr_ngx_ubun16_php5/www/bgbcms/Apps/Runtime/Cache/Admin/49fd767e800d9497867636e1a9155e4a.php 第 71 行.
INFO: Run Behavior\ParseTemplateBehavior [ RunTime:0.016342s ]
INFO: [ view_parse ] --END-- [ RunTime:0.016473s ]
INFO: [ view_filter ] --START--
INFO: Run Behavior\WriteHtmlCacheBehavior [ RunTime:0.000750s ]
INFO: [ view_filter ] --END-- [ RunTime:0.000940s ]
INFO: [ app_end ] --START--
INFO: Run Behavior\ShowPageTraceBehavior [ RunTime:0.000987s ]
INFO: [ app_end ] --END-- [ RunTime:0.001149s ]

[ 2017-07-28T15:20:35+08:00 ] ::1 /index.php?m=Admin&c=Login&a=logout
INFO: [ app_init ] --START--
INFO: Run Behavior\BuildLiteBehavior [ RunTime:0.000036s ]
INFO: [ app_init ] --END-- [ RunTime:0.000551s ]
INFO: [ app_begin ] --START--
INFO: Run Behavior\ReadHtmlCacheBehavior [ RunTime:0.000612s ]
INFO: [ app_begin ] --END-- [ RunTime:0.000721s ]

[ 2017-07-28T15:20:35+08:00 ] ::1 /index.php/Admin/Login/index.html
INFO: [ app_init ] --START--
INFO: Run Behavior\BuildLiteBehavior [ RunTime:0.000025s ]
INFO: [ app_init ] --END-- [ RunTime:0.000372s ]
INFO: [ app_begin ] --START--
INFO: Run Behavior\ReadHtmlCacheBehavior [ RunTime:0.000395s ]
INFO: [ app_begin ] --END-- [ RunTime:0.000516s ]
INFO: [ view_parse ] --START--
INFO: [ template_filter ] --START--
INFO: Run Behavior\ContentReplaceBehavior [ RunTime:0.000067s ]
INFO: [ template_filter ] --END-- [ RunTime:0.000151s ]
INFO: Run Behavior\ParseTemplateBehavior [ RunTime:0.005648s ]
INFO: [ view_parse ] --END-- [ RunTime:0.005727s ]
INFO: [ view_filter ] --START--
INFO: Run Behavior\WriteHtmlCacheBehavior [ RunTime:0.000149s ]
INFO: [ view_filter ] --END-- [ RunTime:0.000216s ]
INFO: [ app_end ] --START--
INFO: Run Behavior\ShowPageTraceBehavior [ RunTime:0.000400s ]
INFO: [ app_end ] --END-- [ RunTime:0.000472s ]

[ 2017-07-28T15:20:42+08:00 ] ::1 /index.php?m=Admin&c=Login&a=check
INFO: [ app_init ] --START--
INFO: Run Behavior\BuildLiteBehavior [ RunTime:0.000025s ]
INFO: [ app_init ] --END-- [ RunTime:0.000345s ]
INFO: [ app_begin ] --START--
INFO: Run Behavior\ReadHtmlCacheBehavior [ RunTime:0.000389s ]
INFO: [ app_begin ] --END-- [ RunTime:0.000472s ]
SQL: SHOW COLUMNS FROM `bugber_user` [ RunTime:0.0288s ]
SQL: SELECT `password`,`status` FROM `bugber_user` WHERE ( username="admin" ) LIMIT 1   [ RunTime:0.0279s ]

[ 2017-07-28T15:20:44+08:00 ] ::1 /index.php/Admin/Index/index.html
INFO: [ app_init ] --START--
INFO: Run Behavior\BuildLiteBehavior [ RunTime:0.000022s ]
INFO: [ app_init ] --END-- [ RunTime:0.000332s ]
INFO: [ app_begin ] --START--
INFO: Run Behavior\ReadHtmlCacheBehavior [ RunTime:0.000369s ]
INFO: [ app_begin ] --END-- [ RunTime:0.000446s ]
INFO: [ view_parse ] --START--
INFO: [ template_filter ] --START--
INFO: Run Behavior\ContentReplaceBehavior [ RunTime:0.000089s ]
INFO: [ template_filter ] --END-- [ RunTime:0.000175s ]
INFO: Run Behavior\ParseTemplateBehavior [ RunTime:0.008079s ]
INFO: [ view_parse ] --END-- [ RunTime:0.008169s ]
INFO: [ view_filter ] --START--
INFO: Run Behavior\WriteHtmlCacheBehavior [ RunTime:0.000202s ]
INFO: [ view_filter ] --END-- [ RunTime:0.000274s ]
INFO: [ app_end ] --START--
INFO: Run Behavior\ShowPageTraceBehavior [ RunTime:0.000713s ]
INFO: [ app_end ] --END-- [ RunTime:0.000850s ]

[ 2017-07-28T15:21:58+08:00 ] ::1 /index.php?m=Admin&c=Article&a=index
INFO: [ app_init ] --START--
INFO: Run Behavior\BuildLiteBehavior [ RunTime:0.000027s ]
INFO: [ app_init ] --END-- [ RunTime:0.000776s ]
INFO: [ app_begin ] --START--
INFO: Run Behavior\ReadHtmlCacheBehavior [ RunTime:0.001053s ]
INFO: [ app_begin ] --END-- [ RunTime:0.001167s ]

[ 2017-07-28T15:21:58+08:00 ] ::1 /index.php/Admin/Article/item.html
INFO: [ app_init ] --START--
INFO: Run Behavior\BuildLiteBehavior [ RunTime:0.000025s ]
INFO: [ app_init ] --END-- [ RunTime:0.000376s ]
INFO: [ app_begin ] --START--
INFO: Run Behavior\ReadHtmlCacheBehavior [ RunTime:0.000369s ]
INFO: [ app_begin ] --END-- [ RunTime:0.000449s ]
INFO: [ view_parse ] --START--
INFO: [ template_filter ] --START--
INFO: Run Behavior\ContentReplaceBehavior [ RunTime:0.000098s ]
INFO: [ template_filter ] --END-- [ RunTime:0.000187s ]
NOTIC: [8] Undefined variable: menu_type /Users/llos/Documents/bugber/vagr_ngx_ubun16_php5/www/bgbcms/Apps/Runtime/Cache/Admin/ff874b4eae41e24ae0a265590b63794e.php 第 163 行.
NOTIC: [8] Undefined variable: menu_type /Users/llos/Documents/bugber/vagr_ngx_ubun16_php5/www/bgbcms/Apps/Runtime/Cache/Admin/ff874b4eae41e24ae0a265590b63794e.php 第 166 行.
NOTIC: [8] Undefined variable: menu_type /Users/llos/Documents/bugber/vagr_ngx_ubun16_php5/www/bgbcms/Apps/Runtime/Cache/Admin/ff874b4eae41e24ae0a265590b63794e.php 第 169 行.
NOTIC: [8] Undefined variable: contents /Users/llos/Documents/bugber/vagr_ngx_ubun16_php5/www/bgbcms/Apps/Runtime/Cache/Admin/ff874b4eae41e24ae0a265590b63794e.php 第 214 行.
NOTIC: [8] Undefined variable: currentPage /Users/llos/Documents/bugber/vagr_ngx_ubun16_php5/www/bgbcms/Apps/Runtime/Cache/Admin/ff874b4eae41e24ae0a265590b63794e.php 第 245 行.
NOTIC: [8] Undefined variable: pagecnt /Users/llos/Documents/bugber/vagr_ngx_ubun16_php5/www/bgbcms/Apps/Runtime/Cache/Admin/ff874b4eae41e24ae0a265590b63794e.php 第 249 行.
NOTIC: [8] Undefined variable: currentPage /Users/llos/Documents/bugber/vagr_ngx_ubun16_php5/www/bgbcms/Apps/Runtime/Cache/Admin/ff874b4eae41e24ae0a265590b63794e.php 第 253 行.
NOTIC: [8] Undefined variable: totalPage /Users/llos/Documents/bugber/vagr_ngx_ubun16_php5/www/bgbcms/Apps/Runtime/Cache/Admin/ff874b4eae41e24ae0a265590b63794e.php 第 254 行.
NOTIC: [8] Undefined variable: page /Users/llos/Documents/bugber/vagr_ngx_ubun16_php5/www/bgbcms/Apps/Runtime/Cache/Admin/ff874b4eae41e24ae0a265590b63794e.php 第 258 行.
INFO: Run Behavior\ParseTemplateBehavior [ RunTime:0.015610s ]
INFO: [ view_parse ] --END-- [ RunTime:0.015689s ]
INFO: [ view_filter ] --START--
INFO: Run Behavior\WriteHtmlCacheBehavior [ RunTime:0.000478s ]
INFO: [ view_filter ] --END-- [ RunTime:0.000559s ]
INFO: [ app_end ] --START--
INFO: Run Behavior\ShowPageTraceBehavior [ RunTime:0.001064s ]
INFO: [ app_end ] --END-- [ RunTime:0.001249s ]

[ 2017-07-28T15:21:59+08:00 ] ::1 /index.php?m=Admin&c=Article&a=add
INFO: [ app_init ] --START--
INFO: Run Behavior\BuildLiteBehavior [ RunTime:0.000022s ]
INFO: [ app_init ] --END-- [ RunTime:0.000333s ]
INFO: [ app_begin ] --START--
INFO: Run Behavior\ReadHtmlCacheBehavior [ RunTime:0.000354s ]
INFO: [ app_begin ] --END-- [ RunTime:0.000429s ]
INFO: [ view_parse ] --START--
INFO: [ template_filter ] --START--
INFO: Run Behavior\ContentReplaceBehavior [ RunTime:0.000092s ]
INFO: [ template_filter ] --END-- [ RunTime:0.000174s ]
INFO: Run Behavior\ParseTemplateBehavior [ RunTime:0.008564s ]
INFO: [ view_parse ] --END-- [ RunTime:0.008701s ]
INFO: [ view_filter ] --START--
INFO: Run Behavior\WriteHtmlCacheBehavior [ RunTime:0.000165s ]
INFO: [ view_filter ] --END-- [ RunTime:0.000232s ]
INFO: [ app_end ] --START--
INFO: Run Behavior\ShowPageTraceBehavior [ RunTime:0.000531s ]
INFO: [ app_end ] --END-- [ RunTime:0.000628s ]

[ 2017-07-28T15:22:01+08:00 ] ::1 /index.php?m=Admin&c=Article&a=index
INFO: [ app_init ] --START--
INFO: Run Behavior\BuildLiteBehavior [ RunTime:0.000025s ]
INFO: [ app_init ] --END-- [ RunTime:0.000334s ]
INFO: [ app_begin ] --START--
INFO: Run Behavior\ReadHtmlCacheBehavior [ RunTime:0.000364s ]
INFO: [ app_begin ] --END-- [ RunTime:0.000443s ]

[ 2017-07-28T15:22:01+08:00 ] ::1 /index.php/Admin/Article/item.html
INFO: [ app_init ] --START--
INFO: Run Behavior\BuildLiteBehavior [ RunTime:0.000021s ]
INFO: [ app_init ] --END-- [ RunTime:0.000314s ]
INFO: [ app_begin ] --START--
INFO: Run Behavior\ReadHtmlCacheBehavior [ RunTime:0.000619s ]
INFO: [ app_begin ] --END-- [ RunTime:0.000783s ]
INFO: [ view_parse ] --START--
INFO: [ template_filter ] --START--
INFO: Run Behavior\ContentReplaceBehavior [ RunTime:0.000097s ]
INFO: [ template_filter ] --END-- [ RunTime:0.000180s ]
NOTIC: [8] Undefined variable: menu_type /Users/llos/Documents/bugber/vagr_ngx_ubun16_php5/www/bgbcms/Apps/Runtime/Cache/Admin/ff874b4eae41e24ae0a265590b63794e.php 第 163 行.
NOTIC: [8] Undefined variable: menu_type /Users/llos/Documents/bugber/vagr_ngx_ubun16_php5/www/bgbcms/Apps/Runtime/Cache/Admin/ff874b4eae41e24ae0a265590b63794e.php 第 166 行.
NOTIC: [8] Undefined variable: menu_type /Users/llos/Documents/bugber/vagr_ngx_ubun16_php5/www/bgbcms/Apps/Runtime/Cache/Admin/ff874b4eae41e24ae0a265590b63794e.php 第 169 行.
NOTIC: [8] Undefined variable: contents /Users/llos/Documents/bugber/vagr_ngx_ubun16_php5/www/bgbcms/Apps/Runtime/Cache/Admin/ff874b4eae41e24ae0a265590b63794e.php 第 214 行.
NOTIC: [8] Undefined variable: currentPage /Users/llos/Documents/bugber/vagr_ngx_ubun16_php5/www/bgbcms/Apps/Runtime/Cache/Admin/ff874b4eae41e24ae0a265590b63794e.php 第 245 行.
NOTIC: [8] Undefined variable: pagecnt /Users/llos/Documents/bugber/vagr_ngx_ubun16_php5/www/bgbcms/Apps/Runtime/Cache/Admin/ff874b4eae41e24ae0a265590b63794e.php 第 249 行.
NOTIC: [8] Undefined variable: currentPage /Users/llos/Documents/bugber/vagr_ngx_ubun16_php5/www/bgbcms/Apps/Runtime/Cache/Admin/ff874b4eae41e24ae0a265590b63794e.php 第 253 行.
NOTIC: [8] Undefined variable: totalPage /Users/llos/Documents/bugber/vagr_ngx_ubun16_php5/www/bgbcms/Apps/Runtime/Cache/Admin/ff874b4eae41e24ae0a265590b63794e.php 第 254 行.
NOTIC: [8] Undefined variable: page /Users/llos/Documents/bugber/vagr_ngx_ubun16_php5/www/bgbcms/Apps/Runtime/Cache/Admin/ff874b4eae41e24ae0a265590b63794e.php 第 258 行.
INFO: Run Behavior\ParseTemplateBehavior [ RunTime:0.009656s ]
INFO: [ view_parse ] --END-- [ RunTime:0.009730s ]
INFO: [ view_filter ] --START--
INFO: Run Behavior\WriteHtmlCacheBehavior [ RunTime:0.000160s ]
INFO: [ view_filter ] --END-- [ RunTime:0.000227s ]
INFO: [ app_end ] --START--
INFO: Run Behavior\ShowPageTraceBehavior [ RunTime:0.000601s ]
INFO: [ app_end ] --END-- [ RunTime:0.000719s ]

[ 2017-07-28T15:45:40+08:00 ] ::1 /index.php/Admin/Article/item.html
INFO: [ app_init ] --START--
INFO: Run Behavior\BuildLiteBehavior [ RunTime:0.000027s ]
INFO: [ app_init ] --END-- [ RunTime:0.000721s ]
INFO: [ app_begin ] --START--
INFO: Run Behavior\ReadHtmlCacheBehavior [ RunTime:0.000711s ]
INFO: [ app_begin ] --END-- [ RunTime:0.000804s ]
INFO: [ view_parse ] --START--
INFO: [ template_filter ] --START--
INFO: Run Behavior\ContentReplaceBehavior [ RunTime:0.000099s ]
INFO: [ template_filter ] --END-- [ RunTime:0.000185s ]
NOTIC: [8] Undefined variable: menu_type /Users/llos/Documents/bugber/vagr_ngx_ubun16_php5/www/bgbcms/Apps/Runtime/Cache/Admin/ff874b4eae41e24ae0a265590b63794e.php 第 163 行.
NOTIC: [8] Undefined variable: menu_type /Users/llos/Documents/bugber/vagr_ngx_ubun16_php5/www/bgbcms/Apps/Runtime/Cache/Admin/ff874b4eae41e24ae0a265590b63794e.php 第 166 行.
NOTIC: [8] Undefined variable: menu_type /Users/llos/Documents/bugber/vagr_ngx_ubun16_php5/www/bgbcms/Apps/Runtime/Cache/Admin/ff874b4eae41e24ae0a265590b63794e.php 第 169 行.
NOTIC: [8] Undefined variable: contents /Users/llos/Documents/bugber/vagr_ngx_ubun16_php5/www/bgbcms/Apps/Runtime/Cache/Admin/ff874b4eae41e24ae0a265590b63794e.php 第 214 行.
NOTIC: [8] Undefined variable: currentPage /Users/llos/Documents/bugber/vagr_ngx_ubun16_php5/www/bgbcms/Apps/Runtime/Cache/Admin/ff874b4eae41e24ae0a265590b63794e.php 第 245 行.
NOTIC: [8] Undefined variable: pagecnt /Users/llos/Documents/bugber/vagr_ngx_ubun16_php5/www/bgbcms/Apps/Runtime/Cache/Admin/ff874b4eae41e24ae0a265590b63794e.php 第 249 行.
NOTIC: [8] Undefined variable: currentPage /Users/llos/Documents/bugber/vagr_ngx_ubun16_php5/www/bgbcms/Apps/Runtime/Cache/Admin/ff874b4eae41e24ae0a265590b63794e.php 第 253 行.
NOTIC: [8] Undefined variable: totalPage /Users/llos/Documents/bugber/vagr_ngx_ubun16_php5/www/bgbcms/Apps/Runtime/Cache/Admin/ff874b4eae41e24ae0a265590b63794e.php 第 254 行.
NOTIC: [8] Undefined variable: page /Users/llos/Documents/bugber/vagr_ngx_ubun16_php5/www/bgbcms/Apps/Runtime/Cache/Admin/ff874b4eae41e24ae0a265590b63794e.php 第 258 行.
INFO: Run Behavior\ParseTemplateBehavior [ RunTime:0.014817s ]
INFO: [ view_parse ] --END-- [ RunTime:0.014907s ]
INFO: [ view_filter ] --START--
INFO: Run Behavior\WriteHtmlCacheBehavior [ RunTime:0.000508s ]
INFO: [ view_filter ] --END-- [ RunTime:0.000602s ]
INFO: [ app_end ] --START--
INFO: Run Behavior\ShowPageTraceBehavior [ RunTime:0.000871s ]
INFO: [ app_end ] --END-- [ RunTime:0.000993s ]

[ 2017-07-28T15:45:44+08:00 ] ::1 /index.php?m=Admin&c=Login&a=logout
INFO: [ app_init ] --START--
INFO: Run Behavior\BuildLiteBehavior [ RunTime:0.000034s ]
INFO: [ app_init ] --END-- [ RunTime:0.000732s ]
INFO: [ app_begin ] --START--
INFO: Run Behavior\ReadHtmlCacheBehavior [ RunTime:0.000678s ]
INFO: [ app_begin ] --END-- [ RunTime:0.000770s ]

[ 2017-07-28T15:45:44+08:00 ] ::1 /index.php/Admin/Login/index.html
INFO: [ app_init ] --START--
INFO: Run Behavior\BuildLiteBehavior [ RunTime:0.000024s ]
INFO: [ app_init ] --END-- [ RunTime:0.000359s ]
INFO: [ app_begin ] --START--
INFO: Run Behavior\ReadHtmlCacheBehavior [ RunTime:0.000607s ]
INFO: [ app_begin ] --END-- [ RunTime:0.000738s ]
INFO: [ view_parse ] --START--
INFO: [ template_filter ] --START--
INFO: Run Behavior\ContentReplaceBehavior [ RunTime:0.000068s ]
INFO: [ template_filter ] --END-- [ RunTime:0.000153s ]
INFO: Run Behavior\ParseTemplateBehavior [ RunTime:0.005572s ]
INFO: [ view_parse ] --END-- [ RunTime:0.005666s ]
INFO: [ view_filter ] --START--
INFO: Run Behavior\WriteHtmlCacheBehavior [ RunTime:0.000182s ]
INFO: [ view_filter ] --END-- [ RunTime:0.000258s ]
INFO: [ app_end ] --START--
INFO: Run Behavior\ShowPageTraceBehavior [ RunTime:0.000418s ]
INFO: [ app_end ] --END-- [ RunTime:0.000491s ]

[ 2017-07-28T15:45:51+08:00 ] ::1 /index.php?m=Admin&c=Login&a=check
INFO: [ app_init ] --START--
INFO: Run Behavior\BuildLiteBehavior [ RunTime:0.000023s ]
INFO: [ app_init ] --END-- [ RunTime:0.000323s ]
INFO: [ app_begin ] --START--
INFO: Run Behavior\ReadHtmlCacheBehavior [ RunTime:0.000356s ]
INFO: [ app_begin ] --END-- [ RunTime:0.000424s ]
SQL: SHOW COLUMNS FROM `bgbcms_user` [ RunTime:0.0288s ]
SQL: SELECT `password`,`status` FROM `bgbcms_user` WHERE ( username="admin" ) LIMIT 1   [ RunTime:0.0282s ]

[ 2017-07-28T15:45:53+08:00 ] ::1 /index.php/Admin/Index/index.html
INFO: [ app_init ] --START--
INFO: Run Behavior\BuildLiteBehavior [ RunTime:0.000025s ]
INFO: [ app_init ] --END-- [ RunTime:0.000494s ]
INFO: [ app_begin ] --START--
INFO: Run Behavior\ReadHtmlCacheBehavior [ RunTime:0.000389s ]
INFO: [ app_begin ] --END-- [ RunTime:0.000467s ]
INFO: [ view_parse ] --START--
INFO: [ template_filter ] --START--
INFO: Run Behavior\ContentReplaceBehavior [ RunTime:0.000091s ]
INFO: [ template_filter ] --END-- [ RunTime:0.000185s ]
INFO: Run Behavior\ParseTemplateBehavior [ RunTime:0.007691s ]
INFO: [ view_parse ] --END-- [ RunTime:0.007783s ]
INFO: [ view_filter ] --START--
INFO: Run Behavior\WriteHtmlCacheBehavior [ RunTime:0.000162s ]
INFO: [ view_filter ] --END-- [ RunTime:0.000231s ]
INFO: [ app_end ] --START--
INFO: Run Behavior\ShowPageTraceBehavior [ RunTime:0.000609s ]
INFO: [ app_end ] --END-- [ RunTime:0.000721s ]

[ 2017-07-28T15:45:56+08:00 ] ::1 /index.php?m=Admin&c=Article&a=index
INFO: [ app_init ] --START--
INFO: Run Behavior\BuildLiteBehavior [ RunTime:0.000023s ]
INFO: [ app_init ] --END-- [ RunTime:0.000331s ]
INFO: [ app_begin ] --START--
INFO: Run Behavior\ReadHtmlCacheBehavior [ RunTime:0.000468s ]
INFO: [ app_begin ] --END-- [ RunTime:0.000571s ]

[ 2017-07-28T15:45:56+08:00 ] ::1 /index.php/Admin/Article/item.html
INFO: [ app_init ] --START--
INFO: Run Behavior\BuildLiteBehavior [ RunTime:0.000023s ]
INFO: [ app_init ] --END-- [ RunTime:0.000465s ]
INFO: [ app_begin ] --START--
INFO: Run Behavior\ReadHtmlCacheBehavior [ RunTime:0.000379s ]
INFO: [ app_begin ] --END-- [ RunTime:0.000455s ]
INFO: [ view_parse ] --START--
INFO: [ template_filter ] --START--
INFO: Run Behavior\ContentReplaceBehavior [ RunTime:0.000096s ]
INFO: [ template_filter ] --END-- [ RunTime:0.000178s ]
NOTIC: [8] Undefined variable: menu_type /Users/llos/Documents/bugber/vagr_ngx_ubun16_php5/www/bgbcms/Apps/Runtime/Cache/Admin/ff874b4eae41e24ae0a265590b63794e.php 第 163 行.
NOTIC: [8] Undefined variable: menu_type /Users/llos/Documents/bugber/vagr_ngx_ubun16_php5/www/bgbcms/Apps/Runtime/Cache/Admin/ff874b4eae41e24ae0a265590b63794e.php 第 166 行.
NOTIC: [8] Undefined variable: menu_type /Users/llos/Documents/bugber/vagr_ngx_ubun16_php5/www/bgbcms/Apps/Runtime/Cache/Admin/ff874b4eae41e24ae0a265590b63794e.php 第 169 行.
NOTIC: [8] Undefined variable: contents /Users/llos/Documents/bugber/vagr_ngx_ubun16_php5/www/bgbcms/Apps/Runtime/Cache/Admin/ff874b4eae41e24ae0a265590b63794e.php 第 214 行.
NOTIC: [8] Undefined variable: currentPage /Users/llos/Documents/bugber/vagr_ngx_ubun16_php5/www/bgbcms/Apps/Runtime/Cache/Admin/ff874b4eae41e24ae0a265590b63794e.php 第 245 行.
NOTIC: [8] Undefined variable: pagecnt /Users/llos/Documents/bugber/vagr_ngx_ubun16_php5/www/bgbcms/Apps/Runtime/Cache/Admin/ff874b4eae41e24ae0a265590b63794e.php 第 249 行.
NOTIC: [8] Undefined variable: currentPage /Users/llos/Documents/bugber/vagr_ngx_ubun16_php5/www/bgbcms/Apps/Runtime/Cache/Admin/ff874b4eae41e24ae0a265590b63794e.php 第 253 行.
NOTIC: [8] Undefined variable: totalPage /Users/llos/Documents/bugber/vagr_ngx_ubun16_php5/www/bgbcms/Apps/Runtime/Cache/Admin/ff874b4eae41e24ae0a265590b63794e.php 第 254 行.
NOTIC: [8] Undefined variable: page /Users/llos/Documents/bugber/vagr_ngx_ubun16_php5/www/bgbcms/Apps/Runtime/Cache/Admin/ff874b4eae41e24ae0a265590b63794e.php 第 258 行.
INFO: Run Behavior\ParseTemplateBehavior [ RunTime:0.009919s ]
INFO: [ view_parse ] --END-- [ RunTime:0.009993s ]
INFO: [ view_filter ] --START--
INFO: Run Behavior\WriteHtmlCacheBehavior [ RunTime:0.000154s ]
INFO: [ view_filter ] --END-- [ RunTime:0.000221s ]
INFO: [ app_end ] --START--
INFO: Run Behavior\ShowPageTraceBehavior [ RunTime:0.000585s ]
INFO: [ app_end ] --END-- [ RunTime:0.000721s ]

[ 2017-07-28T15:45:57+08:00 ] ::1 /index.php?m=Admin&c=Menu&a=index
INFO: [ app_init ] --START--
INFO: Run Behavior\BuildLiteBehavior [ RunTime:0.000024s ]
INFO: [ app_init ] --END-- [ RunTime:0.000335s ]
INFO: [ app_begin ] --START--
INFO: Run Behavior\ReadHtmlCacheBehavior [ RunTime:0.000356s ]
INFO: [ app_begin ] --END-- [ RunTime:0.000434s ]
NOTIC: [8] Undefined index: type /Users/llos/Documents/bugber/vagr_ngx_ubun16_php5/www/bgbcms/Apps/Admin/Controller/MenuController.class.php 第 28 行.
NOTIC: [8] Undefined index: p /Users/llos/Documents/bugber/vagr_ngx_ubun16_php5/www/bgbcms/Apps/Admin/Controller/MenuController.class.php 第 29 行.
NOTIC: [8] Undefined index: pageSize /Users/llos/Documents/bugber/vagr_ngx_ubun16_php5/www/bgbcms/Apps/Admin/Controller/MenuController.class.php 第 30 行.
SQL: SHOW COLUMNS FROM `bgbcms_menu` [ RunTime:0.0276s ]
SQL: SELECT `order`,`id`,`name`,`mname`,`type`,`state` FROM `bgbcms_menu` ORDER BY `order`,`id` LIMIT 0,2   [ RunTime:0.0275s ]
SQL: SELECT COUNT(*) AS tp_count FROM `bgbcms_menu` LIMIT 1   [ RunTime:0.0274s ]
INFO: [ view_parse ] --START--
INFO: [ template_filter ] --START--
INFO: Run Behavior\ContentReplaceBehavior [ RunTime:0.000096s ]
INFO: [ template_filter ] --END-- [ RunTime:0.000209s ]
NOTIC: [8] Undefined variable: page /Users/llos/Documents/bugber/vagr_ngx_ubun16_php5/www/bgbcms/Apps/Runtime/Cache/Admin/db3da01c8f36ad38f6ba709720b2de06.php 第 234 行.
INFO: Run Behavior\ParseTemplateBehavior [ RunTime:0.011258s ]
INFO: [ view_parse ] --END-- [ RunTime:0.011359s ]
INFO: [ view_filter ] --START--
INFO: Run Behavior\WriteHtmlCacheBehavior [ RunTime:0.000281s ]
INFO: [ view_filter ] --END-- [ RunTime:0.000379s ]
INFO: [ app_end ] --START--
INFO: Run Behavior\ShowPageTraceBehavior [ RunTime:0.000734s ]
INFO: [ app_end ] --END-- [ RunTime:0.000865s ]

[ 2017-07-28T15:46:00+08:00 ] ::1 /index.php?m=Admin
INFO: [ app_init ] --START--
INFO: Run Behavior\BuildLiteBehavior [ RunTime:0.000023s ]
INFO: [ app_init ] --END-- [ RunTime:0.000337s ]
INFO: [ app_begin ] --START--
INFO: Run Behavior\ReadHtmlCacheBehavior [ RunTime:0.000352s ]
INFO: [ app_begin ] --END-- [ RunTime:0.000429s ]
INFO: [ view_parse ] --START--
INFO: [ template_filter ] --START--
INFO: Run Behavior\ContentReplaceBehavior [ RunTime:0.000115s ]
INFO: [ template_filter ] --END-- [ RunTime:0.000227s ]
INFO: Run Behavior\ParseTemplateBehavior [ RunTime:0.006739s ]
INFO: [ view_parse ] --END-- [ RunTime:0.006830s ]
INFO: [ view_filter ] --START--
INFO: Run Behavior\WriteHtmlCacheBehavior [ RunTime:0.000185s ]
INFO: [ view_filter ] --END-- [ RunTime:0.000255s ]
INFO: [ app_end ] --START--
INFO: Run Behavior\ShowPageTraceBehavior [ RunTime:0.000637s ]
INFO: [ app_end ] --END-- [ RunTime:0.000766s ]

[ 2017-07-28T15:46:01+08:00 ] ::1 /index.php?m=Admin&c=Article&a=index
INFO: [ app_init ] --START--
INFO: Run Behavior\BuildLiteBehavior [ RunTime:0.000024s ]
INFO: [ app_init ] --END-- [ RunTime:0.000335s ]
INFO: [ app_begin ] --START--
INFO: Run Behavior\ReadHtmlCacheBehavior [ RunTime:0.000611s ]
INFO: [ app_begin ] --END-- [ RunTime:0.000744s ]

[ 2017-07-28T15:46:01+08:00 ] ::1 /index.php/Admin/Article/item.html
INFO: [ app_init ] --START--
INFO: Run Behavior\BuildLiteBehavior [ RunTime:0.000022s ]
INFO: [ app_init ] --END-- [ RunTime:0.000328s ]
INFO: [ app_begin ] --START--
INFO: Run Behavior\ReadHtmlCacheBehavior [ RunTime:0.000354s ]
INFO: [ app_begin ] --END-- [ RunTime:0.000428s ]
INFO: [ view_parse ] --START--
INFO: [ template_filter ] --START--
INFO: Run Behavior\ContentReplaceBehavior [ RunTime:0.000095s ]
INFO: [ template_filter ] --END-- [ RunTime:0.000174s ]
NOTIC: [8] Undefined variable: menu_type /Users/llos/Documents/bugber/vagr_ngx_ubun16_php5/www/bgbcms/Apps/Runtime/Cache/Admin/ff874b4eae41e24ae0a265590b63794e.php 第 163 行.
NOTIC: [8] Undefined variable: menu_type /Users/llos/Documents/bugber/vagr_ngx_ubun16_php5/www/bgbcms/Apps/Runtime/Cache/Admin/ff874b4eae41e24ae0a265590b63794e.php 第 166 行.
NOTIC: [8] Undefined variable: menu_type /Users/llos/Documents/bugber/vagr_ngx_ubun16_php5/www/bgbcms/Apps/Runtime/Cache/Admin/ff874b4eae41e24ae0a265590b63794e.php 第 169 行.
NOTIC: [8] Undefined variable: contents /Users/llos/Documents/bugber/vagr_ngx_ubun16_php5/www/bgbcms/Apps/Runtime/Cache/Admin/ff874b4eae41e24ae0a265590b63794e.php 第 214 行.
NOTIC: [8] Undefined variable: currentPage /Users/llos/Documents/bugber/vagr_ngx_ubun16_php5/www/bgbcms/Apps/Runtime/Cache/Admin/ff874b4eae41e24ae0a265590b63794e.php 第 245 行.
NOTIC: [8] Undefined variable: pagecnt /Users/llos/Documents/bugber/vagr_ngx_ubun16_php5/www/bgbcms/Apps/Runtime/Cache/Admin/ff874b4eae41e24ae0a265590b63794e.php 第 249 行.
NOTIC: [8] Undefined variable: currentPage /Users/llos/Documents/bugber/vagr_ngx_ubun16_php5/www/bgbcms/Apps/Runtime/Cache/Admin/ff874b4eae41e24ae0a265590b63794e.php 第 253 行.
NOTIC: [8] Undefined variable: totalPage /Users/llos/Documents/bugber/vagr_ngx_ubun16_php5/www/bgbcms/Apps/Runtime/Cache/Admin/ff874b4eae41e24ae0a265590b63794e.php 第 254 行.
NOTIC: [8] Undefined variable: page /Users/llos/Documents/bugber/vagr_ngx_ubun16_php5/www/bgbcms/Apps/Runtime/Cache/Admin/ff874b4eae41e24ae0a265590b63794e.php 第 258 行.
INFO: Run Behavior\ParseTemplateBehavior [ RunTime:0.009520s ]
INFO: [ view_parse ] --END-- [ RunTime:0.009594s ]
INFO: [ view_filter ] --START--
INFO: Run Behavior\WriteHtmlCacheBehavior [ RunTime:0.000160s ]
INFO: [ view_filter ] --END-- [ RunTime:0.000226s ]
INFO: [ app_end ] --START--
INFO: Run Behavior\ShowPageTraceBehavior [ RunTime:0.000502s ]
INFO: [ app_end ] --END-- [ RunTime:0.000602s ]

[ 2017-07-28T15:46:02+08:00 ] ::1 /index.php?m=Admin&c=Menu&a=index
INFO: [ app_init ] --START--
INFO: Run Behavior\BuildLiteBehavior [ RunTime:0.000023s ]
INFO: [ app_init ] --END-- [ RunTime:0.000318s ]
INFO: [ app_begin ] --START--
INFO: Run Behavior\ReadHtmlCacheBehavior [ RunTime:0.000381s ]
INFO: [ app_begin ] --END-- [ RunTime:0.000456s ]
NOTIC: [8] Undefined index: type /Users/llos/Documents/bugber/vagr_ngx_ubun16_php5/www/bgbcms/Apps/Admin/Controller/MenuController.class.php 第 28 行.
NOTIC: [8] Undefined index: p /Users/llos/Documents/bugber/vagr_ngx_ubun16_php5/www/bgbcms/Apps/Admin/Controller/MenuController.class.php 第 29 行.
NOTIC: [8] Undefined index: pageSize /Users/llos/Documents/bugber/vagr_ngx_ubun16_php5/www/bgbcms/Apps/Admin/Controller/MenuController.class.php 第 30 行.
SQL: SHOW COLUMNS FROM `bgbcms_menu` [ RunTime:0.0281s ]
SQL: SELECT `order`,`id`,`name`,`mname`,`type`,`state` FROM `bgbcms_menu` ORDER BY `order`,`id` LIMIT 0,2   [ RunTime:0.0275s ]
SQL: SELECT COUNT(*) AS tp_count FROM `bgbcms_menu` LIMIT 1   [ RunTime:0.0273s ]
INFO: [ view_parse ] --START--
INFO: [ template_filter ] --START--
INFO: Run Behavior\ContentReplaceBehavior [ RunTime:0.000100s ]
INFO: [ template_filter ] --END-- [ RunTime:0.000186s ]
NOTIC: [8] Undefined variable: page /Users/llos/Documents/bugber/vagr_ngx_ubun16_php5/www/bgbcms/Apps/Runtime/Cache/Admin/db3da01c8f36ad38f6ba709720b2de06.php 第 234 行.
INFO: Run Behavior\ParseTemplateBehavior [ RunTime:0.010288s ]
INFO: [ view_parse ] --END-- [ RunTime:0.010415s ]
INFO: [ view_filter ] --START--
INFO: Run Behavior\WriteHtmlCacheBehavior [ RunTime:0.000169s ]
INFO: [ view_filter ] --END-- [ RunTime:0.000239s ]
INFO: [ app_end ] --START--
INFO: Run Behavior\ShowPageTraceBehavior [ RunTime:0.000524s ]
INFO: [ app_end ] --END-- [ RunTime:0.000615s ]

[ 2017-07-28T15:46:05+08:00 ] ::1 /index.php?m=Admin
INFO: [ app_init ] --START--
INFO: Run Behavior\BuildLiteBehavior [ RunTime:0.000023s ]
INFO: [ app_init ] --END-- [ RunTime:0.000408s ]
INFO: [ app_begin ] --START--
INFO: Run Behavior\ReadHtmlCacheBehavior [ RunTime:0.000365s ]
INFO: [ app_begin ] --END-- [ RunTime:0.000441s ]
INFO: [ view_parse ] --START--
INFO: [ template_filter ] --START--
INFO: Run Behavior\ContentReplaceBehavior [ RunTime:0.000086s ]
INFO: [ template_filter ] --END-- [ RunTime:0.000172s ]
INFO: Run Behavior\ParseTemplateBehavior [ RunTime:0.006334s ]
INFO: [ view_parse ] --END-- [ RunTime:0.006427s ]
INFO: [ view_filter ] --START--
INFO: Run Behavior\WriteHtmlCacheBehavior [ RunTime:0.000147s ]
INFO: [ view_filter ] --END-- [ RunTime:0.000212s ]
INFO: [ app_end ] --START--
INFO: Run Behavior\ShowPageTraceBehavior [ RunTime:0.000542s ]
INFO: [ app_end ] --END-- [ RunTime:0.000657s ]

[ 2017-07-28T15:46:06+08:00 ] ::1 /index.php?m=Admin&c=Article&a=index
INFO: [ app_init ] --START--
INFO: Run Behavior\BuildLiteBehavior [ RunTime:0.000023s ]
INFO: [ app_init ] --END-- [ RunTime:0.000326s ]
INFO: [ app_begin ] --START--
INFO: Run Behavior\ReadHtmlCacheBehavior [ RunTime:0.000351s ]
INFO: [ app_begin ] --END-- [ RunTime:0.000429s ]

[ 2017-07-28T15:46:06+08:00 ] ::1 /index.php/Admin/Article/item.html
INFO: [ app_init ] --START--
INFO: Run Behavior\BuildLiteBehavior [ RunTime:0.000022s ]
INFO: [ app_init ] --END-- [ RunTime:0.000332s ]
INFO: [ app_begin ] --START--
INFO: Run Behavior\ReadHtmlCacheBehavior [ RunTime:0.000360s ]
INFO: [ app_begin ] --END-- [ RunTime:0.000436s ]
INFO: [ view_parse ] --START--
INFO: [ template_filter ] --START--
INFO: Run Behavior\ContentReplaceBehavior [ RunTime:0.000134s ]
INFO: [ template_filter ] --END-- [ RunTime:0.000249s ]
NOTIC: [8] Undefined variable: menu_type /Users/llos/Documents/bugber/vagr_ngx_ubun16_php5/www/bgbcms/Apps/Runtime/Cache/Admin/ff874b4eae41e24ae0a265590b63794e.php 第 163 行.
NOTIC: [8] Undefined variable: menu_type /Users/llos/Documents/bugber/vagr_ngx_ubun16_php5/www/bgbcms/Apps/Runtime/Cache/Admin/ff874b4eae41e24ae0a265590b63794e.php 第 166 行.
NOTIC: [8] Undefined variable: menu_type /Users/llos/Documents/bugber/vagr_ngx_ubun16_php5/www/bgbcms/Apps/Runtime/Cache/Admin/ff874b4eae41e24ae0a265590b63794e.php 第 169 行.
NOTIC: [8] Undefined variable: contents /Users/llos/Documents/bugber/vagr_ngx_ubun16_php5/www/bgbcms/Apps/Runtime/Cache/Admin/ff874b4eae41e24ae0a265590b63794e.php 第 214 行.
NOTIC: [8] Undefined variable: currentPage /Users/llos/Documents/bugber/vagr_ngx_ubun16_php5/www/bgbcms/Apps/Runtime/Cache/Admin/ff874b4eae41e24ae0a265590b63794e.php 第 245 行.
NOTIC: [8] Undefined variable: pagecnt /Users/llos/Documents/bugber/vagr_ngx_ubun16_php5/www/bgbcms/Apps/Runtime/Cache/Admin/ff874b4eae41e24ae0a265590b63794e.php 第 249 行.
NOTIC: [8] Undefined variable: currentPage /Users/llos/Documents/bugber/vagr_ngx_ubun16_php5/www/bgbcms/Apps/Runtime/Cache/Admin/ff874b4eae41e24ae0a265590b63794e.php 第 253 行.
NOTIC: [8] Undefined variable: totalPage /Users/llos/Documents/bugber/vagr_ngx_ubun16_php5/www/bgbcms/Apps/Runtime/Cache/Admin/ff874b4eae41e24ae0a265590b63794e.php 第 254 行.
NOTIC: [8] Undefined variable: page /Users/llos/Documents/bugber/vagr_ngx_ubun16_php5/www/bgbcms/Apps/Runtime/Cache/Admin/ff874b4eae41e24ae0a265590b63794e.php 第 258 行.
INFO: Run Behavior\ParseTemplateBehavior [ RunTime:0.011807s ]
INFO: [ view_parse ] --END-- [ RunTime:0.011896s ]
INFO: [ view_filter ] --START--
INFO: Run Behavior\WriteHtmlCacheBehavior [ RunTime:0.000166s ]
INFO: [ view_filter ] --END-- [ RunTime:0.000235s ]
INFO: [ app_end ] --START--
INFO: Run Behavior\ShowPageTraceBehavior [ RunTime:0.000557s ]
INFO: [ app_end ] --END-- [ RunTime:0.000651s ]

[ 2017-07-28T15:49:42+08:00 ] ::1 /index.php?m=Admin&c=Article&a=index
INFO: [ app_init ] --START--
INFO: Run Behavior\BuildLiteBehavior [ RunTime:0.000028s ]
INFO: [ app_init ] --END-- [ RunTime:0.000735s ]
INFO: [ app_begin ] --START--
INFO: Run Behavior\ReadHtmlCacheBehavior [ RunTime:0.000724s ]
INFO: [ app_begin ] --END-- [ RunTime:0.000820s ]

[ 2017-07-28T15:49:42+08:00 ] ::1 /index.php/Admin/Article/item.html
INFO: [ app_init ] --START--
INFO: Run Behavior\BuildLiteBehavior [ RunTime:0.000022s ]
INFO: [ app_init ] --END-- [ RunTime:0.000344s ]
INFO: [ app_begin ] --START--
INFO: Run Behavior\ReadHtmlCacheBehavior [ RunTime:0.000359s ]
INFO: [ app_begin ] --END-- [ RunTime:0.000434s ]
INFO: [ view_parse ] --START--
INFO: [ template_filter ] --START--
INFO: Run Behavior\ContentReplaceBehavior [ RunTime:0.000152s ]
INFO: [ template_filter ] --END-- [ RunTime:0.000323s ]
NOTIC: [8] Undefined variable: menu_type /Users/llos/Documents/bugber/vagr_ngx_ubun16_php5/www/bgbcms/Apps/Runtime/Cache/Admin/ff874b4eae41e24ae0a265590b63794e.php 第 163 行.
NOTIC: [8] Undefined variable: menu_type /Users/llos/Documents/bugber/vagr_ngx_ubun16_php5/www/bgbcms/Apps/Runtime/Cache/Admin/ff874b4eae41e24ae0a265590b63794e.php 第 166 行.
NOTIC: [8] Undefined variable: menu_type /Users/llos/Documents/bugber/vagr_ngx_ubun16_php5/www/bgbcms/Apps/Runtime/Cache/Admin/ff874b4eae41e24ae0a265590b63794e.php 第 169 行.
NOTIC: [8] Undefined variable: contents /Users/llos/Documents/bugber/vagr_ngx_ubun16_php5/www/bgbcms/Apps/Runtime/Cache/Admin/ff874b4eae41e24ae0a265590b63794e.php 第 214 行.
NOTIC: [8] Undefined variable: currentPage /Users/llos/Documents/bugber/vagr_ngx_ubun16_php5/www/bgbcms/Apps/Runtime/Cache/Admin/ff874b4eae41e24ae0a265590b63794e.php 第 245 行.
NOTIC: [8] Undefined variable: pagecnt /Users/llos/Documents/bugber/vagr_ngx_ubun16_php5/www/bgbcms/Apps/Runtime/Cache/Admin/ff874b4eae41e24ae0a265590b63794e.php 第 249 行.
NOTIC: [8] Undefined variable: currentPage /Users/llos/Documents/bugber/vagr_ngx_ubun16_php5/www/bgbcms/Apps/Runtime/Cache/Admin/ff874b4eae41e24ae0a265590b63794e.php 第 253 行.
NOTIC: [8] Undefined variable: totalPage /Users/llos/Documents/bugber/vagr_ngx_ubun16_php5/www/bgbcms/Apps/Runtime/Cache/Admin/ff874b4eae41e24ae0a265590b63794e.php 第 254 行.
NOTIC: [8] Undefined variable: page /Users/llos/Documents/bugber/vagr_ngx_ubun16_php5/www/bgbcms/Apps/Runtime/Cache/Admin/ff874b4eae41e24ae0a265590b63794e.php 第 258 行.
INFO: Run Behavior\ParseTemplateBehavior [ RunTime:0.018056s ]
INFO: [ view_parse ] --END-- [ RunTime:0.018161s ]
INFO: [ view_filter ] --START--
INFO: Run Behavior\WriteHtmlCacheBehavior [ RunTime:0.000554s ]
INFO: [ view_filter ] --END-- [ RunTime:0.000691s ]
INFO: [ app_end ] --START--
INFO: Run Behavior\ShowPageTraceBehavior [ RunTime:0.001040s ]
INFO: [ app_end ] --END-- [ RunTime:0.001186s ]

[ 2017-07-28T15:49:44+08:00 ] ::1 /index.php?m=Admin&c=Article&a=add
INFO: [ app_init ] --START--
INFO: Run Behavior\BuildLiteBehavior [ RunTime:0.000023s ]
INFO: [ app_init ] --END-- [ RunTime:0.000340s ]
INFO: [ app_begin ] --START--
INFO: Run Behavior\ReadHtmlCacheBehavior [ RunTime:0.000510s ]
INFO: [ app_begin ] --END-- [ RunTime:0.000590s ]
INFO: [ view_parse ] --START--
INFO: [ template_filter ] --START--
INFO: Run Behavior\ContentReplaceBehavior [ RunTime:0.000091s ]
INFO: [ template_filter ] --END-- [ RunTime:0.000172s ]
INFO: Run Behavior\ParseTemplateBehavior [ RunTime:0.007008s ]
INFO: [ view_parse ] --END-- [ RunTime:0.007093s ]
INFO: [ view_filter ] --START--
INFO: Run Behavior\WriteHtmlCacheBehavior [ RunTime:0.000164s ]
INFO: [ view_filter ] --END-- [ RunTime:0.000233s ]
INFO: [ app_end ] --START--
INFO: Run Behavior\ShowPageTraceBehavior [ RunTime:0.000534s ]
INFO: [ app_end ] --END-- [ RunTime:0.000632s ]

[ 2017-07-28T15:50:06+08:00 ] ::1 /index.php?m=Admin
INFO: [ app_init ] --START--
INFO: Run Behavior\BuildLiteBehavior [ RunTime:0.000025s ]
INFO: [ app_init ] --END-- [ RunTime:0.000338s ]
INFO: [ app_begin ] --START--
INFO: Run Behavior\ReadHtmlCacheBehavior [ RunTime:0.000353s ]
INFO: [ app_begin ] --END-- [ RunTime:0.000431s ]
INFO: [ view_parse ] --START--
INFO: [ template_filter ] --START--
INFO: Run Behavior\ContentReplaceBehavior [ RunTime:0.000087s ]
INFO: [ template_filter ] --END-- [ RunTime:0.000171s ]
INFO: Run Behavior\ParseTemplateBehavior [ RunTime:0.006707s ]
INFO: [ view_parse ] --END-- [ RunTime:0.006797s ]
INFO: [ view_filter ] --START--
INFO: Run Behavior\WriteHtmlCacheBehavior [ RunTime:0.000151s ]
INFO: [ view_filter ] --END-- [ RunTime:0.000217s ]
INFO: [ app_end ] --START--
INFO: Run Behavior\ShowPageTraceBehavior [ RunTime:0.000493s ]
INFO: [ app_end ] --END-- [ RunTime:0.000593s ]

[ 2017-07-28T15:50:08+08:00 ] ::1 /index.php?m=Admin&c=Menu&a=index
INFO: [ app_init ] --START--
INFO: Run Behavior\BuildLiteBehavior [ RunTime:0.000026s ]
INFO: [ app_init ] --END-- [ RunTime:0.000480s ]
INFO: [ app_begin ] --START--
INFO: Run Behavior\ReadHtmlCacheBehavior [ RunTime:0.000476s ]
INFO: [ app_begin ] --END-- [ RunTime:0.000567s ]
NOTIC: [8] Undefined index: type /Users/llos/Documents/bugber/vagr_ngx_ubun16_php5/www/bgbcms/Apps/Admin/Controller/MenuController.class.php 第 28 行.
NOTIC: [8] Undefined index: p /Users/llos/Documents/bugber/vagr_ngx_ubun16_php5/www/bgbcms/Apps/Admin/Controller/MenuController.class.php 第 29 行.
NOTIC: [8] Undefined index: pageSize /Users/llos/Documents/bugber/vagr_ngx_ubun16_php5/www/bgbcms/Apps/Admin/Controller/MenuController.class.php 第 30 行.
SQL: SHOW COLUMNS FROM `bgbcms_menu` [ RunTime:0.0291s ]
SQL: SELECT `order`,`id`,`name`,`mname`,`type`,`state` FROM `bgbcms_menu` ORDER BY `order`,`id` LIMIT 0,2   [ RunTime:0.0283s ]
SQL: SELECT COUNT(*) AS tp_count FROM `bgbcms_menu` LIMIT 1   [ RunTime:0.0279s ]
INFO: [ view_parse ] --START--
INFO: [ template_filter ] --START--
INFO: Run Behavior\ContentReplaceBehavior [ RunTime:0.000095s ]
INFO: [ template_filter ] --END-- [ RunTime:0.000175s ]
NOTIC: [8] Undefined variable: page /Users/llos/Documents/bugber/vagr_ngx_ubun16_php5/www/bgbcms/Apps/Runtime/Cache/Admin/db3da01c8f36ad38f6ba709720b2de06.php 第 234 行.
INFO: Run Behavior\ParseTemplateBehavior [ RunTime:0.010790s ]
INFO: [ view_parse ] --END-- [ RunTime:0.010887s ]
INFO: [ view_filter ] --START--
INFO: Run Behavior\WriteHtmlCacheBehavior [ RunTime:0.000180s ]
INFO: [ view_filter ] --END-- [ RunTime:0.000250s ]
INFO: [ app_end ] --START--
INFO: Run Behavior\ShowPageTraceBehavior [ RunTime:0.000611s ]
INFO: [ app_end ] --END-- [ RunTime:0.000772s ]

[ 2017-07-28T15:50:10+08:00 ] ::1 /index.php?m=Admin&c=Article&a=index
INFO: [ app_init ] --START--
INFO: Run Behavior\BuildLiteBehavior [ RunTime:0.000023s ]
INFO: [ app_init ] --END-- [ RunTime:0.000337s ]
INFO: [ app_begin ] --START--
INFO: Run Behavior\ReadHtmlCacheBehavior [ RunTime:0.000350s ]
INFO: [ app_begin ] --END-- [ RunTime:0.000426s ]

[ 2017-07-28T15:50:10+08:00 ] ::1 /index.php/Admin/Article/item.html
INFO: [ app_init ] --START--
INFO: Run Behavior\BuildLiteBehavior [ RunTime:0.000025s ]
INFO: [ app_init ] --END-- [ RunTime:0.000360s ]
INFO: [ app_begin ] --START--
INFO: Run Behavior\ReadHtmlCacheBehavior [ RunTime:0.000548s ]
INFO: [ app_begin ] --END-- [ RunTime:0.000653s ]
INFO: [ view_parse ] --START--
INFO: [ template_filter ] --START--
INFO: Run Behavior\ContentReplaceBehavior [ RunTime:0.000099s ]
INFO: [ template_filter ] --END-- [ RunTime:0.000184s ]
NOTIC: [8] Undefined variable: menu_type /Users/llos/Documents/bugber/vagr_ngx_ubun16_php5/www/bgbcms/Apps/Runtime/Cache/Admin/ff874b4eae41e24ae0a265590b63794e.php 第 163 行.
NOTIC: [8] Undefined variable: menu_type /Users/llos/Documents/bugber/vagr_ngx_ubun16_php5/www/bgbcms/Apps/Runtime/Cache/Admin/ff874b4eae41e24ae0a265590b63794e.php 第 166 行.
NOTIC: [8] Undefined variable: menu_type /Users/llos/Documents/bugber/vagr_ngx_ubun16_php5/www/bgbcms/Apps/Runtime/Cache/Admin/ff874b4eae41e24ae0a265590b63794e.php 第 169 行.
NOTIC: [8] Undefined variable: contents /Users/llos/Documents/bugber/vagr_ngx_ubun16_php5/www/bgbcms/Apps/Runtime/Cache/Admin/ff874b4eae41e24ae0a265590b63794e.php 第 214 行.
NOTIC: [8] Undefined variable: currentPage /Users/llos/Documents/bugber/vagr_ngx_ubun16_php5/www/bgbcms/Apps/Runtime/Cache/Admin/ff874b4eae41e24ae0a265590b63794e.php 第 245 行.
NOTIC: [8] Undefined variable: pagecnt /Users/llos/Documents/bugber/vagr_ngx_ubun16_php5/www/bgbcms/Apps/Runtime/Cache/Admin/ff874b4eae41e24ae0a265590b63794e.php 第 249 行.
NOTIC: [8] Undefined variable: currentPage /Users/llos/Documents/bugber/vagr_ngx_ubun16_php5/www/bgbcms/Apps/Runtime/Cache/Admin/ff874b4eae41e24ae0a265590b63794e.php 第 253 行.
NOTIC: [8] Undefined variable: totalPage /Users/llos/Documents/bugber/vagr_ngx_ubun16_php5/www/bgbcms/Apps/Runtime/Cache/Admin/ff874b4eae41e24ae0a265590b63794e.php 第 254 行.
NOTIC: [8] Undefined variable: page /Users/llos/Documents/bugber/vagr_ngx_ubun16_php5/www/bgbcms/Apps/Runtime/Cache/Admin/ff874b4eae41e24ae0a265590b63794e.php 第 258 行.
INFO: Run Behavior\ParseTemplateBehavior [ RunTime:0.011786s ]
INFO: [ view_parse ] --END-- [ RunTime:0.011862s ]
INFO: [ view_filter ] --START--
INFO: Run Behavior\WriteHtmlCacheBehavior [ RunTime:0.000189s ]
INFO: [ view_filter ] --END-- [ RunTime:0.000264s ]
INFO: [ app_end ] --START--
INFO: Run Behavior\ShowPageTraceBehavior [ RunTime:0.000547s ]
INFO: [ app_end ] --END-- [ RunTime:0.000647s ]

[ 2017-07-28T15:50:12+08:00 ] ::1 /index.php?m=Admin&c=Menu&a=index
INFO: [ app_init ] --START--
INFO: Run Behavior\BuildLiteBehavior [ RunTime:0.000024s ]
INFO: [ app_init ] --END-- [ RunTime:0.000339s ]
INFO: [ app_begin ] --START--
INFO: Run Behavior\ReadHtmlCacheBehavior [ RunTime:0.000395s ]
INFO: [ app_begin ] --END-- [ RunTime:0.000562s ]
NOTIC: [8] Undefined index: type /Users/llos/Documents/bugber/vagr_ngx_ubun16_php5/www/bgbcms/Apps/Admin/Controller/MenuController.class.php 第 28 行.
NOTIC: [8] Undefined index: p /Users/llos/Documents/bugber/vagr_ngx_ubun16_php5/www/bgbcms/Apps/Admin/Controller/MenuController.class.php 第 29 行.
NOTIC: [8] Undefined index: pageSize /Users/llos/Documents/bugber/vagr_ngx_ubun16_php5/www/bgbcms/Apps/Admin/Controller/MenuController.class.php 第 30 行.
SQL: SHOW COLUMNS FROM `bgbcms_menu` [ RunTime:0.0286s ]
SQL: SELECT `order`,`id`,`name`,`mname`,`type`,`state` FROM `bgbcms_menu` ORDER BY `order`,`id` LIMIT 0,2   [ RunTime:0.0277s ]
SQL: SELECT COUNT(*) AS tp_count FROM `bgbcms_menu` LIMIT 1   [ RunTime:0.0293s ]
INFO: [ view_parse ] --START--
INFO: [ template_filter ] --START--
INFO: Run Behavior\ContentReplaceBehavior [ RunTime:0.000098s ]
INFO: [ template_filter ] --END-- [ RunTime:0.000179s ]
NOTIC: [8] Undefined variable: page /Users/llos/Documents/bugber/vagr_ngx_ubun16_php5/www/bgbcms/Apps/Runtime/Cache/Admin/db3da01c8f36ad38f6ba709720b2de06.php 第 234 行.
INFO: Run Behavior\ParseTemplateBehavior [ RunTime:0.011397s ]
INFO: [ view_parse ] --END-- [ RunTime:0.011495s ]
INFO: [ view_filter ] --START--
INFO: Run Behavior\WriteHtmlCacheBehavior [ RunTime:0.000166s ]
INFO: [ view_filter ] --END-- [ RunTime:0.000234s ]
INFO: [ app_end ] --START--
INFO: Run Behavior\ShowPageTraceBehavior [ RunTime:0.000550s ]
INFO: [ app_end ] --END-- [ RunTime:0.000658s ]

[ 2017-07-28T15:50:13+08:00 ] ::1 /index.php?m=Admin&c=Menu&a=index&type=-1&p=2&pageSize=2
INFO: [ app_init ] --START--
INFO: Run Behavior\BuildLiteBehavior [ RunTime:0.000024s ]
INFO: [ app_init ] --END-- [ RunTime:0.000342s ]
INFO: [ app_begin ] --START--
INFO: Run Behavior\ReadHtmlCacheBehavior [ RunTime:0.000359s ]
INFO: [ app_begin ] --END-- [ RunTime:0.000435s ]
SQL: SHOW COLUMNS FROM `bgbcms_menu` [ RunTime:0.0281s ]
SQL: SELECT `order`,`id`,`name`,`mname`,`type`,`state` FROM `bgbcms_menu` ORDER BY `order`,`id` LIMIT 2,2   [ RunTime:0.0281s ]
SQL: SELECT COUNT(*) AS tp_count FROM `bgbcms_menu` LIMIT 1   [ RunTime:0.0280s ]
INFO: [ view_parse ] --START--
INFO: [ template_filter ] --START--
INFO: Run Behavior\ContentReplaceBehavior [ RunTime:0.000131s ]
INFO: [ template_filter ] --END-- [ RunTime:0.000244s ]
NOTIC: [8] Undefined variable: page /Users/llos/Documents/bugber/vagr_ngx_ubun16_php5/www/bgbcms/Apps/Runtime/Cache/Admin/db3da01c8f36ad38f6ba709720b2de06.php 第 234 行.
INFO: Run Behavior\ParseTemplateBehavior [ RunTime:0.011119s ]
INFO: [ view_parse ] --END-- [ RunTime:0.011226s ]
INFO: [ view_filter ] --START--
INFO: Run Behavior\WriteHtmlCacheBehavior [ RunTime:0.000289s ]
INFO: [ view_filter ] --END-- [ RunTime:0.000359s ]
INFO: [ app_end ] --START--
INFO: Run Behavior\ShowPageTraceBehavior [ RunTime:0.000868s ]
INFO: [ app_end ] --END-- [ RunTime:0.001009s ]

[ 2017-07-28T15:50:19+08:00 ] ::1 /index.php?m=Admin&c=Menu&a=stateChange&id=22&state=0
INFO: [ app_init ] --START--
INFO: Run Behavior\BuildLiteBehavior [ RunTime:0.000025s ]
INFO: [ app_init ] --END-- [ RunTime:0.000389s ]
INFO: [ app_begin ] --START--
INFO: Run Behavior\ReadHtmlCacheBehavior [ RunTime:0.000354s ]
INFO: [ app_begin ] --END-- [ RunTime:0.000422s ]
SQL: SHOW COLUMNS FROM `bgbcms_menu` [ RunTime:0.0283s ]
SQL: UPDATE `bgbcms_menu` SET `state`='0' WHERE `id` = 22 [ RunTime:0.1026s ]

[ 2017-07-28T15:50:21+08:00 ] ::1 /index.php/Admin/Menu/index.html
INFO: [ app_init ] --START--
INFO: Run Behavior\BuildLiteBehavior [ RunTime:0.000036s ]
INFO: [ app_init ] --END-- [ RunTime:0.000520s ]
INFO: [ app_begin ] --START--
INFO: Run Behavior\ReadHtmlCacheBehavior [ RunTime:0.000392s ]
INFO: [ app_begin ] --END-- [ RunTime:0.000469s ]
NOTIC: [8] Undefined index: type /Users/llos/Documents/bugber/vagr_ngx_ubun16_php5/www/bgbcms/Apps/Admin/Controller/MenuController.class.php 第 28 行.
NOTIC: [8] Undefined index: p /Users/llos/Documents/bugber/vagr_ngx_ubun16_php5/www/bgbcms/Apps/Admin/Controller/MenuController.class.php 第 29 行.
NOTIC: [8] Undefined index: pageSize /Users/llos/Documents/bugber/vagr_ngx_ubun16_php5/www/bgbcms/Apps/Admin/Controller/MenuController.class.php 第 30 行.
SQL: SHOW COLUMNS FROM `bgbcms_menu` [ RunTime:0.0282s ]
SQL: SELECT `order`,`id`,`name`,`mname`,`type`,`state` FROM `bgbcms_menu` ORDER BY `order`,`id` LIMIT 0,2   [ RunTime:0.0274s ]
SQL: SELECT COUNT(*) AS tp_count FROM `bgbcms_menu` LIMIT 1   [ RunTime:0.0281s ]
INFO: [ view_parse ] --START--
INFO: [ template_filter ] --START--
INFO: Run Behavior\ContentReplaceBehavior [ RunTime:0.000109s ]
INFO: [ template_filter ] --END-- [ RunTime:0.000197s ]
NOTIC: [8] Undefined variable: page /Users/llos/Documents/bugber/vagr_ngx_ubun16_php5/www/bgbcms/Apps/Runtime/Cache/Admin/db3da01c8f36ad38f6ba709720b2de06.php 第 234 行.
INFO: Run Behavior\ParseTemplateBehavior [ RunTime:0.010677s ]
INFO: [ view_parse ] --END-- [ RunTime:0.010806s ]
INFO: [ view_filter ] --START--
INFO: Run Behavior\WriteHtmlCacheBehavior [ RunTime:0.000174s ]
INFO: [ view_filter ] --END-- [ RunTime:0.000242s ]
INFO: [ app_end ] --START--
INFO: Run Behavior\ShowPageTraceBehavior [ RunTime:0.000667s ]
INFO: [ app_end ] --END-- [ RunTime:0.000794s ]

[ 2017-07-28T15:50:25+08:00 ] ::1 /index.php?m=Admin&c=Menu&a=index&type=-1&p=2&pageSize=2
INFO: [ app_init ] --START--
INFO: Run Behavior\BuildLiteBehavior [ RunTime:0.000022s ]
INFO: [ app_init ] --END-- [ RunTime:0.000330s ]
INFO: [ app_begin ] --START--
INFO: Run Behavior\ReadHtmlCacheBehavior [ RunTime:0.000352s ]
INFO: [ app_begin ] --END-- [ RunTime:0.000428s ]
SQL: SHOW COLUMNS FROM `bgbcms_menu` [ RunTime:0.0281s ]
SQL: SELECT `order`,`id`,`name`,`mname`,`type`,`state` FROM `bgbcms_menu` ORDER BY `order`,`id` LIMIT 2,2   [ RunTime:0.0287s ]
SQL: SELECT COUNT(*) AS tp_count FROM `bgbcms_menu` LIMIT 1   [ RunTime:0.0282s ]
INFO: [ view_parse ] --START--
INFO: [ template_filter ] --START--
INFO: Run Behavior\ContentReplaceBehavior [ RunTime:0.000097s ]
INFO: [ template_filter ] --END-- [ RunTime:0.000179s ]
NOTIC: [8] Undefined variable: page /Users/llos/Documents/bugber/vagr_ngx_ubun16_php5/www/bgbcms/Apps/Runtime/Cache/Admin/db3da01c8f36ad38f6ba709720b2de06.php 第 234 行.
INFO: Run Behavior\ParseTemplateBehavior [ RunTime:0.044343s ]
INFO: [ view_parse ] --END-- [ RunTime:0.044445s ]
INFO: [ view_filter ] --START--
INFO: Run Behavior\WriteHtmlCacheBehavior [ RunTime:0.000185s ]
INFO: [ view_filter ] --END-- [ RunTime:0.000262s ]
INFO: [ app_end ] --START--
INFO: Run Behavior\ShowPageTraceBehavior [ RunTime:0.000579s ]
INFO: [ app_end ] --END-- [ RunTime:0.000699s ]

[ 2017-07-28T15:50:27+08:00 ] ::1 /index.php?m=Admin&c=Menu&a=index&type=-1&p=1&pageSize=2
INFO: [ app_init ] --START--
INFO: Run Behavior\BuildLiteBehavior [ RunTime:0.000024s ]
INFO: [ app_init ] --END-- [ RunTime:0.000344s ]
INFO: [ app_begin ] --START--
INFO: Run Behavior\ReadHtmlCacheBehavior [ RunTime:0.000359s ]
INFO: [ app_begin ] --END-- [ RunTime:0.000435s ]
SQL: SHOW COLUMNS FROM `bgbcms_menu` [ RunTime:0.0281s ]
SQL: SELECT `order`,`id`,`name`,`mname`,`type`,`state` FROM `bgbcms_menu` ORDER BY `order`,`id` LIMIT 0,2   [ RunTime:0.0273s ]
SQL: SELECT COUNT(*) AS tp_count FROM `bgbcms_menu` LIMIT 1   [ RunTime:0.0275s ]
INFO: [ view_parse ] --START--
INFO: [ template_filter ] --START--
INFO: Run Behavior\ContentReplaceBehavior [ RunTime:0.000139s ]
INFO: [ template_filter ] --END-- [ RunTime:0.000264s ]
NOTIC: [8] Undefined variable: page /Users/llos/Documents/bugber/vagr_ngx_ubun16_php5/www/bgbcms/Apps/Runtime/Cache/Admin/db3da01c8f36ad38f6ba709720b2de06.php 第 234 行.
INFO: Run Behavior\ParseTemplateBehavior [ RunTime:0.010408s ]
INFO: [ view_parse ] --END-- [ RunTime:0.010499s ]
INFO: [ view_filter ] --START--
INFO: Run Behavior\WriteHtmlCacheBehavior [ RunTime:0.000197s ]
INFO: [ view_filter ] --END-- [ RunTime:0.000267s ]
INFO: [ app_end ] --START--
INFO: Run Behavior\ShowPageTraceBehavior [ RunTime:0.000590s ]
INFO: [ app_end ] --END-- [ RunTime:0.000743s ]

[ 2017-07-28T15:50:29+08:00 ] ::1 /index.php?m=Admin&c=Article&a=index
INFO: [ app_init ] --START--
INFO: Run Behavior\BuildLiteBehavior [ RunTime:0.000024s ]
INFO: [ app_init ] --END-- [ RunTime:0.000341s ]
INFO: [ app_begin ] --START--
INFO: Run Behavior\ReadHtmlCacheBehavior [ RunTime:0.000353s ]
INFO: [ app_begin ] --END-- [ RunTime:0.000429s ]

[ 2017-07-28T15:50:29+08:00 ] ::1 /index.php/Admin/Article/item.html
INFO: [ app_init ] --START--
INFO: Run Behavior\BuildLiteBehavior [ RunTime:0.000028s ]
INFO: [ app_init ] --END-- [ RunTime:0.000355s ]
INFO: [ app_begin ] --START--
INFO: Run Behavior\ReadHtmlCacheBehavior [ RunTime:0.000368s ]
INFO: [ app_begin ] --END-- [ RunTime:0.000464s ]
INFO: [ view_parse ] --START--
INFO: [ template_filter ] --START--
INFO: Run Behavior\ContentReplaceBehavior [ RunTime:0.000095s ]
INFO: [ template_filter ] --END-- [ RunTime:0.000179s ]
NOTIC: [8] Undefined variable: menu_type /Users/llos/Documents/bugber/vagr_ngx_ubun16_php5/www/bgbcms/Apps/Runtime/Cache/Admin/ff874b4eae41e24ae0a265590b63794e.php 第 163 行.
NOTIC: [8] Undefined variable: menu_type /Users/llos/Documents/bugber/vagr_ngx_ubun16_php5/www/bgbcms/Apps/Runtime/Cache/Admin/ff874b4eae41e24ae0a265590b63794e.php 第 166 行.
NOTIC: [8] Undefined variable: menu_type /Users/llos/Documents/bugber/vagr_ngx_ubun16_php5/www/bgbcms/Apps/Runtime/Cache/Admin/ff874b4eae41e24ae0a265590b63794e.php 第 169 行.
NOTIC: [8] Undefined variable: contents /Users/llos/Documents/bugber/vagr_ngx_ubun16_php5/www/bgbcms/Apps/Runtime/Cache/Admin/ff874b4eae41e24ae0a265590b63794e.php 第 214 行.
NOTIC: [8] Undefined variable: currentPage /Users/llos/Documents/bugber/vagr_ngx_ubun16_php5/www/bgbcms/Apps/Runtime/Cache/Admin/ff874b4eae41e24ae0a265590b63794e.php 第 245 行.
NOTIC: [8] Undefined variable: pagecnt /Users/llos/Documents/bugber/vagr_ngx_ubun16_php5/www/bgbcms/Apps/Runtime/Cache/Admin/ff874b4eae41e24ae0a265590b63794e.php 第 249 行.
NOTIC: [8] Undefined variable: currentPage /Users/llos/Documents/bugber/vagr_ngx_ubun16_php5/www/bgbcms/Apps/Runtime/Cache/Admin/ff874b4eae41e24ae0a265590b63794e.php 第 253 行.
NOTIC: [8] Undefined variable: totalPage /Users/llos/Documents/bugber/vagr_ngx_ubun16_php5/www/bgbcms/Apps/Runtime/Cache/Admin/ff874b4eae41e24ae0a265590b63794e.php 第 254 行.
NOTIC: [8] Undefined variable: page /Users/llos/Documents/bugber/vagr_ngx_ubun16_php5/www/bgbcms/Apps/Runtime/Cache/Admin/ff874b4eae41e24ae0a265590b63794e.php 第 258 行.
INFO: Run Behavior\ParseTemplateBehavior [ RunTime:0.010170s ]
INFO: [ view_parse ] --END-- [ RunTime:0.010253s ]
INFO: [ view_filter ] --START--
INFO: Run Behavior\WriteHtmlCacheBehavior [ RunTime:0.000156s ]
INFO: [ view_filter ] --END-- [ RunTime:0.000224s ]
INFO: [ app_end ] --START--
INFO: Run Behavior\ShowPageTraceBehavior [ RunTime:0.000610s ]
INFO: [ app_end ] --END-- [ RunTime:0.000743s ]

[ 2017-07-28T15:50:31+08:00 ] ::1 /index.php?m=Admin&c=Article&a=add
INFO: [ app_init ] --START--
INFO: Run Behavior\BuildLiteBehavior [ RunTime:0.000022s ]
INFO: [ app_init ] --END-- [ RunTime:0.000320s ]
INFO: [ app_begin ] --START--
INFO: Run Behavior\ReadHtmlCacheBehavior [ RunTime:0.000360s ]
INFO: [ app_begin ] --END-- [ RunTime:0.000436s ]
INFO: [ view_parse ] --START--
INFO: [ template_filter ] --START--
INFO: Run Behavior\ContentReplaceBehavior [ RunTime:0.000092s ]
INFO: [ template_filter ] --END-- [ RunTime:0.000177s ]
INFO: Run Behavior\ParseTemplateBehavior [ RunTime:0.007448s ]
INFO: [ view_parse ] --END-- [ RunTime:0.007545s ]
INFO: [ view_filter ] --START--
INFO: Run Behavior\WriteHtmlCacheBehavior [ RunTime:0.000157s ]
INFO: [ view_filter ] --END-- [ RunTime:0.000224s ]
INFO: [ app_end ] --START--
INFO: Run Behavior\ShowPageTraceBehavior [ RunTime:0.000558s ]
INFO: [ app_end ] --END-- [ RunTime:0.000659s ]

[ 2017-07-28T15:50:34+08:00 ] ::1 /index.php?m=Admin&c=Article&a=index
INFO: [ app_init ] --START--
INFO: Run Behavior\BuildLiteBehavior [ RunTime:0.000023s ]
INFO: [ app_init ] --END-- [ RunTime:0.000331s ]
INFO: [ app_begin ] --START--
INFO: Run Behavior\ReadHtmlCacheBehavior [ RunTime:0.000352s ]
INFO: [ app_begin ] --END-- [ RunTime:0.000428s ]

[ 2017-07-28T15:50:34+08:00 ] ::1 /index.php/Admin/Article/item.html
INFO: [ app_init ] --START--
INFO: Run Behavior\BuildLiteBehavior [ RunTime:0.000032s ]
INFO: [ app_init ] --END-- [ RunTime:0.000438s ]
INFO: [ app_begin ] --START--
INFO: Run Behavior\ReadHtmlCacheBehavior [ RunTime:0.000408s ]
INFO: [ app_begin ] --END-- [ RunTime:0.000489s ]
INFO: [ view_parse ] --START--
INFO: [ template_filter ] --START--
INFO: Run Behavior\ContentReplaceBehavior [ RunTime:0.000099s ]
INFO: [ template_filter ] --END-- [ RunTime:0.000187s ]
NOTIC: [8] Undefined variable: menu_type /Users/llos/Documents/bugber/vagr_ngx_ubun16_php5/www/bgbcms/Apps/Runtime/Cache/Admin/ff874b4eae41e24ae0a265590b63794e.php 第 163 行.
NOTIC: [8] Undefined variable: menu_type /Users/llos/Documents/bugber/vagr_ngx_ubun16_php5/www/bgbcms/Apps/Runtime/Cache/Admin/ff874b4eae41e24ae0a265590b63794e.php 第 166 行.
NOTIC: [8] Undefined variable: menu_type /Users/llos/Documents/bugber/vagr_ngx_ubun16_php5/www/bgbcms/Apps/Runtime/Cache/Admin/ff874b4eae41e24ae0a265590b63794e.php 第 169 行.
NOTIC: [8] Undefined variable: contents /Users/llos/Documents/bugber/vagr_ngx_ubun16_php5/www/bgbcms/Apps/Runtime/Cache/Admin/ff874b4eae41e24ae0a265590b63794e.php 第 214 行.
NOTIC: [8] Undefined variable: currentPage /Users/llos/Documents/bugber/vagr_ngx_ubun16_php5/www/bgbcms/Apps/Runtime/Cache/Admin/ff874b4eae41e24ae0a265590b63794e.php 第 245 行.
NOTIC: [8] Undefined variable: pagecnt /Users/llos/Documents/bugber/vagr_ngx_ubun16_php5/www/bgbcms/Apps/Runtime/Cache/Admin/ff874b4eae41e24ae0a265590b63794e.php 第 249 行.
NOTIC: [8] Undefined variable: currentPage /Users/llos/Documents/bugber/vagr_ngx_ubun16_php5/www/bgbcms/Apps/Runtime/Cache/Admin/ff874b4eae41e24ae0a265590b63794e.php 第 253 行.
NOTIC: [8] Undefined variable: totalPage /Users/llos/Documents/bugber/vagr_ngx_ubun16_php5/www/bgbcms/Apps/Runtime/Cache/Admin/ff874b4eae41e24ae0a265590b63794e.php 第 254 行.
NOTIC: [8] Undefined variable: page /Users/llos/Documents/bugber/vagr_ngx_ubun16_php5/www/bgbcms/Apps/Runtime/Cache/Admin/ff874b4eae41e24ae0a265590b63794e.php 第 258 行.
INFO: Run Behavior\ParseTemplateBehavior [ RunTime:0.010043s ]
INFO: [ view_parse ] --END-- [ RunTime:0.010120s ]
INFO: [ view_filter ] --START--
INFO: Run Behavior\WriteHtmlCacheBehavior [ RunTime:0.000164s ]
INFO: [ view_filter ] --END-- [ RunTime:0.000231s ]
INFO: [ app_end ] --START--
INFO: Run Behavior\ShowPageTraceBehavior [ RunTime:0.000553s ]
INFO: [ app_end ] --END-- [ RunTime:0.000663s ]

[ 2017-07-28T15:50:36+08:00 ] ::1 /index.php?m=Admin&c=Article&a=add
INFO: [ app_init ] --START--
INFO: Run Behavior\BuildLiteBehavior [ RunTime:0.000024s ]
INFO: [ app_init ] --END-- [ RunTime:0.000341s ]
INFO: [ app_begin ] --START--
INFO: Run Behavior\ReadHtmlCacheBehavior [ RunTime:0.000358s ]
INFO: [ app_begin ] --END-- [ RunTime:0.000434s ]
INFO: [ view_parse ] --START--
INFO: [ template_filter ] --START--
INFO: Run Behavior\ContentReplaceBehavior [ RunTime:0.000095s ]
INFO: [ template_filter ] --END-- [ RunTime:0.000180s ]
INFO: Run Behavior\ParseTemplateBehavior [ RunTime:0.009791s ]
INFO: [ view_parse ] --END-- [ RunTime:0.009878s ]
INFO: [ view_filter ] --START--
INFO: Run Behavior\WriteHtmlCacheBehavior [ RunTime:0.000174s ]
INFO: [ view_filter ] --END-- [ RunTime:0.000241s ]
INFO: [ app_end ] --START--
INFO: Run Behavior\ShowPageTraceBehavior [ RunTime:0.000672s ]
INFO: [ app_end ] --END-- [ RunTime:0.000824s ]

[ 2017-07-28T15:53:17+08:00 ] ::1 /index.php?m=Admin&c=Article&a=add
INFO: [ app_init ] --START--
INFO: Run Behavior\BuildLiteBehavior [ RunTime:0.000027s ]
INFO: [ app_init ] --END-- [ RunTime:0.000697s ]
INFO: [ app_begin ] --START--
INFO: Run Behavior\ReadHtmlCacheBehavior [ RunTime:0.000744s ]
INFO: [ app_begin ] --END-- [ RunTime:0.000835s ]
INFO: [ view_parse ] --START--
INFO: [ template_filter ] --START--
INFO: Run Behavior\ContentReplaceBehavior [ RunTime:0.000094s ]
INFO: [ template_filter ] --END-- [ RunTime:0.000180s ]
INFO: Run Behavior\ParseTemplateBehavior [ RunTime:0.012105s ]
INFO: [ view_parse ] --END-- [ RunTime:0.012201s ]
INFO: [ view_filter ] --START--
INFO: Run Behavior\WriteHtmlCacheBehavior [ RunTime:0.000493s ]
INFO: [ view_filter ] --END-- [ RunTime:0.000575s ]
INFO: [ app_end ] --START--
INFO: Run Behavior\ShowPageTraceBehavior [ RunTime:0.000903s ]
INFO: [ app_end ] --END-- [ RunTime:0.001024s ]

[ 2017-07-28T17:34:57+08:00 ] ::1 /index.php?m=Admin&c=Image&a=upload
INFO: [ app_init ] --START--
INFO: Run Behavior\BuildLiteBehavior [ RunTime:0.000058s ]
INFO: [ app_init ] --END-- [ RunTime:0.003261s ]
INFO: [ app_begin ] --START--
INFO: Run Behavior\ReadHtmlCacheBehavior [ RunTime:0.001108s ]
INFO: [ app_begin ] --END-- [ RunTime:0.001264s ]
ERR: 1146:Table 'test_project.bgbcms_upload_image' doesn't exist
 [ SQL语句 ] : SHOW COLUMNS FROM `bgbcms_upload_image`
ERR: 1146:Table 'test_project.bgbcms_upload_image' doesn't exist
 [ SQL语句 ] : SHOW COLUMNS FROM `bgbcms_upload_image`

[ 2017-07-28T17:36:11+08:00 ] ::1 /index.php?m=Admin&c=Image&a=upload
INFO: [ app_init ] --START--
INFO: Run Behavior\BuildLiteBehavior [ RunTime:0.000045s ]
INFO: [ app_init ] --END-- [ RunTime:0.001154s ]
INFO: [ app_begin ] --START--
INFO: Run Behavior\ReadHtmlCacheBehavior [ RunTime:0.001063s ]
INFO: [ app_begin ] --END-- [ RunTime:0.001228s ]
ERR: 1146:Table 'test_project.bgbcms_upload_image' doesn't exist
 [ SQL语句 ] : SHOW COLUMNS FROM `bgbcms_upload_image`
ERR: 1146:Table 'test_project.bgbcms_upload_image' doesn't exist
 [ SQL语句 ] : SHOW COLUMNS FROM `bgbcms_upload_image`

[ 2017-07-28T17:38:29+08:00 ] ::1 /index.php?m=Admin&c=Menu&a=index
INFO: [ app_init ] --START--
INFO: Run Behavior\BuildLiteBehavior [ RunTime:0.000024s ]
INFO: [ app_init ] --END-- [ RunTime:0.000621s ]
INFO: [ app_begin ] --START--
INFO: Run Behavior\ReadHtmlCacheBehavior [ RunTime:0.000957s ]
INFO: [ app_begin ] --END-- [ RunTime:0.001105s ]
NOTIC: [8] Undefined index: type /Users/llos/Documents/bugber/vagr_ngx_ubun16_php5/www/bgbcms/Apps/Admin/Controller/MenuController.class.php 第 28 行.
NOTIC: [8] Undefined index: p /Users/llos/Documents/bugber/vagr_ngx_ubun16_php5/www/bgbcms/Apps/Admin/Controller/MenuController.class.php 第 29 行.
NOTIC: [8] Undefined index: pageSize /Users/llos/Documents/bugber/vagr_ngx_ubun16_php5/www/bgbcms/Apps/Admin/Controller/MenuController.class.php 第 30 行.
SQL: SHOW COLUMNS FROM `bgbcms_menu` [ RunTime:0.0275s ]
SQL: SELECT `order`,`id`,`name`,`mname`,`type`,`state` FROM `bgbcms_menu` ORDER BY `order`,`id` LIMIT 0,2   [ RunTime:0.0296s ]
SQL: SELECT COUNT(*) AS tp_count FROM `bgbcms_menu` LIMIT 1   [ RunTime:0.0275s ]
INFO: [ view_parse ] --START--
INFO: [ template_filter ] --START--
INFO: Run Behavior\ContentReplaceBehavior [ RunTime:0.000101s ]
INFO: [ template_filter ] --END-- [ RunTime:0.000187s ]
NOTIC: [8] Undefined variable: page /Users/llos/Documents/bugber/vagr_ngx_ubun16_php5/www/bgbcms/Apps/Runtime/Cache/Admin/db3da01c8f36ad38f6ba709720b2de06.php 第 234 行.
INFO: Run Behavior\ParseTemplateBehavior [ RunTime:0.016872s ]
INFO: [ view_parse ] --END-- [ RunTime:0.016979s ]
INFO: [ view_filter ] --START--
INFO: Run Behavior\WriteHtmlCacheBehavior [ RunTime:0.000537s ]
INFO: [ view_filter ] --END-- [ RunTime:0.000640s ]
INFO: [ app_end ] --START--
INFO: Run Behavior\ShowPageTraceBehavior [ RunTime:0.000951s ]
INFO: [ app_end ] --END-- [ RunTime:0.001072s ]

[ 2017-07-28T17:38:32+08:00 ] ::1 /index.php?m=Admin&c=Article&a=index
INFO: [ app_init ] --START--
INFO: Run Behavior\BuildLiteBehavior [ RunTime:0.000031s ]
INFO: [ app_init ] --END-- [ RunTime:0.000543s ]
INFO: [ app_begin ] --START--
INFO: Run Behavior\ReadHtmlCacheBehavior [ RunTime:0.000553s ]
INFO: [ app_begin ] --END-- [ RunTime:0.000670s ]

[ 2017-07-28T17:38:32+08:00 ] ::1 /index.php/Admin/Article/item.html
INFO: [ app_init ] --START--
INFO: Run Behavior\BuildLiteBehavior [ RunTime:0.000026s ]
INFO: [ app_init ] --END-- [ RunTime:0.000391s ]
INFO: [ app_begin ] --START--
INFO: Run Behavior\ReadHtmlCacheBehavior [ RunTime:0.000695s ]
INFO: [ app_begin ] --END-- [ RunTime:0.000839s ]
INFO: [ view_parse ] --START--
INFO: [ template_filter ] --START--
INFO: Run Behavior\ContentReplaceBehavior [ RunTime:0.000105s ]
INFO: [ template_filter ] --END-- [ RunTime:0.000200s ]
NOTIC: [8] Undefined variable: menu_type /Users/llos/Documents/bugber/vagr_ngx_ubun16_php5/www/bgbcms/Apps/Runtime/Cache/Admin/ff874b4eae41e24ae0a265590b63794e.php 第 163 行.
NOTIC: [8] Undefined variable: menu_type /Users/llos/Documents/bugber/vagr_ngx_ubun16_php5/www/bgbcms/Apps/Runtime/Cache/Admin/ff874b4eae41e24ae0a265590b63794e.php 第 166 行.
NOTIC: [8] Undefined variable: menu_type /Users/llos/Documents/bugber/vagr_ngx_ubun16_php5/www/bgbcms/Apps/Runtime/Cache/Admin/ff874b4eae41e24ae0a265590b63794e.php 第 169 行.
NOTIC: [8] Undefined variable: contents /Users/llos/Documents/bugber/vagr_ngx_ubun16_php5/www/bgbcms/Apps/Runtime/Cache/Admin/ff874b4eae41e24ae0a265590b63794e.php 第 214 行.
NOTIC: [8] Undefined variable: currentPage /Users/llos/Documents/bugber/vagr_ngx_ubun16_php5/www/bgbcms/Apps/Runtime/Cache/Admin/ff874b4eae41e24ae0a265590b63794e.php 第 245 行.
NOTIC: [8] Undefined variable: pagecnt /Users/llos/Documents/bugber/vagr_ngx_ubun16_php5/www/bgbcms/Apps/Runtime/Cache/Admin/ff874b4eae41e24ae0a265590b63794e.php 第 249 行.
NOTIC: [8] Undefined variable: currentPage /Users/llos/Documents/bugber/vagr_ngx_ubun16_php5/www/bgbcms/Apps/Runtime/Cache/Admin/ff874b4eae41e24ae0a265590b63794e.php 第 253 行.
NOTIC: [8] Undefined variable: totalPage /Users/llos/Documents/bugber/vagr_ngx_ubun16_php5/www/bgbcms/Apps/Runtime/Cache/Admin/ff874b4eae41e24ae0a265590b63794e.php 第 254 行.
NOTIC: [8] Undefined variable: page /Users/llos/Documents/bugber/vagr_ngx_ubun16_php5/www/bgbcms/Apps/Runtime/Cache/Admin/ff874b4eae41e24ae0a265590b63794e.php 第 258 行.
INFO: Run Behavior\ParseTemplateBehavior [ RunTime:0.015907s ]
INFO: [ view_parse ] --END-- [ RunTime:0.016026s ]
INFO: [ view_filter ] --START--
INFO: Run Behavior\WriteHtmlCacheBehavior [ RunTime:0.000188s ]
INFO: [ view_filter ] --END-- [ RunTime:0.000257s ]
INFO: [ app_end ] --START--
INFO: Run Behavior\ShowPageTraceBehavior [ RunTime:0.000525s ]
INFO: [ app_end ] --END-- [ RunTime:0.000637s ]

[ 2017-07-28T17:38:33+08:00 ] ::1 /index.php?m=Admin&c=Article&a=add
INFO: [ app_init ] --START--
INFO: Run Behavior\BuildLiteBehavior [ RunTime:0.000042s ]
INFO: [ app_init ] --END-- [ RunTime:0.000595s ]
INFO: [ app_begin ] --START--
INFO: Run Behavior\ReadHtmlCacheBehavior [ RunTime:0.000417s ]
INFO: [ app_begin ] --END-- [ RunTime:0.000504s ]
INFO: [ view_parse ] --START--
INFO: [ template_filter ] --START--
INFO: Run Behavior\ContentReplaceBehavior [ RunTime:0.000125s ]
INFO: [ template_filter ] --END-- [ RunTime:0.000258s ]
INFO: Run Behavior\ParseTemplateBehavior [ RunTime:0.012442s ]
INFO: [ view_parse ] --END-- [ RunTime:0.012720s ]
INFO: [ view_filter ] --START--
INFO: Run Behavior\WriteHtmlCacheBehavior [ RunTime:0.000311s ]
INFO: [ view_filter ] --END-- [ RunTime:0.000446s ]
INFO: [ app_end ] --START--
INFO: Run Behavior\ShowPageTraceBehavior [ RunTime:0.001112s ]
INFO: [ app_end ] --END-- [ RunTime:0.001246s ]

[ 2017-07-28T17:40:10+08:00 ] ::1 /index.php?m=Admin&c=Image&a=upload
INFO: [ app_init ] --START--
INFO: Run Behavior\BuildLiteBehavior [ RunTime:0.000037s ]
INFO: [ app_init ] --END-- [ RunTime:0.000515s ]
INFO: [ app_begin ] --START--
INFO: Run Behavior\ReadHtmlCacheBehavior [ RunTime:0.000632s ]
INFO: [ app_begin ] --END-- [ RunTime:0.000769s ]
ERR: 1146:Table 'test_project.bgbcms_upload_image' doesn't exist
 [ SQL语句 ] : SHOW COLUMNS FROM `bgbcms_upload_image`
ERR: 1146:Table 'test_project.bgbcms_upload_image' doesn't exist
 [ SQL语句 ] : SHOW COLUMNS FROM `bgbcms_upload_image`

[ 2017-07-28T17:42:11+08:00 ] ::1 /index.php?m=Admin&c=Image&a=upload
INFO: [ app_init ] --START--
INFO: Run Behavior\BuildLiteBehavior [ RunTime:0.000038s ]
INFO: [ app_init ] --END-- [ RunTime:0.001674s ]
INFO: [ app_begin ] --START--
INFO: Run Behavior\ReadHtmlCacheBehavior [ RunTime:0.001026s ]
INFO: [ app_begin ] --END-- [ RunTime:0.001205s ]
ERR: 1146:Table 'test_project.bgbcms_upload_image' doesn't exist
 [ SQL语句 ] : SHOW COLUMNS FROM `bgbcms_upload_image`
ERR: 1146:Table 'test_project.bgbcms_upload_image' doesn't exist
 [ SQL语句 ] : SHOW COLUMNS FROM `bgbcms_upload_image`

[ 2017-07-28T17:42:17+08:00 ] ::1 /index.php?m=Admin&c=Article&a=add
INFO: [ app_init ] --START--
INFO: Run Behavior\BuildLiteBehavior [ RunTime:0.000024s ]
INFO: [ app_init ] --END-- [ RunTime:0.000439s ]
INFO: [ app_begin ] --START--
INFO: Run Behavior\ReadHtmlCacheBehavior [ RunTime:0.000460s ]
INFO: [ app_begin ] --END-- [ RunTime:0.000568s ]
INFO: [ view_parse ] --START--
INFO: [ template_filter ] --START--
INFO: Run Behavior\ContentReplaceBehavior [ RunTime:0.000096s ]
INFO: [ template_filter ] --END-- [ RunTime:0.000185s ]
INFO: Run Behavior\ParseTemplateBehavior [ RunTime:0.023095s ]
INFO: [ view_parse ] --END-- [ RunTime:0.023234s ]
INFO: [ view_filter ] --START--
INFO: Run Behavior\WriteHtmlCacheBehavior [ RunTime:0.000503s ]
INFO: [ view_filter ] --END-- [ RunTime:0.000591s ]
INFO: [ app_end ] --START--
INFO: Run Behavior\ShowPageTraceBehavior [ RunTime:0.001160s ]
INFO: [ app_end ] --END-- [ RunTime:0.001326s ]

[ 2017-07-28T17:42:23+08:00 ] ::1 /index.php?m=Admin&c=Image&a=upload
INFO: [ app_init ] --START--
INFO: Run Behavior\BuildLiteBehavior [ RunTime:0.000034s ]
INFO: [ app_init ] --END-- [ RunTime:0.000475s ]
INFO: [ app_begin ] --START--
INFO: Run Behavior\ReadHtmlCacheBehavior [ RunTime:0.001261s ]
INFO: [ app_begin ] --END-- [ RunTime:0.001473s ]
ERR: 1146:Table 'test_project.bgbcms_upload_image' doesn't exist
 [ SQL语句 ] : SHOW COLUMNS FROM `bgbcms_upload_image`
ERR: 1146:Table 'test_project.bgbcms_upload_image' doesn't exist
 [ SQL语句 ] : SHOW COLUMNS FROM `bgbcms_upload_image`

[ 2017-07-28T17:43:16+08:00 ] ::1 /index.php?m=Admin&c=Image&a=upload
INFO: [ app_init ] --START--
INFO: Run Behavior\BuildLiteBehavior [ RunTime:0.000029s ]
INFO: [ app_init ] --END-- [ RunTime:0.000707s ]
INFO: [ app_begin ] --START--
INFO: Run Behavior\ReadHtmlCacheBehavior [ RunTime:0.000727s ]
INFO: [ app_begin ] --END-- [ RunTime:0.000823s ]
ERR: 1146:Table 'test_project.bgbcms_upload_image' doesn't exist
 [ SQL语句 ] : SHOW COLUMNS FROM `bgbcms_upload_image`
ERR: 1146:Table 'test_project.bgbcms_upload_image' doesn't exist
 [ SQL语句 ] : SHOW COLUMNS FROM `bgbcms_upload_image`

[ 2017-07-28T17:46:54+08:00 ] ::1 /index.php?m=Admin&c=Image&a=upload
INFO: [ app_init ] --START--
INFO: Run Behavior\BuildLiteBehavior [ RunTime:0.000028s ]
INFO: [ app_init ] --END-- [ RunTime:0.000804s ]
INFO: [ app_begin ] --START--
INFO: Run Behavior\ReadHtmlCacheBehavior [ RunTime:0.000903s ]
INFO: [ app_begin ] --END-- [ RunTime:0.001068s ]

[ 2017-07-28T17:47:45+08:00 ] ::1 /index.php?m=Admin&c=Article&a=add
INFO: [ app_init ] --START--
INFO: Run Behavior\BuildLiteBehavior [ RunTime:0.000026s ]
INFO: [ app_init ] --END-- [ RunTime:0.000422s ]
INFO: [ app_begin ] --START--
INFO: Run Behavior\ReadHtmlCacheBehavior [ RunTime:0.000553s ]
INFO: [ app_begin ] --END-- [ RunTime:0.000685s ]
INFO: [ view_parse ] --START--
INFO: [ template_filter ] --START--
INFO: Run Behavior\ContentReplaceBehavior [ RunTime:0.000129s ]
INFO: [ template_filter ] --END-- [ RunTime:0.000306s ]
INFO: Run Behavior\ParseTemplateBehavior [ RunTime:0.020020s ]
INFO: [ view_parse ] --END-- [ RunTime:0.020208s ]
INFO: [ view_filter ] --START--
INFO: Run Behavior\WriteHtmlCacheBehavior [ RunTime:0.000660s ]
INFO: [ view_filter ] --END-- [ RunTime:0.000808s ]
INFO: [ app_end ] --START--
INFO: Run Behavior\ShowPageTraceBehavior [ RunTime:0.001401s ]
INFO: [ app_end ] --END-- [ RunTime:0.001565s ]

[ 2017-07-28T17:47:51+08:00 ] ::1 /index.php?m=Admin&c=Image&a=upload
INFO: [ app_init ] --START--
INFO: Run Behavior\BuildLiteBehavior [ RunTime:0.000024s ]
INFO: [ app_init ] --END-- [ RunTime:0.000378s ]
INFO: [ app_begin ] --START--
INFO: Run Behavior\ReadHtmlCacheBehavior [ RunTime:0.000589s ]
INFO: [ app_begin ] --END-- [ RunTime:0.000745s ]

[ 2017-07-28T17:49:31+08:00 ] ::1 /index.php?m=Admin&c=Image&a=upload
INFO: [ app_init ] --START--
INFO: Run Behavior\BuildLiteBehavior [ RunTime:0.000040s ]
INFO: [ app_init ] --END-- [ RunTime:0.000685s ]
INFO: [ app_begin ] --START--
INFO: Run Behavior\ReadHtmlCacheBehavior [ RunTime:0.000737s ]
INFO: [ app_begin ] --END-- [ RunTime:0.000938s ]
NOTIC: [2] call_user_func() expects parameter 1 to be a valid callback, no array or string given /Users/llos/Documents/bugber/vagr_ngx_ubun16_php5/www/bgbcms/ThinkPHP/Library/Think/Upload.class.php 第 170 行.

[ 2017-07-28T17:52:30+08:00 ] ::1 /index.php?m=Admin&c=Article&a=add
INFO: [ app_init ] --START--
INFO: Run Behavior\BuildLiteBehavior [ RunTime:0.000039s ]
INFO: [ app_init ] --END-- [ RunTime:0.000590s ]
INFO: [ app_begin ] --START--
INFO: Run Behavior\ReadHtmlCacheBehavior [ RunTime:0.000413s ]
INFO: [ app_begin ] --END-- [ RunTime:0.000498s ]
INFO: [ view_parse ] --START--
INFO: [ template_filter ] --START--
INFO: Run Behavior\ContentReplaceBehavior [ RunTime:0.000159s ]
INFO: [ template_filter ] --END-- [ RunTime:0.000263s ]
INFO: Run Behavior\ParseTemplateBehavior [ RunTime:0.010389s ]
INFO: [ view_parse ] --END-- [ RunTime:0.010473s ]
INFO: [ view_filter ] --START--
INFO: Run Behavior\WriteHtmlCacheBehavior [ RunTime:0.000231s ]
INFO: [ view_filter ] --END-- [ RunTime:0.000341s ]
INFO: [ app_end ] --START--
INFO: Run Behavior\ShowPageTraceBehavior [ RunTime:0.000935s ]
INFO: [ app_end ] --END-- [ RunTime:0.001064s ]

[ 2017-07-28T17:52:34+08:00 ] ::1 /index.php?m=Admin&c=Image&a=upload
INFO: [ app_init ] --START--
INFO: Run Behavior\BuildLiteBehavior [ RunTime:0.000031s ]
INFO: [ app_init ] --END-- [ RunTime:0.000455s ]
INFO: [ app_begin ] --START--
INFO: Run Behavior\ReadHtmlCacheBehavior [ RunTime:0.000379s ]
INFO: [ app_begin ] --END-- [ RunTime:0.000462s ]
NOTIC: [2] call_user_func() expects parameter 1 to be a valid callback, no array or string given /Users/llos/Documents/bugber/vagr_ngx_ubun16_php5/www/bgbcms/ThinkPHP/Library/Think/Upload.class.php 第 170 行.

[ 2017-07-28T17:56:26+08:00 ] ::1 /index.php?m=Admin&c=Article&a=add
INFO: [ app_init ] --START--
INFO: Run Behavior\BuildLiteBehavior [ RunTime:0.000026s ]
INFO: [ app_init ] --END-- [ RunTime:0.000425s ]
INFO: [ app_begin ] --START--
INFO: Run Behavior\ReadHtmlCacheBehavior [ RunTime:0.000988s ]
INFO: [ app_begin ] --END-- [ RunTime:0.001146s ]
INFO: [ view_parse ] --START--
INFO: [ template_filter ] --START--
INFO: Run Behavior\ContentReplaceBehavior [ RunTime:0.000108s ]
INFO: [ template_filter ] --END-- [ RunTime:0.000273s ]
INFO: Run Behavior\ParseTemplateBehavior [ RunTime:0.011403s ]
INFO: [ view_parse ] --END-- [ RunTime:0.011528s ]
INFO: [ view_filter ] --START--
INFO: Run Behavior\WriteHtmlCacheBehavior [ RunTime:0.000263s ]
INFO: [ view_filter ] --END-- [ RunTime:0.000370s ]
INFO: [ app_end ] --START--
INFO: Run Behavior\ShowPageTraceBehavior [ RunTime:0.000964s ]
INFO: [ app_end ] --END-- [ RunTime:0.001091s ]

[ 2017-07-28T17:56:31+08:00 ] ::1 /index.php?m=Admin&c=Image&a=upload
INFO: [ app_init ] --START--
INFO: Run Behavior\BuildLiteBehavior [ RunTime:0.000034s ]
INFO: [ app_init ] --END-- [ RunTime:0.000491s ]
INFO: [ app_begin ] --START--
INFO: Run Behavior\ReadHtmlCacheBehavior [ RunTime:0.000739s ]
INFO: [ app_begin ] --END-- [ RunTime:0.000889s ]
NOTIC: [2] call_user_func() expects parameter 1 to be a valid callback, no array or string given /Users/llos/Documents/bugber/vagr_ngx_ubun16_php5/www/bgbcms/ThinkPHP/Library/Think/Upload.class.php 第 170 行.

[ 2017-07-28T17:56:48+08:00 ] ::1 /index.php?m=Admin&c=Image&a=upload
INFO: [ app_init ] --START--
INFO: Run Behavior\BuildLiteBehavior [ RunTime:0.000058s ]
INFO: [ app_init ] --END-- [ RunTime:0.000698s ]
INFO: [ app_begin ] --START--
INFO: Run Behavior\ReadHtmlCacheBehavior [ RunTime:0.001270s ]
INFO: [ app_begin ] --END-- [ RunTime:0.001427s ]
NOTIC: [2] call_user_func() expects parameter 1 to be a valid callback, no array or string given /Users/llos/Documents/bugber/vagr_ngx_ubun16_php5/www/bgbcms/ThinkPHP/Library/Think/Upload.class.php 第 170 行.

[ 2017-07-28T17:56:58+08:00 ] ::1 /index.php?m=Admin&c=Article&a=add
INFO: [ app_init ] --START--
INFO: Run Behavior\BuildLiteBehavior [ RunTime:0.000051s ]
INFO: [ app_init ] --END-- [ RunTime:0.000673s ]
INFO: [ app_begin ] --START--
INFO: Run Behavior\ReadHtmlCacheBehavior [ RunTime:0.000940s ]
INFO: [ app_begin ] --END-- [ RunTime:0.001120s ]
INFO: [ view_parse ] --START--
INFO: [ template_filter ] --START--
INFO: Run Behavior\ContentReplaceBehavior [ RunTime:0.000102s ]
INFO: [ template_filter ] --END-- [ RunTime:0.000200s ]
INFO: Run Behavior\ParseTemplateBehavior [ RunTime:0.012482s ]
INFO: [ view_parse ] --END-- [ RunTime:0.012597s ]
INFO: [ view_filter ] --START--
INFO: Run Behavior\WriteHtmlCacheBehavior [ RunTime:0.000241s ]
INFO: [ view_filter ] --END-- [ RunTime:0.000332s ]
INFO: [ app_end ] --START--
INFO: Run Behavior\ShowPageTraceBehavior [ RunTime:0.000761s ]
INFO: [ app_end ] --END-- [ RunTime:0.000912s ]

[ 2017-07-28T17:57:52+08:00 ] ::1 /index.php?m=Admin&c=Image&a=upload
INFO: [ app_init ] --START--
INFO: Run Behavior\BuildLiteBehavior [ RunTime:0.000052s ]
INFO: [ app_init ] --END-- [ RunTime:0.000969s ]
INFO: [ app_begin ] --START--
INFO: Run Behavior\ReadHtmlCacheBehavior [ RunTime:0.000975s ]
INFO: [ app_begin ] --END-- [ RunTime:0.001086s ]
NOTIC: [2] call_user_func() expects parameter 1 to be a valid callback, no array or string given /Users/llos/Documents/bugber/vagr_ngx_ubun16_php5/www/bgbcms/ThinkPHP/Library/Think/Upload.class.php 第 170 行.

[ 2017-07-28T17:57:52+08:00 ] ::1 /index.php?m=Admin&c=Image&a=upload
INFO: [ app_init ] --START--
INFO: Run Behavior\BuildLiteBehavior [ RunTime:0.000026s ]
INFO: [ app_init ] --END-- [ RunTime:0.000362s ]
INFO: [ app_begin ] --START--
INFO: Run Behavior\ReadHtmlCacheBehavior [ RunTime:0.000793s ]
INFO: [ app_begin ] --END-- [ RunTime:0.000939s ]
NOTIC: [2] call_user_func() expects parameter 1 to be a valid callback, no array or string given /Users/llos/Documents/bugber/vagr_ngx_ubun16_php5/www/bgbcms/ThinkPHP/Library/Think/Upload.class.php 第 170 行.

[ 2017-07-28T18:01:23+08:00 ] ::1 /index.php?m=Admin&c=Article&a=add
INFO: [ app_init ] --START--
INFO: Run Behavior\BuildLiteBehavior [ RunTime:0.000066s ]
INFO: [ app_init ] --END-- [ RunTime:0.001060s ]
INFO: [ app_begin ] --START--
INFO: Run Behavior\ReadHtmlCacheBehavior [ RunTime:0.001315s ]
INFO: [ app_begin ] --END-- [ RunTime:0.001559s ]
INFO: [ view_parse ] --START--
INFO: [ template_filter ] --START--
INFO: Run Behavior\ContentReplaceBehavior [ RunTime:0.000096s ]
INFO: [ template_filter ] --END-- [ RunTime:0.000181s ]
INFO: Run Behavior\ParseTemplateBehavior [ RunTime:0.013855s ]
INFO: [ view_parse ] --END-- [ RunTime:0.013970s ]
INFO: [ view_filter ] --START--
INFO: Run Behavior\WriteHtmlCacheBehavior [ RunTime:0.000489s ]
INFO: [ view_filter ] --END-- [ RunTime:0.000595s ]
INFO: [ app_end ] --START--
INFO: Run Behavior\ShowPageTraceBehavior [ RunTime:0.001141s ]
INFO: [ app_end ] --END-- [ RunTime:0.001275s ]

[ 2017-07-28T18:01:35+08:00 ] ::1 /index.php?m=Admin&c=Image&a=upload
INFO: [ app_init ] --START--
INFO: Run Behavior\BuildLiteBehavior [ RunTime:0.000026s ]
INFO: [ app_init ] --END-- [ RunTime:0.000475s ]
INFO: [ app_begin ] --START--
INFO: Run Behavior\ReadHtmlCacheBehavior [ RunTime:0.000390s ]
INFO: [ app_begin ] --END-- [ RunTime:0.000473s ]
NOTIC: [2] call_user_func() expects parameter 1 to be a valid callback, no array or string given /Users/llos/Documents/bugber/vagr_ngx_ubun16_php5/www/bgbcms/ThinkPHP/Library/Think/Upload.class.php 第 170 行.

[ 2017-07-28T18:01:35+08:00 ] ::1 /index.php?m=Admin&c=Image&a=upload
INFO: [ app_init ] --START--
INFO: Run Behavior\BuildLiteBehavior [ RunTime:0.000035s ]
INFO: [ app_init ] --END-- [ RunTime:0.000517s ]
INFO: [ app_begin ] --START--
INFO: Run Behavior\ReadHtmlCacheBehavior [ RunTime:0.000636s ]
INFO: [ app_begin ] --END-- [ RunTime:0.000774s ]
NOTIC: [2] call_user_func() expects parameter 1 to be a valid callback, no array or string given /Users/llos/Documents/bugber/vagr_ngx_ubun16_php5/www/bgbcms/ThinkPHP/Library/Think/Upload.class.php 第 170 行.

[ 2017-07-28T19:06:33+08:00 ] ::1 /index.php?m=Admin&c=Article&a=add
INFO: [ app_init ] --START--
INFO: Run Behavior\BuildLiteBehavior [ RunTime:0.000032s ]
INFO: [ app_init ] --END-- [ RunTime:0.001048s ]
INFO: [ app_begin ] --START--
INFO: Run Behavior\ReadHtmlCacheBehavior [ RunTime:0.000736s ]
INFO: [ app_begin ] --END-- [ RunTime:0.000830s ]
INFO: [ view_parse ] --START--
INFO: [ template_filter ] --START--
INFO: Run Behavior\ContentReplaceBehavior [ RunTime:0.000092s ]
INFO: [ template_filter ] --END-- [ RunTime:0.000179s ]
INFO: Run Behavior\ParseTemplateBehavior [ RunTime:0.012302s ]
INFO: [ view_parse ] --END-- [ RunTime:0.012397s ]
INFO: [ view_filter ] --START--
INFO: Run Behavior\WriteHtmlCacheBehavior [ RunTime:0.000552s ]
INFO: [ view_filter ] --END-- [ RunTime:0.000644s ]
INFO: [ app_end ] --START--
INFO: Run Behavior\ShowPageTraceBehavior [ RunTime:0.000916s ]
INFO: [ app_end ] --END-- [ RunTime:0.001092s ]

[ 2017-07-28T19:06:36+08:00 ] ::1 /index.php?m=Admin&c=Article&a=add
INFO: [ app_init ] --START--
INFO: Run Behavior\BuildLiteBehavior [ RunTime:0.000022s ]
INFO: [ app_init ] --END-- [ RunTime:0.000322s ]
INFO: [ app_begin ] --START--
INFO: Run Behavior\ReadHtmlCacheBehavior [ RunTime:0.000350s ]
INFO: [ app_begin ] --END-- [ RunTime:0.000424s ]
INFO: [ view_parse ] --START--
INFO: [ template_filter ] --START--
INFO: Run Behavior\ContentReplaceBehavior [ RunTime:0.000093s ]
INFO: [ template_filter ] --END-- [ RunTime:0.000176s ]
INFO: Run Behavior\ParseTemplateBehavior [ RunTime:0.006931s ]
INFO: [ view_parse ] --END-- [ RunTime:0.007013s ]
INFO: [ view_filter ] --START--
INFO: Run Behavior\WriteHtmlCacheBehavior [ RunTime:0.000163s ]
INFO: [ view_filter ] --END-- [ RunTime:0.000229s ]
INFO: [ app_end ] --START--
INFO: Run Behavior\ShowPageTraceBehavior [ RunTime:0.000543s ]
INFO: [ app_end ] --END-- [ RunTime:0.000743s ]

[ 2017-07-28T19:17:52+08:00 ] ::1 /index.php?m=Admin&c=Article&a=add
INFO: [ app_init ] --START--
INFO: Run Behavior\BuildLiteBehavior [ RunTime:0.000046s ]
INFO: [ app_init ] --END-- [ RunTime:0.000578s ]
INFO: [ app_begin ] --START--
INFO: Run Behavior\ReadHtmlCacheBehavior [ RunTime:0.000617s ]
INFO: [ app_begin ] --END-- [ RunTime:0.000739s ]
INFO: [ view_parse ] --START--
INFO: [ template_filter ] --START--
INFO: Run Behavior\ContentReplaceBehavior [ RunTime:0.000157s ]
INFO: [ template_filter ] --END-- [ RunTime:0.000300s ]
INFO: Run Behavior\ParseTemplateBehavior [ RunTime:0.013808s ]
INFO: [ view_parse ] --END-- [ RunTime:0.013944s ]
INFO: [ view_filter ] --START--
INFO: Run Behavior\WriteHtmlCacheBehavior [ RunTime:0.000278s ]
INFO: [ view_filter ] --END-- [ RunTime:0.000421s ]
INFO: [ app_end ] --START--
INFO: Run Behavior\ShowPageTraceBehavior [ RunTime:0.001030s ]
INFO: [ app_end ] --END-- [ RunTime:0.001233s ]

[ 2017-07-28T19:17:55+08:00 ] ::1 /index.php?m=Admin&c=Menu&a=index
INFO: [ app_init ] --START--
INFO: Run Behavior\BuildLiteBehavior [ RunTime:0.000035s ]
INFO: [ app_init ] --END-- [ RunTime:0.000478s ]
INFO: [ app_begin ] --START--
INFO: Run Behavior\ReadHtmlCacheBehavior [ RunTime:0.000813s ]
INFO: [ app_begin ] --END-- [ RunTime:0.001047s ]
NOTIC: [8] Undefined index: type /Users/llos/Documents/my_doc/my_codes/bgbcms/Apps/Admin/Controller/MenuController.class.php 第 28 行.
NOTIC: [8] Undefined index: p /Users/llos/Documents/my_doc/my_codes/bgbcms/Apps/Admin/Controller/MenuController.class.php 第 29 行.
NOTIC: [8] Undefined index: pageSize /Users/llos/Documents/my_doc/my_codes/bgbcms/Apps/Admin/Controller/MenuController.class.php 第 30 行.
SQL: SHOW COLUMNS FROM `bgbcms_menu` [ RunTime:0.0281s ]
SQL: SELECT `order`,`id`,`name`,`mname`,`type`,`state` FROM `bgbcms_menu` ORDER BY `order`,`id` LIMIT 0,2   [ RunTime:0.0270s ]
SQL: SELECT COUNT(*) AS tp_count FROM `bgbcms_menu` LIMIT 1   [ RunTime:0.0269s ]
INFO: [ view_parse ] --START--
INFO: [ template_filter ] --START--
INFO: Run Behavior\ContentReplaceBehavior [ RunTime:0.000145s ]
INFO: [ template_filter ] --END-- [ RunTime:0.000271s ]
NOTIC: [8] Undefined variable: page /Users/llos/Documents/my_doc/my_codes/bgbcms/Apps/Runtime/Cache/Admin/db3da01c8f36ad38f6ba709720b2de06.php 第 234 行.
INFO: Run Behavior\ParseTemplateBehavior [ RunTime:0.015920s ]
INFO: [ view_parse ] --END-- [ RunTime:0.016059s ]
INFO: [ view_filter ] --START--
INFO: Run Behavior\WriteHtmlCacheBehavior [ RunTime:0.000238s ]
INFO: [ view_filter ] --END-- [ RunTime:0.000348s ]
INFO: [ app_end ] --START--
INFO: Run Behavior\ShowPageTraceBehavior [ RunTime:0.000963s ]
INFO: [ app_end ] --END-- [ RunTime:0.001139s ]

[ 2017-07-28T19:17:57+08:00 ] ::1 /index.php?m=Admin
INFO: [ app_init ] --START--
INFO: Run Behavior\BuildLiteBehavior [ RunTime:0.000026s ]
INFO: [ app_init ] --END-- [ RunTime:0.000348s ]
INFO: [ app_begin ] --START--
INFO: Run Behavior\ReadHtmlCacheBehavior [ RunTime:0.000364s ]
INFO: [ app_begin ] --END-- [ RunTime:0.000451s ]
INFO: [ view_parse ] --START--
INFO: [ template_filter ] --START--
INFO: Run Behavior\ContentReplaceBehavior [ RunTime:0.000129s ]
INFO: [ template_filter ] --END-- [ RunTime:0.000258s ]
INFO: Run Behavior\ParseTemplateBehavior [ RunTime:0.009446s ]
INFO: [ view_parse ] --END-- [ RunTime:0.009789s ]
INFO: [ view_filter ] --START--
INFO: Run Behavior\WriteHtmlCacheBehavior [ RunTime:0.000390s ]
INFO: [ view_filter ] --END-- [ RunTime:0.000487s ]
INFO: [ app_end ] --START--
INFO: Run Behavior\ShowPageTraceBehavior [ RunTime:0.000655s ]
INFO: [ app_end ] --END-- [ RunTime:0.000761s ]

[ 2017-07-28T19:17:58+08:00 ] ::1 /index.php?m=Admin&c=Article&a=index
INFO: [ app_init ] --START--
INFO: Run Behavior\BuildLiteBehavior [ RunTime:0.000037s ]
INFO: [ app_init ] --END-- [ RunTime:0.000510s ]
INFO: [ app_begin ] --START--
INFO: Run Behavior\ReadHtmlCacheBehavior [ RunTime:0.000892s ]
INFO: [ app_begin ] --END-- [ RunTime:0.001039s ]

[ 2017-07-28T19:17:58+08:00 ] ::1 /index.php/Admin/Article/item.html
INFO: [ app_init ] --START--
INFO: Run Behavior\BuildLiteBehavior [ RunTime:0.000039s ]
INFO: [ app_init ] --END-- [ RunTime:0.000501s ]
INFO: [ app_begin ] --START--
INFO: Run Behavior\ReadHtmlCacheBehavior [ RunTime:0.000619s ]
INFO: [ app_begin ] --END-- [ RunTime:0.000768s ]
INFO: [ view_parse ] --START--
INFO: [ template_filter ] --START--
INFO: Run Behavior\ContentReplaceBehavior [ RunTime:0.000144s ]
INFO: [ template_filter ] --END-- [ RunTime:0.000272s ]
NOTIC: [8] Undefined variable: menu_type /Users/llos/Documents/my_doc/my_codes/bgbcms/Apps/Runtime/Cache/Admin/ff874b4eae41e24ae0a265590b63794e.php 第 163 行.
NOTIC: [8] Undefined variable: menu_type /Users/llos/Documents/my_doc/my_codes/bgbcms/Apps/Runtime/Cache/Admin/ff874b4eae41e24ae0a265590b63794e.php 第 166 行.
NOTIC: [8] Undefined variable: menu_type /Users/llos/Documents/my_doc/my_codes/bgbcms/Apps/Runtime/Cache/Admin/ff874b4eae41e24ae0a265590b63794e.php 第 169 行.
NOTIC: [8] Undefined variable: contents /Users/llos/Documents/my_doc/my_codes/bgbcms/Apps/Runtime/Cache/Admin/ff874b4eae41e24ae0a265590b63794e.php 第 214 行.
NOTIC: [8] Undefined variable: currentPage /Users/llos/Documents/my_doc/my_codes/bgbcms/Apps/Runtime/Cache/Admin/ff874b4eae41e24ae0a265590b63794e.php 第 245 行.
NOTIC: [8] Undefined variable: pagecnt /Users/llos/Documents/my_doc/my_codes/bgbcms/Apps/Runtime/Cache/Admin/ff874b4eae41e24ae0a265590b63794e.php 第 249 行.
NOTIC: [8] Undefined variable: currentPage /Users/llos/Documents/my_doc/my_codes/bgbcms/Apps/Runtime/Cache/Admin/ff874b4eae41e24ae0a265590b63794e.php 第 253 行.
NOTIC: [8] Undefined variable: totalPage /Users/llos/Documents/my_doc/my_codes/bgbcms/Apps/Runtime/Cache/Admin/ff874b4eae41e24ae0a265590b63794e.php 第 254 行.
NOTIC: [8] Undefined variable: page /Users/llos/Documents/my_doc/my_codes/bgbcms/Apps/Runtime/Cache/Admin/ff874b4eae41e24ae0a265590b63794e.php 第 258 行.
INFO: Run Behavior\ParseTemplateBehavior [ RunTime:0.017304s ]
INFO: [ view_parse ] --END-- [ RunTime:0.017508s ]
INFO: [ view_filter ] --START--
INFO: Run Behavior\WriteHtmlCacheBehavior [ RunTime:0.000246s ]
INFO: [ view_filter ] --END-- [ RunTime:0.000365s ]
INFO: [ app_end ] --START--
INFO: Run Behavior\ShowPageTraceBehavior [ RunTime:0.000735s ]
INFO: [ app_end ] --END-- [ RunTime:0.000917s ]

[ 2017-07-28T19:41:57+08:00 ] ::1 /index.php?m=Admin&c=Article&a=add
INFO: [ app_init ] --START--
INFO: Run Behavior\BuildLiteBehavior [ RunTime:0.000093s ]
INFO: [ app_init ] --END-- [ RunTime:0.000593s ]
INFO: [ app_begin ] --START--
INFO: Run Behavior\ReadHtmlCacheBehavior [ RunTime:0.000571s ]
INFO: [ app_begin ] --END-- [ RunTime:0.000694s ]
INFO: [ view_parse ] --START--
INFO: [ template_filter ] --START--
INFO: Run Behavior\ContentReplaceBehavior [ RunTime:0.000142s ]
INFO: [ template_filter ] --END-- [ RunTime:0.000275s ]
INFO: Run Behavior\ParseTemplateBehavior [ RunTime:0.012346s ]
INFO: [ view_parse ] --END-- [ RunTime:0.012508s ]
INFO: [ view_filter ] --START--
INFO: Run Behavior\WriteHtmlCacheBehavior [ RunTime:0.000359s ]
INFO: [ view_filter ] --END-- [ RunTime:0.000530s ]
INFO: [ app_end ] --START--
INFO: Run Behavior\ShowPageTraceBehavior [ RunTime:0.000957s ]
INFO: [ app_end ] --END-- [ RunTime:0.001151s ]

[ 2017-07-28T19:43:28+08:00 ] ::1 /index.php?m=Admin&c=Article&a=add
INFO: [ app_init ] --START--
INFO: Run Behavior\BuildLiteBehavior [ RunTime:0.000025s ]
INFO: [ app_init ] --END-- [ RunTime:0.000346s ]
INFO: [ app_begin ] --START--
INFO: Run Behavior\ReadHtmlCacheBehavior [ RunTime:0.000382s ]
INFO: [ app_begin ] --END-- [ RunTime:0.000470s ]
INFO: [ view_parse ] --START--
INFO: [ template_filter ] --START--
INFO: Run Behavior\ContentReplaceBehavior [ RunTime:0.000108s ]
INFO: [ template_filter ] --END-- [ RunTime:0.000219s ]
INFO: Run Behavior\ParseTemplateBehavior [ RunTime:0.008611s ]
INFO: [ view_parse ] --END-- [ RunTime:0.008748s ]
INFO: [ view_filter ] --START--
INFO: Run Behavior\WriteHtmlCacheBehavior [ RunTime:0.000454s ]
INFO: [ view_filter ] --END-- [ RunTime:0.000633s ]
INFO: [ app_end ] --START--
INFO: Run Behavior\ShowPageTraceBehavior [ RunTime:0.001024s ]
INFO: [ app_end ] --END-- [ RunTime:0.001216s ]

[ 2017-07-28T19:44:07+08:00 ] ::1 /index.php?m=Admin&c=Article&a=add
INFO: [ app_init ] --START--
INFO: Run Behavior\BuildLiteBehavior [ RunTime:0.000036s ]
INFO: [ app_init ] --END-- [ RunTime:0.000548s ]
INFO: [ app_begin ] --START--
INFO: Run Behavior\ReadHtmlCacheBehavior [ RunTime:0.000507s ]
INFO: [ app_begin ] --END-- [ RunTime:0.000615s ]
INFO: [ view_parse ] --START--
INFO: [ template_filter ] --START--
INFO: Run Behavior\ContentReplaceBehavior [ RunTime:0.000161s ]
INFO: [ template_filter ] --END-- [ RunTime:0.000338s ]
INFO: Run Behavior\ParseTemplateBehavior [ RunTime:0.010798s ]
INFO: [ view_parse ] --END-- [ RunTime:0.010913s ]
INFO: [ view_filter ] --START--
INFO: Run Behavior\WriteHtmlCacheBehavior [ RunTime:0.000181s ]
INFO: [ view_filter ] --END-- [ RunTime:0.000262s ]
INFO: [ app_end ] --START--
INFO: Run Behavior\ShowPageTraceBehavior [ RunTime:0.000593s ]
INFO: [ app_end ] --END-- [ RunTime:0.000787s ]

[ 2017-07-28T22:24:26+08:00 ] ::1 /index.php?m=Admin&c=Article&a=add
INFO: [ app_init ] --START--
INFO: Run Behavior\BuildLiteBehavior [ RunTime:0.000035s ]
INFO: [ app_init ] --END-- [ RunTime:0.000863s ]
INFO: [ app_begin ] --START--
INFO: Run Behavior\ReadHtmlCacheBehavior [ RunTime:0.000766s ]
INFO: [ app_begin ] --END-- [ RunTime:0.000921s ]
INFO: [ view_parse ] --START--
INFO: [ template_filter ] --START--
INFO: Run Behavior\ContentReplaceBehavior [ RunTime:0.000131s ]
INFO: [ template_filter ] --END-- [ RunTime:0.000275s ]
INFO: Run Behavior\ParseTemplateBehavior [ RunTime:0.016032s ]
INFO: [ view_parse ] --END-- [ RunTime:0.016192s ]
INFO: [ view_filter ] --START--
INFO: Run Behavior\WriteHtmlCacheBehavior [ RunTime:0.000587s ]
INFO: [ view_filter ] --END-- [ RunTime:0.000740s ]
INFO: [ app_end ] --START--
INFO: Run Behavior\ShowPageTraceBehavior [ RunTime:0.001002s ]
INFO: [ app_end ] --END-- [ RunTime:0.001166s ]

[ 2017-07-28T22:24:57+08:00 ] ::1 /index.php?m=Admin&c=Article&a=add
INFO: [ app_init ] --START--
INFO: Run Behavior\BuildLiteBehavior [ RunTime:0.000031s ]
INFO: [ app_init ] --END-- [ RunTime:0.000427s ]
INFO: [ app_begin ] --START--
INFO: Run Behavior\ReadHtmlCacheBehavior [ RunTime:0.001099s ]
INFO: [ app_begin ] --END-- [ RunTime:0.001231s ]
INFO: [ view_parse ] --START--
INFO: [ template_filter ] --START--
INFO: Run Behavior\ContentReplaceBehavior [ RunTime:0.000135s ]
INFO: [ template_filter ] --END-- [ RunTime:0.000287s ]
INFO: Run Behavior\ParseTemplateBehavior [ RunTime:0.015700s ]
INFO: [ view_parse ] --END-- [ RunTime:0.016016s ]
INFO: [ view_filter ] --START--
INFO: Run Behavior\WriteHtmlCacheBehavior [ RunTime:0.000413s ]
INFO: [ view_filter ] --END-- [ RunTime:0.000587s ]
INFO: [ app_end ] --START--
INFO: Run Behavior\ShowPageTraceBehavior [ RunTime:0.001058s ]
INFO: [ app_end ] --END-- [ RunTime:0.001266s ]

[ 2017-07-28T22:27:34+08:00 ] ::1 /index.php?m=Admin&c=Image&a=kindupload&dir=image
INFO: [ app_init ] --START--
INFO: Run Behavior\BuildLiteBehavior [ RunTime:0.000037s ]
INFO: [ app_init ] --END-- [ RunTime:0.000530s ]
INFO: [ app_begin ] --START--
INFO: Run Behavior\ReadHtmlCacheBehavior [ RunTime:0.000515s ]
INFO: [ app_begin ] --END-- [ RunTime:0.000660s ]
INFO: [ app_end ] --START--
INFO: Run Behavior\ShowPageTraceBehavior [ RunTime:0.000634s ]
INFO: [ app_end ] --END-- [ RunTime:0.000773s ]

[ 2017-07-28T22:27:57+08:00 ] ::1 /index.php?m=Admin&c=Image&a=kindupload&dir=image
INFO: [ app_init ] --START--
INFO: Run Behavior\BuildLiteBehavior [ RunTime:0.000027s ]
INFO: [ app_init ] --END-- [ RunTime:0.000378s ]
INFO: [ app_begin ] --START--
INFO: Run Behavior\ReadHtmlCacheBehavior [ RunTime:0.000579s ]
INFO: [ app_begin ] --END-- [ RunTime:0.000699s ]
INFO: [ app_end ] --START--
INFO: Run Behavior\ShowPageTraceBehavior [ RunTime:0.001217s ]
INFO: [ app_end ] --END-- [ RunTime:0.001376s ]

[ 2017-07-28T22:28:29+08:00 ] ::1 /index.php?m=Admin&c=Article&a=add
INFO: [ app_init ] --START--
INFO: Run Behavior\BuildLiteBehavior [ RunTime:0.000081s ]
INFO: [ app_init ] --END-- [ RunTime:0.001140s ]
INFO: [ app_begin ] --START--
INFO: Run Behavior\ReadHtmlCacheBehavior [ RunTime:0.000765s ]
INFO: [ app_begin ] --END-- [ RunTime:0.000902s ]
INFO: [ view_parse ] --START--
INFO: [ template_filter ] --START--
INFO: Run Behavior\ContentReplaceBehavior [ RunTime:0.000098s ]
INFO: [ template_filter ] --END-- [ RunTime:0.000198s ]
INFO: Run Behavior\ParseTemplateBehavior [ RunTime:0.009403s ]
INFO: [ view_parse ] --END-- [ RunTime:0.009608s ]
INFO: [ view_filter ] --START--
INFO: Run Behavior\WriteHtmlCacheBehavior [ RunTime:0.000372s ]
INFO: [ view_filter ] --END-- [ RunTime:0.000515s ]
INFO: [ app_end ] --START--
INFO: Run Behavior\ShowPageTraceBehavior [ RunTime:0.001815s ]
INFO: [ app_end ] --END-- [ RunTime:0.001990s ]

[ 2017-07-28T22:28:40+08:00 ] ::1 /index.php?m=Admin&c=Image&a=kindupload&dir=image
INFO: [ app_init ] --START--
INFO: Run Behavior\BuildLiteBehavior [ RunTime:0.000069s ]
INFO: [ app_init ] --END-- [ RunTime:0.000971s ]
INFO: [ app_begin ] --START--
INFO: Run Behavior\ReadHtmlCacheBehavior [ RunTime:0.000772s ]
INFO: [ app_begin ] --END-- [ RunTime:0.000895s ]
INFO: [ app_end ] --START--
INFO: Run Behavior\ShowPageTraceBehavior [ RunTime:0.000663s ]
INFO: [ app_end ] --END-- [ RunTime:0.000811s ]

[ 2017-07-28T23:02:21+08:00 ] ::1 /index.php?m=Admin&c=Image&a=kindupload&dir=image
INFO: [ app_init ] --START--
INFO: Run Behavior\BuildLiteBehavior [ RunTime:0.000044s ]
INFO: [ app_init ] --END-- [ RunTime:0.000656s ]
INFO: [ app_begin ] --START--
INFO: Run Behavior\ReadHtmlCacheBehavior [ RunTime:0.000647s ]
INFO: [ app_begin ] --END-- [ RunTime:0.000801s ]
NOTIC: [2] call_user_func() expects parameter 1 to be a valid callback, no array or string given /Users/llos/Documents/my_doc/my_codes/bgbcms/ThinkPHP/Library/Think/Upload.class.php 第 170 行.
NOTIC: [8] Undefined index: file /Users/llos/Documents/my_doc/my_codes/bgbcms/Apps/Common/Model/UploadImageModel.class.php 第 38 行.
NOTIC: [8] Undefined index: file /Users/llos/Documents/my_doc/my_codes/bgbcms/Apps/Common/Model/UploadImageModel.class.php 第 38 行.

[ 2017-07-28T23:02:39+08:00 ] ::1 /index.php?m=Admin&c=Image&a=kindupload&dir=image
INFO: [ app_init ] --START--
INFO: Run Behavior\BuildLiteBehavior [ RunTime:0.000029s ]
INFO: [ app_init ] --END-- [ RunTime:0.000390s ]
INFO: [ app_begin ] --START--
INFO: Run Behavior\ReadHtmlCacheBehavior [ RunTime:0.000388s ]
INFO: [ app_begin ] --END-- [ RunTime:0.000478s ]
NOTIC: [2] call_user_func() expects parameter 1 to be a valid callback, no array or string given /Users/llos/Documents/my_doc/my_codes/bgbcms/ThinkPHP/Library/Think/Upload.class.php 第 170 行.
NOTIC: [8] Undefined index: file /Users/llos/Documents/my_doc/my_codes/bgbcms/Apps/Common/Model/UploadImageModel.class.php 第 38 行.
NOTIC: [8] Undefined index: file /Users/llos/Documents/my_doc/my_codes/bgbcms/Apps/Common/Model/UploadImageModel.class.php 第 38 行.

[ 2017-07-28T23:03:54+08:00 ] ::1 /index.php?m=Admin&c=Image&a=kindupload&dir=image
INFO: [ app_init ] --START--
INFO: Run Behavior\BuildLiteBehavior [ RunTime:0.000035s ]
INFO: [ app_init ] --END-- [ RunTime:0.000492s ]
INFO: [ app_begin ] --START--
INFO: Run Behavior\ReadHtmlCacheBehavior [ RunTime:0.000725s ]
INFO: [ app_begin ] --END-- [ RunTime:0.000918s ]
NOTIC: [2] call_user_func() expects parameter 1 to be a valid callback, no array or string given /Users/llos/Documents/my_doc/my_codes/bgbcms/ThinkPHP/Library/Think/Upload.class.php 第 170 行.
NOTIC: [8] Undefined index: file /Users/llos/Documents/my_doc/my_codes/bgbcms/Apps/Common/Model/UploadImageModel.class.php 第 51 行.

[ 2017-07-28T23:05:29+08:00 ] ::1 /index.php?m=Admin&c=Image&a=kindupload&dir=image
INFO: [ app_init ] --START--
INFO: Run Behavior\BuildLiteBehavior [ RunTime:0.000038s ]
INFO: [ app_init ] --END-- [ RunTime:0.000887s ]
INFO: [ app_begin ] --START--
INFO: Run Behavior\ReadHtmlCacheBehavior [ RunTime:0.000592s ]
INFO: [ app_begin ] --END-- [ RunTime:0.000795s ]
NOTIC: [2] call_user_func() expects parameter 1 to be a valid callback, no array or string given /Users/llos/Documents/my_doc/my_codes/bgbcms/ThinkPHP/Library/Think/Upload.class.php 第 170 行.

[ 2017-07-28T23:05:47+08:00 ] ::1 /index.php?m=Admin&c=Article&a=add
INFO: [ app_init ] --START--
INFO: Run Behavior\BuildLiteBehavior [ RunTime:0.000027s ]
INFO: [ app_init ] --END-- [ RunTime:0.000359s ]
INFO: [ app_begin ] --START--
INFO: Run Behavior\ReadHtmlCacheBehavior [ RunTime:0.000401s ]
INFO: [ app_begin ] --END-- [ RunTime:0.000506s ]
INFO: [ view_parse ] --START--
INFO: [ template_filter ] --START--
INFO: Run Behavior\ContentReplaceBehavior [ RunTime:0.000108s ]
INFO: [ template_filter ] --END-- [ RunTime:0.000354s ]
INFO: Run Behavior\ParseTemplateBehavior [ RunTime:0.016021s ]
INFO: [ view_parse ] --END-- [ RunTime:0.016142s ]
INFO: [ view_filter ] --START--
INFO: Run Behavior\WriteHtmlCacheBehavior [ RunTime:0.000526s ]
INFO: [ view_filter ] --END-- [ RunTime:0.000659s ]
INFO: [ app_end ] --START--
INFO: Run Behavior\ShowPageTraceBehavior [ RunTime:0.002000s ]
INFO: [ app_end ] --END-- [ RunTime:0.002153s ]

[ 2017-07-28T23:06:03+08:00 ] ::1 /index.php?m=Admin&c=Image&a=kindupload&dir=image
INFO: [ app_init ] --START--
INFO: Run Behavior\BuildLiteBehavior [ RunTime:0.000033s ]
INFO: [ app_init ] --END-- [ RunTime:0.000479s ]
INFO: [ app_begin ] --START--
INFO: Run Behavior\ReadHtmlCacheBehavior [ RunTime:0.000440s ]
INFO: [ app_begin ] --END-- [ RunTime:0.000538s ]
NOTIC: [2] call_user_func() expects parameter 1 to be a valid callback, no array or string given /Users/llos/Documents/my_doc/my_codes/bgbcms/ThinkPHP/Library/Think/Upload.class.php 第 170 行.

[ 2017-07-28T23:07:52+08:00 ] ::1 /index.php?m=Admin&c=Image&a=kindupload&dir=image
INFO: [ app_init ] --START--
INFO: Run Behavior\BuildLiteBehavior [ RunTime:0.000027s ]
INFO: [ app_init ] --END-- [ RunTime:0.000411s ]
INFO: [ app_begin ] --START--
INFO: Run Behavior\ReadHtmlCacheBehavior [ RunTime:0.000558s ]
INFO: [ app_begin ] --END-- [ RunTime:0.000680s ]
NOTIC: [2] call_user_func() expects parameter 1 to be a valid callback, no array or string given /Users/llos/Documents/my_doc/my_codes/bgbcms/ThinkPHP/Library/Think/Upload.class.php 第 170 行.

[ 2017-07-28T23:11:50+08:00 ] ::1 /index.php?m=Admin&c=Image&a=kindupload&dir=image
INFO: [ app_init ] --START--
INFO: Run Behavior\BuildLiteBehavior [ RunTime:0.000037s ]
INFO: [ app_init ] --END-- [ RunTime:0.000777s ]
INFO: [ app_begin ] --START--
INFO: Run Behavior\ReadHtmlCacheBehavior [ RunTime:0.000856s ]
INFO: [ app_begin ] --END-- [ RunTime:0.000985s ]
NOTIC: [2] call_user_func() expects parameter 1 to be a valid callback, no array or string given /Users/llos/Documents/my_doc/my_codes/bgbcms/ThinkPHP/Library/Think/Upload.class.php 第 170 行.

