[ 2017-08-04T10:08:03+08:00 ] ::1 /bgbcms/admin
INFO: [ app_init ] --START--
INFO: Run Behavior\BuildLiteBehavior [ RunTime:0.000028s ]
INFO: [ app_init ] --END-- [ RunTime:0.000454s ]
INFO: [ app_begin ] --START--
INFO: Run Behavior\ReadHtmlCacheBehavior [ RunTime:0.000558s ]
INFO: [ app_begin ] --END-- [ RunTime:0.000687s ]

[ 2017-08-04T10:08:03+08:00 ] ::1 /bgbcms/index.php/Admin/Login/index.html
INFO: [ app_init ] --START--
INFO: Run Behavior\BuildLiteBehavior [ RunTime:0.000053s ]
INFO: [ app_init ] --END-- [ RunTime:0.000525s ]
INFO: [ app_begin ] --START--
INFO: Run Behavior\ReadHtmlCacheBehavior [ RunTime:0.000551s ]
INFO: [ app_begin ] --END-- [ RunTime:0.000673s ]
INFO: [ view_parse ] --START--
INFO: [ template_filter ] --START--
INFO: Run Behavior\ContentReplaceBehavior [ RunTime:0.000158s ]
INFO: [ template_filter ] --END-- [ RunTime:0.000415s ]
INFO: Run Behavior\ParseTemplateBehavior [ RunTime:0.025119s ]
INFO: [ view_parse ] --END-- [ RunTime:0.025394s ]
INFO: [ view_filter ] --START--
INFO: Run Behavior\WriteHtmlCacheBehavior [ RunTime:0.000371s ]
INFO: [ view_filter ] --END-- [ RunTime:0.000576s ]
INFO: [ app_end ] --START--
INFO: Run Behavior\ShowPageTraceBehavior [ RunTime:0.001055s ]
INFO: [ app_end ] --END-- [ RunTime:0.001280s ]

[ 2017-08-04T10:08:19+08:00 ] ::1 /bgbcms/admin
INFO: [ app_init ] --START--
INFO: Run Behavior\BuildLiteBehavior [ RunTime:0.000077s ]
INFO: [ app_init ] --END-- [ RunTime:0.001051s ]
INFO: [ app_begin ] --START--
INFO: Run Behavior\ReadHtmlCacheBehavior [ RunTime:0.001953s ]
INFO: [ app_begin ] --END-- [ RunTime:0.002202s ]

[ 2017-08-04T10:08:19+08:00 ] ::1 /bgbcms/index.php/Admin/Login/index.html
INFO: [ app_init ] --START--
INFO: Run Behavior\BuildLiteBehavior [ RunTime:0.000029s ]
INFO: [ app_init ] --END-- [ RunTime:0.000470s ]
INFO: [ app_begin ] --START--
INFO: Run Behavior\ReadHtmlCacheBehavior [ RunTime:0.000539s ]
INFO: [ app_begin ] --END-- [ RunTime:0.000662s ]
INFO: [ view_parse ] --START--
INFO: [ template_filter ] --START--
INFO: Run Behavior\ContentReplaceBehavior [ RunTime:0.000194s ]
INFO: [ template_filter ] --END-- [ RunTime:0.000484s ]
INFO: Run Behavior\ParseTemplateBehavior [ RunTime:0.015239s ]
INFO: [ view_parse ] --END-- [ RunTime:0.015439s ]
INFO: [ view_filter ] --START--
INFO: Run Behavior\WriteHtmlCacheBehavior [ RunTime:0.000392s ]
INFO: [ view_filter ] --END-- [ RunTime:0.000595s ]
INFO: [ app_end ] --START--
INFO: Run Behavior\ShowPageTraceBehavior [ RunTime:0.001162s ]
INFO: [ app_end ] --END-- [ RunTime:0.001385s ]

[ 2017-08-04T10:22:17+08:00 ] ::1 /bgbcms/admin
INFO: [ app_init ] --START--
INFO: Run Behavior\BuildLiteBehavior [ RunTime:0.000057s ]
INFO: [ app_init ] --END-- [ RunTime:0.000833s ]
INFO: [ app_begin ] --START--
INFO: Run Behavior\ReadHtmlCacheBehavior [ RunTime:0.001209s ]
INFO: [ app_begin ] --END-- [ RunTime:0.001521s ]

[ 2017-08-04T10:22:17+08:00 ] ::1 /bgbcms/index.php/Admin/Login/index.html
INFO: [ app_init ] --START--
INFO: Run Behavior\BuildLiteBehavior [ RunTime:0.000028s ]
INFO: [ app_init ] --END-- [ RunTime:0.000457s ]
INFO: [ app_begin ] --START--
INFO: Run Behavior\ReadHtmlCacheBehavior [ RunTime:0.000518s ]
INFO: [ app_begin ] --END-- [ RunTime:0.000638s ]
INFO: [ view_parse ] --START--
INFO: [ template_filter ] --START--
INFO: Run Behavior\ContentReplaceBehavior [ RunTime:0.000127s ]
INFO: [ template_filter ] --END-- [ RunTime:0.000298s ]
INFO: Run Behavior\ParseTemplateBehavior [ RunTime:0.014215s ]
INFO: [ view_parse ] --END-- [ RunTime:0.014382s ]
INFO: [ view_filter ] --START--
INFO: Run Behavior\WriteHtmlCacheBehavior [ RunTime:0.000234s ]
INFO: [ view_filter ] --END-- [ RunTime:0.000353s ]
INFO: [ app_end ] --START--
INFO: Run Behavior\ShowPageTraceBehavior [ RunTime:0.000692s ]
INFO: [ app_end ] --END-- [ RunTime:0.000817s ]

[ 2017-08-04T13:27:11+08:00 ] 127.0.0.1 /bgbcms/?m=admin&c=login
INFO: [ app_init ] --START--
INFO: Run Behavior\BuildLiteBehavior [ RunTime:0.000046s ]
INFO: [ app_init ] --END-- [ RunTime:0.000729s ]
INFO: [ app_begin ] --START--
INFO: Run Behavior\ReadHtmlCacheBehavior [ RunTime:0.001119s ]
INFO: [ app_begin ] --END-- [ RunTime:0.001369s ]
INFO: [ view_parse ] --START--
INFO: [ template_filter ] --START--
INFO: Run Behavior\ContentReplaceBehavior [ RunTime:0.000166s ]
INFO: [ template_filter ] --END-- [ RunTime:0.000360s ]
INFO: Run Behavior\ParseTemplateBehavior [ RunTime:0.021544s ]
INFO: [ view_parse ] --END-- [ RunTime:0.021752s ]
INFO: [ view_filter ] --START--
INFO: Run Behavior\WriteHtmlCacheBehavior [ RunTime:0.000272s ]
INFO: [ view_filter ] --END-- [ RunTime:0.000431s ]
INFO: [ app_end ] --START--
INFO: Run Behavior\ShowPageTraceBehavior [ RunTime:0.000804s ]
INFO: [ app_end ] --END-- [ RunTime:0.000955s ]

[ 2017-08-04T13:27:31+08:00 ] 127.0.0.1 /bgbcms/index.php?m=Admin&c=menu
INFO: [ app_init ] --START--
INFO: Run Behavior\BuildLiteBehavior [ RunTime:0.000036s ]
INFO: [ app_init ] --END-- [ RunTime:0.000564s ]
INFO: [ app_begin ] --START--
INFO: Run Behavior\ReadHtmlCacheBehavior [ RunTime:0.000642s ]
INFO: [ app_begin ] --END-- [ RunTime:0.000794s ]

[ 2017-08-04T13:27:42+08:00 ] 127.0.0.1 /bgbcms/index.php?m=Admin&c=login
INFO: [ app_init ] --START--
INFO: Run Behavior\BuildLiteBehavior [ RunTime:0.000037s ]
INFO: [ app_init ] --END-- [ RunTime:0.000580s ]
INFO: [ app_begin ] --START--
INFO: Run Behavior\ReadHtmlCacheBehavior [ RunTime:0.000687s ]
INFO: [ app_begin ] --END-- [ RunTime:0.000887s ]
INFO: [ view_parse ] --START--
INFO: [ template_filter ] --START--
INFO: Run Behavior\ContentReplaceBehavior [ RunTime:0.000117s ]
INFO: [ template_filter ] --END-- [ RunTime:0.000307s ]
INFO: Run Behavior\ParseTemplateBehavior [ RunTime:0.013071s ]
INFO: [ view_parse ] --END-- [ RunTime:0.013230s ]
INFO: [ view_filter ] --START--
INFO: Run Behavior\WriteHtmlCacheBehavior [ RunTime:0.000273s ]
INFO: [ view_filter ] --END-- [ RunTime:0.000431s ]
INFO: [ app_end ] --START--
INFO: Run Behavior\ShowPageTraceBehavior [ RunTime:0.000796s ]
INFO: [ app_end ] --END-- [ RunTime:0.000964s ]

[ 2017-08-04T13:27:55+08:00 ] 127.0.0.1 /bgbcms/?m=Admin&c=login
INFO: [ app_init ] --START--
INFO: Run Behavior\BuildLiteBehavior [ RunTime:0.000036s ]
INFO: [ app_init ] --END-- [ RunTime:0.000596s ]
INFO: [ app_begin ] --START--
INFO: Run Behavior\ReadHtmlCacheBehavior [ RunTime:0.000659s ]
INFO: [ app_begin ] --END-- [ RunTime:0.000809s ]
INFO: [ view_parse ] --START--
INFO: [ template_filter ] --START--
INFO: Run Behavior\ContentReplaceBehavior [ RunTime:0.000110s ]
INFO: [ template_filter ] --END-- [ RunTime:0.000276s ]
INFO: Run Behavior\ParseTemplateBehavior [ RunTime:0.012433s ]
INFO: [ view_parse ] --END-- [ RunTime:0.012597s ]
INFO: [ view_filter ] --START--
INFO: Run Behavior\WriteHtmlCacheBehavior [ RunTime:0.000235s ]
INFO: [ view_filter ] --END-- [ RunTime:0.000373s ]
INFO: [ app_end ] --START--
INFO: Run Behavior\ShowPageTraceBehavior [ RunTime:0.000701s ]
INFO: [ app_end ] --END-- [ RunTime:0.000845s ]

[ 2017-08-04T13:28:15+08:00 ] 127.0.0.1 /bgbcms/index.php?m=Admin&c=Login&a=check
INFO: [ app_init ] --START--
INFO: Run Behavior\BuildLiteBehavior [ RunTime:0.000084s ]
INFO: [ app_init ] --END-- [ RunTime:0.001114s ]
INFO: [ app_begin ] --START--
INFO: Run Behavior\ReadHtmlCacheBehavior [ RunTime:0.001694s ]
INFO: [ app_begin ] --END-- [ RunTime:0.002151s ]
SQL: SHOW COLUMNS FROM `bgbcms_user` [ RunTime:0.0297s ]
SQL: SELECT `password`,`status` FROM `bgbcms_user` WHERE ( username="admin" ) LIMIT 1   [ RunTime:0.0263s ]

[ 2017-08-04T15:52:36+08:00 ] 127.0.0.1 /bgbcms/admin
INFO: [ app_init ] --START--
INFO: Run Behavior\BuildLiteBehavior [ RunTime:0.000050s ]
INFO: [ app_init ] --END-- [ RunTime:0.000765s ]
INFO: [ app_begin ] --START--
INFO: Run Behavior\ReadHtmlCacheBehavior [ RunTime:0.000803s ]
INFO: [ app_begin ] --END-- [ RunTime:0.000979s ]
NOTIC: [8] Undefined index: username /Users/llos/Documents/my_codes/bgbcms/Apps/Common/Common/function.php 第 15 行.

[ 2017-08-04T15:52:54+08:00 ] 127.0.0.1 /bgbcms/Admin/Login/index.html
INFO: [ app_init ] --START--
INFO: Run Behavior\BuildLiteBehavior [ RunTime:0.000053s ]
INFO: [ app_init ] --END-- [ RunTime:0.000848s ]
INFO: [ app_begin ] --START--
INFO: Run Behavior\ReadHtmlCacheBehavior [ RunTime:0.000822s ]
INFO: [ app_begin ] --END-- [ RunTime:0.001011s ]
NOTIC: [8] Undefined index: username /Users/llos/Documents/my_codes/bgbcms/Apps/Admin/Controller/LoginController.class.php 第 20 行.
INFO: [ view_parse ] --START--
INFO: [ template_filter ] --START--
INFO: Run Behavior\ContentReplaceBehavior [ RunTime:0.000173s ]
INFO: [ template_filter ] --END-- [ RunTime:0.000364s ]
INFO: Run Behavior\ParseTemplateBehavior [ RunTime:0.030248s ]
INFO: [ view_parse ] --END-- [ RunTime:0.030517s ]
INFO: [ view_filter ] --START--
INFO: Run Behavior\WriteHtmlCacheBehavior [ RunTime:0.000283s ]
INFO: [ view_filter ] --END-- [ RunTime:0.000449s ]
INFO: [ app_end ] --START--
INFO: Run Behavior\ShowPageTraceBehavior [ RunTime:0.000835s ]
INFO: [ app_end ] --END-- [ RunTime:0.001008s ]

[ 2017-08-04T15:55:18+08:00 ] 127.0.0.1 /bgbcms/index.php?m=Admin
INFO: [ app_init ] --START--
INFO: Run Behavior\BuildLiteBehavior [ RunTime:0.000035s ]
INFO: [ app_init ] --END-- [ RunTime:0.000581s ]
INFO: [ app_begin ] --START--
INFO: Run Behavior\ReadHtmlCacheBehavior [ RunTime:0.000647s ]
INFO: [ app_begin ] --END-- [ RunTime:0.000806s ]
NOTIC: [8] Undefined index: username /Users/llos/Documents/my_codes/bgbcms/Apps/Common/Common/function.php 第 15 行.

[ 2017-08-04T16:26:21+08:00 ] 127.0.0.1 /bgbcms/admin
INFO: [ app_init ] --START--
INFO: Run Behavior\BuildLiteBehavior [ RunTime:0.000051s ]
INFO: [ app_init ] --END-- [ RunTime:0.000980s ]
INFO: [ app_begin ] --START--
INFO: Run Behavior\ReadHtmlCacheBehavior [ RunTime:0.000744s ]
INFO: [ app_begin ] --END-- [ RunTime:0.000900s ]
NOTIC: [8] Undefined index: username /Users/llos/Documents/my_codes/bgbcms/Apps/Common/Common/function.php 第 15 行.

[ 2017-08-04T16:26:39+08:00 ] 127.0.0.1 /bgbcms/admin
INFO: [ app_init ] --START--
INFO: Run Behavior\BuildLiteBehavior [ RunTime:0.000039s ]
INFO: [ app_init ] --END-- [ RunTime:0.000577s ]
INFO: [ app_begin ] --START--
INFO: Run Behavior\ReadHtmlCacheBehavior [ RunTime:0.000593s ]
INFO: [ app_begin ] --END-- [ RunTime:0.000736s ]
NOTIC: [8] Undefined index: username /Users/llos/Documents/my_codes/bgbcms/Apps/Common/Common/function.php 第 15 行.

[ 2017-08-04T16:27:08+08:00 ] 127.0.0.1 /bgbcms/index.php?m=admin
INFO: [ app_init ] --START--
INFO: Run Behavior\BuildLiteBehavior [ RunTime:0.000027s ]
INFO: [ app_init ] --END-- [ RunTime:0.000460s ]
INFO: [ app_begin ] --START--
INFO: Run Behavior\ReadHtmlCacheBehavior [ RunTime:0.000537s ]
INFO: [ app_begin ] --END-- [ RunTime:0.000660s ]
NOTIC: [8] Undefined index: username /Users/llos/Documents/my_codes/bgbcms/Apps/Common/Common/function.php 第 15 行.

[ 2017-08-04T16:31:13+08:00 ] 127.0.0.1 /bgbcms/index.php?m=admin
INFO: [ app_init ] --START--
INFO: Run Behavior\BuildLiteBehavior [ RunTime:0.000046s ]
INFO: [ app_init ] --END-- [ RunTime:0.000816s ]
INFO: [ app_begin ] --START--
INFO: Run Behavior\ReadHtmlCacheBehavior [ RunTime:0.000599s ]
INFO: [ app_begin ] --END-- [ RunTime:0.000730s ]
NOTIC: [8] Undefined index: username /Users/llos/Documents/my_codes/bgbcms/Apps/Common/Common/function.php 第 15 行.

[ 2017-08-04T16:31:30+08:00 ] 127.0.0.1 /bgbcms/index.php?m=admin
INFO: [ app_init ] --START--
INFO: Run Behavior\BuildLiteBehavior [ RunTime:0.000037s ]
INFO: [ app_init ] --END-- [ RunTime:0.000575s ]
INFO: [ app_begin ] --START--
INFO: Run Behavior\ReadHtmlCacheBehavior [ RunTime:0.000961s ]
INFO: [ app_begin ] --END-- [ RunTime:0.001169s ]
NOTIC: [8] Undefined index: username /Users/llos/Documents/my_codes/bgbcms/Apps/Common/Common/function.php 第 15 行.

[ 2017-08-04T16:31:49+08:00 ] 127.0.0.1 /bgbcms/index.php?m=admin&c=Index&a=index
INFO: [ app_init ] --START--
INFO: Run Behavior\BuildLiteBehavior [ RunTime:0.000045s ]
INFO: [ app_init ] --END-- [ RunTime:0.000648s ]
INFO: [ app_begin ] --START--
INFO: Run Behavior\ReadHtmlCacheBehavior [ RunTime:0.000626s ]
INFO: [ app_begin ] --END-- [ RunTime:0.000762s ]
NOTIC: [8] Undefined index: username /Users/llos/Documents/my_codes/bgbcms/Apps/Common/Common/function.php 第 15 行.

[ 2017-08-04T16:34:33+08:00 ] 127.0.0.1 /bgbcms/index.php/Admin/Login/index.html
INFO: [ app_init ] --START--
INFO: Run Behavior\BuildLiteBehavior [ RunTime:0.000037s ]
INFO: [ app_init ] --END-- [ RunTime:0.000577s ]
INFO: [ app_begin ] --START--
INFO: Run Behavior\ReadHtmlCacheBehavior [ RunTime:0.000583s ]
INFO: [ app_begin ] --END-- [ RunTime:0.000715s ]
NOTIC: [8] Undefined index: username /Users/llos/Documents/my_codes/bgbcms/Apps/Admin/Controller/LoginController.class.php 第 20 行.
INFO: [ view_parse ] --START--
INFO: [ template_filter ] --START--
INFO: Run Behavior\ContentReplaceBehavior [ RunTime:0.000125s ]
INFO: [ template_filter ] --END-- [ RunTime:0.000266s ]
INFO: Run Behavior\ParseTemplateBehavior [ RunTime:0.011470s ]
INFO: [ view_parse ] --END-- [ RunTime:0.011617s ]
INFO: [ view_filter ] --START--
INFO: Run Behavior\WriteHtmlCacheBehavior [ RunTime:0.000200s ]
INFO: [ view_filter ] --END-- [ RunTime:0.000314s ]
INFO: [ app_end ] --START--
INFO: Run Behavior\ShowPageTraceBehavior [ RunTime:0.000591s ]
INFO: [ app_end ] --END-- [ RunTime:0.000713s ]

[ 2017-08-04T16:34:44+08:00 ] 127.0.0.1 /bgbcms/Admin/Login/index.html
INFO: [ app_init ] --START--
INFO: Run Behavior\BuildLiteBehavior [ RunTime:0.000050s ]
INFO: [ app_init ] --END-- [ RunTime:0.000822s ]
INFO: [ app_begin ] --START--
INFO: Run Behavior\ReadHtmlCacheBehavior [ RunTime:0.000686s ]
INFO: [ app_begin ] --END-- [ RunTime:0.000850s ]
NOTIC: [8] Undefined index: username /Users/llos/Documents/my_codes/bgbcms/Apps/Admin/Controller/LoginController.class.php 第 20 行.
INFO: [ view_parse ] --START--
INFO: [ template_filter ] --START--
INFO: Run Behavior\ContentReplaceBehavior [ RunTime:0.000229s ]
INFO: [ template_filter ] --END-- [ RunTime:0.000478s ]
INFO: Run Behavior\ParseTemplateBehavior [ RunTime:0.015818s ]
INFO: [ view_parse ] --END-- [ RunTime:0.015975s ]
INFO: [ view_filter ] --START--
INFO: Run Behavior\WriteHtmlCacheBehavior [ RunTime:0.000322s ]
INFO: [ view_filter ] --END-- [ RunTime:0.000477s ]
INFO: [ app_end ] --START--
INFO: Run Behavior\ShowPageTraceBehavior [ RunTime:0.000632s ]
INFO: [ app_end ] --END-- [ RunTime:0.000916s ]

[ 2017-08-04T16:34:52+08:00 ] 127.0.0.1 /bgbcms/index.php/Admin/Login/index.html
INFO: [ app_init ] --START--
INFO: Run Behavior\BuildLiteBehavior [ RunTime:0.000076s ]
INFO: [ app_init ] --END-- [ RunTime:0.001110s ]
INFO: [ app_begin ] --START--
INFO: Run Behavior\ReadHtmlCacheBehavior [ RunTime:0.001226s ]
INFO: [ app_begin ] --END-- [ RunTime:0.001436s ]
NOTIC: [8] Undefined index: username /Users/llos/Documents/my_codes/bgbcms/Apps/Admin/Controller/LoginController.class.php 第 20 行.
INFO: [ view_parse ] --START--
INFO: [ template_filter ] --START--
INFO: Run Behavior\ContentReplaceBehavior [ RunTime:0.000137s ]
INFO: [ template_filter ] --END-- [ RunTime:0.000286s ]
INFO: Run Behavior\ParseTemplateBehavior [ RunTime:0.015315s ]
INFO: [ view_parse ] --END-- [ RunTime:0.015482s ]
INFO: [ view_filter ] --START--
INFO: Run Behavior\WriteHtmlCacheBehavior [ RunTime:0.000296s ]
INFO: [ view_filter ] --END-- [ RunTime:0.000436s ]
INFO: [ app_end ] --START--
INFO: Run Behavior\ShowPageTraceBehavior [ RunTime:0.000708s ]
INFO: [ app_end ] --END-- [ RunTime:0.000839s ]

[ 2017-08-04T16:35:43+08:00 ] 127.0.0.1 /bgbcms/index.php?m=Admin
INFO: [ app_init ] --START--
INFO: Run Behavior\BuildLiteBehavior [ RunTime:0.000082s ]
INFO: [ app_init ] --END-- [ RunTime:0.001514s ]
INFO: [ app_begin ] --START--
INFO: Run Behavior\ReadHtmlCacheBehavior [ RunTime:0.000743s ]
INFO: [ app_begin ] --END-- [ RunTime:0.000899s ]
NOTIC: [8] Undefined index: username /Users/llos/Documents/my_codes/bgbcms/Apps/Common/Common/function.php 第 15 行.

[ 2017-08-04T16:35:43+08:00 ] 127.0.0.1 /bgbcms/index.php/Admin/Login/index.html
INFO: [ app_init ] --START--
INFO: Run Behavior\BuildLiteBehavior [ RunTime:0.000028s ]
INFO: [ app_init ] --END-- [ RunTime:0.000459s ]
INFO: [ app_begin ] --START--
INFO: Run Behavior\ReadHtmlCacheBehavior [ RunTime:0.000596s ]
INFO: [ app_begin ] --END-- [ RunTime:0.000772s ]
NOTIC: [8] Undefined index: username /Users/llos/Documents/my_codes/bgbcms/Apps/Admin/Controller/LoginController.class.php 第 20 行.
INFO: [ view_parse ] --START--
INFO: [ template_filter ] --START--
INFO: Run Behavior\ContentReplaceBehavior [ RunTime:0.000091s ]
INFO: [ template_filter ] --END-- [ RunTime:0.000231s ]
INFO: Run Behavior\ParseTemplateBehavior [ RunTime:0.012359s ]
INFO: [ view_parse ] --END-- [ RunTime:0.012621s ]
INFO: [ view_filter ] --START--
INFO: Run Behavior\WriteHtmlCacheBehavior [ RunTime:0.000201s ]
INFO: [ view_filter ] --END-- [ RunTime:0.000309s ]
INFO: [ app_end ] --START--
INFO: Run Behavior\ShowPageTraceBehavior [ RunTime:0.000604s ]
INFO: [ app_end ] --END-- [ RunTime:0.000718s ]

[ 2017-08-04T16:36:29+08:00 ] 127.0.0.1 /bgbcms/index.php?m=Admin
INFO: [ app_init ] --START--
INFO: Run Behavior\BuildLiteBehavior [ RunTime:0.000084s ]
INFO: [ app_init ] --END-- [ RunTime:0.000801s ]
INFO: [ app_begin ] --START--
INFO: Run Behavior\ReadHtmlCacheBehavior [ RunTime:0.000921s ]
INFO: [ app_begin ] --END-- [ RunTime:0.001170s ]
NOTIC: [8] Undefined index: username /Users/llos/Documents/my_codes/bgbcms/Apps/Common/Common/function.php 第 15 行.

[ 2017-08-04T16:36:29+08:00 ] 127.0.0.1 /bgbcms/index.php/Admin/Login/index.html
INFO: [ app_init ] --START--
INFO: Run Behavior\BuildLiteBehavior [ RunTime:0.000031s ]
INFO: [ app_init ] --END-- [ RunTime:0.000553s ]
INFO: [ app_begin ] --START--
INFO: Run Behavior\ReadHtmlCacheBehavior [ RunTime:0.000591s ]
INFO: [ app_begin ] --END-- [ RunTime:0.000729s ]
NOTIC: [8] Undefined index: username /Users/llos/Documents/my_codes/bgbcms/Apps/Admin/Controller/LoginController.class.php 第 20 行.
INFO: [ view_parse ] --START--
INFO: [ template_filter ] --START--
INFO: Run Behavior\ContentReplaceBehavior [ RunTime:0.000156s ]
INFO: [ template_filter ] --END-- [ RunTime:0.000402s ]
INFO: Run Behavior\ParseTemplateBehavior [ RunTime:0.013401s ]
INFO: [ view_parse ] --END-- [ RunTime:0.013671s ]
INFO: [ view_filter ] --START--
INFO: Run Behavior\WriteHtmlCacheBehavior [ RunTime:0.000392s ]
INFO: [ view_filter ] --END-- [ RunTime:0.000556s ]
INFO: [ app_end ] --START--
INFO: Run Behavior\ShowPageTraceBehavior [ RunTime:0.000580s ]
INFO: [ app_end ] --END-- [ RunTime:0.000698s ]

[ 2017-08-04T16:37:13+08:00 ] 127.0.0.1 /bgbcms/index.php?m=admin&c=index
INFO: [ app_init ] --START--
INFO: Run Behavior\BuildLiteBehavior [ RunTime:0.000028s ]
INFO: [ app_init ] --END-- [ RunTime:0.000461s ]
INFO: [ app_begin ] --START--
INFO: Run Behavior\ReadHtmlCacheBehavior [ RunTime:0.000710s ]
INFO: [ app_begin ] --END-- [ RunTime:0.000888s ]
NOTIC: [8] Undefined index: username /Users/llos/Documents/my_codes/bgbcms/Apps/Common/Common/function.php 第 15 行.

[ 2017-08-04T16:37:13+08:00 ] 127.0.0.1 /bgbcms/index.php/Admin/Login/index.html
INFO: [ app_init ] --START--
INFO: Run Behavior\BuildLiteBehavior [ RunTime:0.000029s ]
INFO: [ app_init ] --END-- [ RunTime:0.000485s ]
INFO: [ app_begin ] --START--
INFO: Run Behavior\ReadHtmlCacheBehavior [ RunTime:0.000613s ]
INFO: [ app_begin ] --END-- [ RunTime:0.000827s ]
NOTIC: [8] Undefined index: username /Users/llos/Documents/my_codes/bgbcms/Apps/Admin/Controller/LoginController.class.php 第 20 行.
INFO: [ view_parse ] --START--
INFO: [ template_filter ] --START--
INFO: Run Behavior\ContentReplaceBehavior [ RunTime:0.000087s ]
INFO: [ template_filter ] --END-- [ RunTime:0.000220s ]
INFO: Run Behavior\ParseTemplateBehavior [ RunTime:0.011169s ]
INFO: [ view_parse ] --END-- [ RunTime:0.011287s ]
INFO: [ view_filter ] --START--
INFO: Run Behavior\WriteHtmlCacheBehavior [ RunTime:0.000217s ]
INFO: [ view_filter ] --END-- [ RunTime:0.000323s ]
INFO: [ app_end ] --START--
INFO: Run Behavior\ShowPageTraceBehavior [ RunTime:0.000551s ]
INFO: [ app_end ] --END-- [ RunTime:0.000666s ]

[ 2017-08-04T16:37:30+08:00 ] 127.0.0.1 /bgbcms/index.php?m=Admin&c=Login&a=check
INFO: [ app_init ] --START--
INFO: Run Behavior\BuildLiteBehavior [ RunTime:0.000030s ]
INFO: [ app_init ] --END-- [ RunTime:0.000504s ]
INFO: [ app_begin ] --START--
INFO: Run Behavior\ReadHtmlCacheBehavior [ RunTime:0.000525s ]
INFO: [ app_begin ] --END-- [ RunTime:0.000630s ]
SQL: SHOW COLUMNS FROM `bgbcms_user` [ RunTime:0.0294s ]
SQL: SELECT `password`,`status` FROM `bgbcms_user` WHERE ( username="admin" ) LIMIT 1   [ RunTime:0.0276s ]

[ 2017-08-04T16:37:32+08:00 ] 127.0.0.1 /bgbcms/index.php/Admin/Index/index.html
INFO: [ app_init ] --START--
INFO: Run Behavior\BuildLiteBehavior [ RunTime:0.000035s ]
INFO: [ app_init ] --END-- [ RunTime:0.000572s ]
INFO: [ app_begin ] --START--
INFO: Run Behavior\ReadHtmlCacheBehavior [ RunTime:0.000833s ]
INFO: [ app_begin ] --END-- [ RunTime:0.000992s ]
INFO: [ view_parse ] --START--
INFO: [ template_filter ] --START--
INFO: Run Behavior\ContentReplaceBehavior [ RunTime:0.000106s ]
INFO: [ template_filter ] --END-- [ RunTime:0.000242s ]
INFO: Run Behavior\ParseTemplateBehavior [ RunTime:0.017706s ]
INFO: [ view_parse ] --END-- [ RunTime:0.017858s ]
INFO: [ view_filter ] --START--
INFO: Run Behavior\WriteHtmlCacheBehavior [ RunTime:0.000197s ]
INFO: [ view_filter ] --END-- [ RunTime:0.000308s ]
INFO: [ app_end ] --START--
INFO: Run Behavior\ShowPageTraceBehavior [ RunTime:0.000622s ]
INFO: [ app_end ] --END-- [ RunTime:0.000747s ]

[ 2017-08-04T16:37:34+08:00 ] 127.0.0.1 /bgbcms/index.php?m=Admin&c=Article&a=index
INFO: [ app_init ] --START--
INFO: Run Behavior\BuildLiteBehavior [ RunTime:0.000029s ]
INFO: [ app_init ] --END-- [ RunTime:0.000468s ]
INFO: [ app_begin ] --START--
INFO: Run Behavior\ReadHtmlCacheBehavior [ RunTime:0.000521s ]
INFO: [ app_begin ] --END-- [ RunTime:0.000640s ]

[ 2017-08-04T16:37:34+08:00 ] 127.0.0.1 /bgbcms/index.php/Admin/Article/item.html
INFO: [ app_init ] --START--
INFO: Run Behavior\BuildLiteBehavior [ RunTime:0.000030s ]
INFO: [ app_init ] --END-- [ RunTime:0.000452s ]
INFO: [ app_begin ] --START--
INFO: Run Behavior\ReadHtmlCacheBehavior [ RunTime:0.000512s ]
INFO: [ app_begin ] --END-- [ RunTime:0.000631s ]
INFO: [ view_parse ] --START--
INFO: [ template_filter ] --START--
INFO: Run Behavior\ContentReplaceBehavior [ RunTime:0.000102s ]
INFO: [ template_filter ] --END-- [ RunTime:0.000248s ]
NOTIC: [8] Undefined variable: menu_type /Users/llos/Documents/my_codes/bgbcms/Apps/Runtime/Cache/Admin/ff874b4eae41e24ae0a265590b63794e.php 第 163 行.
NOTIC: [8] Undefined variable: menu_type /Users/llos/Documents/my_codes/bgbcms/Apps/Runtime/Cache/Admin/ff874b4eae41e24ae0a265590b63794e.php 第 166 行.
NOTIC: [8] Undefined variable: menu_type /Users/llos/Documents/my_codes/bgbcms/Apps/Runtime/Cache/Admin/ff874b4eae41e24ae0a265590b63794e.php 第 169 行.
NOTIC: [8] Undefined variable: contents /Users/llos/Documents/my_codes/bgbcms/Apps/Runtime/Cache/Admin/ff874b4eae41e24ae0a265590b63794e.php 第 214 行.
NOTIC: [8] Undefined variable: currentPage /Users/llos/Documents/my_codes/bgbcms/Apps/Runtime/Cache/Admin/ff874b4eae41e24ae0a265590b63794e.php 第 245 行.
NOTIC: [8] Undefined variable: pagecnt /Users/llos/Documents/my_codes/bgbcms/Apps/Runtime/Cache/Admin/ff874b4eae41e24ae0a265590b63794e.php 第 249 行.
NOTIC: [8] Undefined variable: currentPage /Users/llos/Documents/my_codes/bgbcms/Apps/Runtime/Cache/Admin/ff874b4eae41e24ae0a265590b63794e.php 第 253 行.
NOTIC: [8] Undefined variable: totalPage /Users/llos/Documents/my_codes/bgbcms/Apps/Runtime/Cache/Admin/ff874b4eae41e24ae0a265590b63794e.php 第 254 行.
NOTIC: [8] Undefined variable: page /Users/llos/Documents/my_codes/bgbcms/Apps/Runtime/Cache/Admin/ff874b4eae41e24ae0a265590b63794e.php 第 258 行.
INFO: Run Behavior\ParseTemplateBehavior [ RunTime:0.031609s ]
INFO: [ view_parse ] --END-- [ RunTime:0.031807s ]
INFO: [ view_filter ] --START--
INFO: Run Behavior\WriteHtmlCacheBehavior [ RunTime:0.000202s ]
INFO: [ view_filter ] --END-- [ RunTime:0.000337s ]
INFO: [ app_end ] --START--
INFO: Run Behavior\ShowPageTraceBehavior [ RunTime:0.001369s ]
INFO: [ app_end ] --END-- [ RunTime:0.001606s ]

[ 2017-08-04T16:37:36+08:00 ] 127.0.0.1 /bgbcms/index.php?m=Admin&c=Menu&a=index
INFO: [ app_init ] --START--
INFO: Run Behavior\BuildLiteBehavior [ RunTime:0.000029s ]
INFO: [ app_init ] --END-- [ RunTime:0.000464s ]
INFO: [ app_begin ] --START--
INFO: Run Behavior\ReadHtmlCacheBehavior [ RunTime:0.000711s ]
INFO: [ app_begin ] --END-- [ RunTime:0.000834s ]
NOTIC: [8] Undefined index: type /Users/llos/Documents/my_codes/bgbcms/Apps/Admin/Controller/MenuController.class.php 第 32 行.
NOTIC: [8] Undefined index: p /Users/llos/Documents/my_codes/bgbcms/Apps/Admin/Controller/MenuController.class.php 第 33 行.
NOTIC: [8] Undefined index: pageSize /Users/llos/Documents/my_codes/bgbcms/Apps/Admin/Controller/MenuController.class.php 第 34 行.
SQL: SHOW COLUMNS FROM `bgbcms_menu` [ RunTime:0.0281s ]
SQL: SELECT `order`,`id`,`name`,`mname`,`type`,`state` FROM `bgbcms_menu` ORDER BY `order`,`id` LIMIT 0,2   [ RunTime:0.0272s ]
SQL: SELECT COUNT(*) AS tp_count FROM `bgbcms_menu` LIMIT 1   [ RunTime:0.0267s ]
INFO: [ view_parse ] --START--
INFO: [ template_filter ] --START--
INFO: Run Behavior\ContentReplaceBehavior [ RunTime:0.000129s ]
INFO: [ template_filter ] --END-- [ RunTime:0.000286s ]
NOTIC: [8] Undefined variable: page /Users/llos/Documents/my_codes/bgbcms/Apps/Runtime/Cache/Admin/db3da01c8f36ad38f6ba709720b2de06.php 第 234 行.
INFO: Run Behavior\ParseTemplateBehavior [ RunTime:0.035233s ]
INFO: [ view_parse ] --END-- [ RunTime:0.035441s ]
INFO: [ view_filter ] --START--
INFO: Run Behavior\WriteHtmlCacheBehavior [ RunTime:0.000289s ]
INFO: [ view_filter ] --END-- [ RunTime:0.000461s ]
INFO: [ app_end ] --START--
INFO: Run Behavior\ShowPageTraceBehavior [ RunTime:0.000695s ]
INFO: [ app_end ] --END-- [ RunTime:0.000858s ]

[ 2017-08-04T16:37:39+08:00 ] 127.0.0.1 /bgbcms/index.php?m=Admin
INFO: [ app_init ] --START--
INFO: Run Behavior\BuildLiteBehavior [ RunTime:0.000029s ]
INFO: [ app_init ] --END-- [ RunTime:0.000462s ]
INFO: [ app_begin ] --START--
INFO: Run Behavior\ReadHtmlCacheBehavior [ RunTime:0.000515s ]
INFO: [ app_begin ] --END-- [ RunTime:0.000663s ]
INFO: [ view_parse ] --START--
INFO: [ template_filter ] --START--
INFO: Run Behavior\ContentReplaceBehavior [ RunTime:0.000239s ]
INFO: [ template_filter ] --END-- [ RunTime:0.000502s ]
INFO: Run Behavior\ParseTemplateBehavior [ RunTime:0.020301s ]
INFO: [ view_parse ] --END-- [ RunTime:0.020481s ]
INFO: [ view_filter ] --START--
INFO: Run Behavior\WriteHtmlCacheBehavior [ RunTime:0.000355s ]
INFO: [ view_filter ] --END-- [ RunTime:0.000559s ]
INFO: [ app_end ] --START--
INFO: Run Behavior\ShowPageTraceBehavior [ RunTime:0.001140s ]
INFO: [ app_end ] --END-- [ RunTime:0.001362s ]

[ 2017-08-04T16:37:42+08:00 ] 127.0.0.1 /bgbcms/index.php?m=Admin&c=Menu&a=index
INFO: [ app_init ] --START--
INFO: Run Behavior\BuildLiteBehavior [ RunTime:0.000030s ]
INFO: [ app_init ] --END-- [ RunTime:0.000494s ]
INFO: [ app_begin ] --START--
INFO: Run Behavior\ReadHtmlCacheBehavior [ RunTime:0.000563s ]
INFO: [ app_begin ] --END-- [ RunTime:0.000708s ]
NOTIC: [8] Undefined index: type /Users/llos/Documents/my_codes/bgbcms/Apps/Admin/Controller/MenuController.class.php 第 32 行.
NOTIC: [8] Undefined index: p /Users/llos/Documents/my_codes/bgbcms/Apps/Admin/Controller/MenuController.class.php 第 33 行.
NOTIC: [8] Undefined index: pageSize /Users/llos/Documents/my_codes/bgbcms/Apps/Admin/Controller/MenuController.class.php 第 34 行.
SQL: SHOW COLUMNS FROM `bgbcms_menu` [ RunTime:0.0287s ]
SQL: SELECT `order`,`id`,`name`,`mname`,`type`,`state` FROM `bgbcms_menu` ORDER BY `order`,`id` LIMIT 0,2   [ RunTime:0.0284s ]
SQL: SELECT COUNT(*) AS tp_count FROM `bgbcms_menu` LIMIT 1   [ RunTime:0.0281s ]
INFO: [ view_parse ] --START--
INFO: [ template_filter ] --START--
INFO: Run Behavior\ContentReplaceBehavior [ RunTime:0.000131s ]
INFO: [ template_filter ] --END-- [ RunTime:0.000278s ]
NOTIC: [8] Undefined variable: page /Users/llos/Documents/my_codes/bgbcms/Apps/Runtime/Cache/Admin/db3da01c8f36ad38f6ba709720b2de06.php 第 234 行.
INFO: Run Behavior\ParseTemplateBehavior [ RunTime:0.042475s ]
INFO: [ view_parse ] --END-- [ RunTime:0.042822s ]
INFO: [ view_filter ] --START--
INFO: Run Behavior\WriteHtmlCacheBehavior [ RunTime:0.000805s ]
INFO: [ view_filter ] --END-- [ RunTime:0.001075s ]
INFO: [ app_end ] --START--
INFO: Run Behavior\ShowPageTraceBehavior [ RunTime:0.001249s ]
INFO: [ app_end ] --END-- [ RunTime:0.001694s ]

[ 2017-08-04T16:37:44+08:00 ] 127.0.0.1 /bgbcms/index.php?m=Admin&c=Article&a=index
INFO: [ app_init ] --START--
INFO: Run Behavior\BuildLiteBehavior [ RunTime:0.000028s ]
INFO: [ app_init ] --END-- [ RunTime:0.000454s ]
INFO: [ app_begin ] --START--
INFO: Run Behavior\ReadHtmlCacheBehavior [ RunTime:0.000576s ]
INFO: [ app_begin ] --END-- [ RunTime:0.000696s ]

[ 2017-08-04T16:37:44+08:00 ] 127.0.0.1 /bgbcms/index.php/Admin/Article/item.html
INFO: [ app_init ] --START--
INFO: Run Behavior\BuildLiteBehavior [ RunTime:0.000032s ]
INFO: [ app_init ] --END-- [ RunTime:0.000533s ]
INFO: [ app_begin ] --START--
INFO: Run Behavior\ReadHtmlCacheBehavior [ RunTime:0.000536s ]
INFO: [ app_begin ] --END-- [ RunTime:0.000657s ]
INFO: [ view_parse ] --START--
INFO: [ template_filter ] --START--
INFO: Run Behavior\ContentReplaceBehavior [ RunTime:0.000184s ]
INFO: [ template_filter ] --END-- [ RunTime:0.000375s ]
NOTIC: [8] Undefined variable: menu_type /Users/llos/Documents/my_codes/bgbcms/Apps/Runtime/Cache/Admin/ff874b4eae41e24ae0a265590b63794e.php 第 163 行.
NOTIC: [8] Undefined variable: menu_type /Users/llos/Documents/my_codes/bgbcms/Apps/Runtime/Cache/Admin/ff874b4eae41e24ae0a265590b63794e.php 第 166 行.
NOTIC: [8] Undefined variable: menu_type /Users/llos/Documents/my_codes/bgbcms/Apps/Runtime/Cache/Admin/ff874b4eae41e24ae0a265590b63794e.php 第 169 行.
NOTIC: [8] Undefined variable: contents /Users/llos/Documents/my_codes/bgbcms/Apps/Runtime/Cache/Admin/ff874b4eae41e24ae0a265590b63794e.php 第 214 行.
NOTIC: [8] Undefined variable: currentPage /Users/llos/Documents/my_codes/bgbcms/Apps/Runtime/Cache/Admin/ff874b4eae41e24ae0a265590b63794e.php 第 245 行.
NOTIC: [8] Undefined variable: pagecnt /Users/llos/Documents/my_codes/bgbcms/Apps/Runtime/Cache/Admin/ff874b4eae41e24ae0a265590b63794e.php 第 249 行.
NOTIC: [8] Undefined variable: currentPage /Users/llos/Documents/my_codes/bgbcms/Apps/Runtime/Cache/Admin/ff874b4eae41e24ae0a265590b63794e.php 第 253 行.
NOTIC: [8] Undefined variable: totalPage /Users/llos/Documents/my_codes/bgbcms/Apps/Runtime/Cache/Admin/ff874b4eae41e24ae0a265590b63794e.php 第 254 行.
NOTIC: [8] Undefined variable: page /Users/llos/Documents/my_codes/bgbcms/Apps/Runtime/Cache/Admin/ff874b4eae41e24ae0a265590b63794e.php 第 258 行.
INFO: Run Behavior\ParseTemplateBehavior [ RunTime:0.027239s ]
INFO: [ view_parse ] --END-- [ RunTime:0.027373s ]
INFO: [ view_filter ] --START--
INFO: Run Behavior\WriteHtmlCacheBehavior [ RunTime:0.000242s ]
INFO: [ view_filter ] --END-- [ RunTime:0.000370s ]
INFO: [ app_end ] --START--
INFO: Run Behavior\ShowPageTraceBehavior [ RunTime:0.000673s ]
INFO: [ app_end ] --END-- [ RunTime:0.000809s ]

[ 2017-08-04T16:39:43+08:00 ] 127.0.0.1 /bgbcms/index.php?s=admin
INFO: [ app_init ] --START--
INFO: Run Behavior\BuildLiteBehavior [ RunTime:0.000029s ]
INFO: [ app_init ] --END-- [ RunTime:0.000462s ]
INFO: [ app_begin ] --START--
INFO: Run Behavior\ReadHtmlCacheBehavior [ RunTime:0.000576s ]
INFO: [ app_begin ] --END-- [ RunTime:0.000708s ]
INFO: [ view_parse ] --START--
INFO: [ template_filter ] --START--
INFO: Run Behavior\ContentReplaceBehavior [ RunTime:0.000096s ]
INFO: [ template_filter ] --END-- [ RunTime:0.000239s ]
INFO: Run Behavior\ParseTemplateBehavior [ RunTime:0.014593s ]
INFO: [ view_parse ] --END-- [ RunTime:0.014725s ]
INFO: [ view_filter ] --START--
INFO: Run Behavior\WriteHtmlCacheBehavior [ RunTime:0.000204s ]
INFO: [ view_filter ] --END-- [ RunTime:0.000312s ]
INFO: [ app_end ] --START--
INFO: Run Behavior\ShowPageTraceBehavior [ RunTime:0.000663s ]
INFO: [ app_end ] --END-- [ RunTime:0.000786s ]

[ 2017-08-04T16:39:54+08:00 ] 127.0.0.1 /bgbcms/index.php?s=admin/index/index
INFO: [ app_init ] --START--
INFO: Run Behavior\BuildLiteBehavior [ RunTime:0.000033s ]
INFO: [ app_init ] --END-- [ RunTime:0.000595s ]
INFO: [ app_begin ] --START--
INFO: Run Behavior\ReadHtmlCacheBehavior [ RunTime:0.000821s ]
INFO: [ app_begin ] --END-- [ RunTime:0.000993s ]
INFO: [ view_parse ] --START--
INFO: [ template_filter ] --START--
INFO: Run Behavior\ContentReplaceBehavior [ RunTime:0.000170s ]
INFO: [ template_filter ] --END-- [ RunTime:0.000422s ]
INFO: Run Behavior\ParseTemplateBehavior [ RunTime:0.019237s ]
INFO: [ view_parse ] --END-- [ RunTime:0.019445s ]
INFO: [ view_filter ] --START--
INFO: Run Behavior\WriteHtmlCacheBehavior [ RunTime:0.000362s ]
INFO: [ view_filter ] --END-- [ RunTime:0.000560s ]
INFO: [ app_end ] --START--
INFO: Run Behavior\ShowPageTraceBehavior [ RunTime:0.000844s ]
INFO: [ app_end ] --END-- [ RunTime:0.001028s ]

[ 2017-08-04T16:40:03+08:00 ] 127.0.0.1 /bgbcms/index.php?s=admin/menu
INFO: [ app_init ] --START--
INFO: Run Behavior\BuildLiteBehavior [ RunTime:0.000028s ]
INFO: [ app_init ] --END-- [ RunTime:0.000481s ]
INFO: [ app_begin ] --START--
INFO: Run Behavior\ReadHtmlCacheBehavior [ RunTime:0.000518s ]
INFO: [ app_begin ] --END-- [ RunTime:0.000637s ]
NOTIC: [8] Undefined index: type /Users/llos/Documents/my_codes/bgbcms/Apps/Admin/Controller/MenuController.class.php 第 32 行.
NOTIC: [8] Undefined index: p /Users/llos/Documents/my_codes/bgbcms/Apps/Admin/Controller/MenuController.class.php 第 33 行.
NOTIC: [8] Undefined index: pageSize /Users/llos/Documents/my_codes/bgbcms/Apps/Admin/Controller/MenuController.class.php 第 34 行.
SQL: SHOW COLUMNS FROM `bgbcms_menu` [ RunTime:0.0293s ]
SQL: SELECT `order`,`id`,`name`,`mname`,`type`,`state` FROM `bgbcms_menu` ORDER BY `order`,`id` LIMIT 0,2   [ RunTime:0.0284s ]
SQL: SELECT COUNT(*) AS tp_count FROM `bgbcms_menu` LIMIT 1   [ RunTime:0.0285s ]
INFO: [ view_parse ] --START--
INFO: [ template_filter ] --START--
INFO: Run Behavior\ContentReplaceBehavior [ RunTime:0.000104s ]
INFO: [ template_filter ] --END-- [ RunTime:0.000240s ]
NOTIC: [8] Undefined variable: page /Users/llos/Documents/my_codes/bgbcms/Apps/Runtime/Cache/Admin/db3da01c8f36ad38f6ba709720b2de06.php 第 234 行.
INFO: Run Behavior\ParseTemplateBehavior [ RunTime:0.027367s ]
INFO: [ view_parse ] --END-- [ RunTime:0.027609s ]
INFO: [ view_filter ] --START--
INFO: Run Behavior\WriteHtmlCacheBehavior [ RunTime:0.000365s ]
INFO: [ view_filter ] --END-- [ RunTime:0.000565s ]
INFO: [ app_end ] --START--
INFO: Run Behavior\ShowPageTraceBehavior [ RunTime:0.000660s ]
INFO: [ app_end ] --END-- [ RunTime:0.000783s ]

[ 2017-08-04T16:40:42+08:00 ] 127.0.0.1 /bgbcms/index.php?m=admin&c=index
INFO: [ app_init ] --START--
INFO: Run Behavior\BuildLiteBehavior [ RunTime:0.000035s ]
INFO: [ app_init ] --END-- [ RunTime:0.000676s ]
INFO: [ app_begin ] --START--
INFO: Run Behavior\ReadHtmlCacheBehavior [ RunTime:0.000630s ]
INFO: [ app_begin ] --END-- [ RunTime:0.000786s ]
INFO: [ view_parse ] --START--
INFO: [ template_filter ] --START--
INFO: Run Behavior\ContentReplaceBehavior [ RunTime:0.000091s ]
INFO: [ template_filter ] --END-- [ RunTime:0.000227s ]
INFO: Run Behavior\ParseTemplateBehavior [ RunTime:0.014816s ]
INFO: [ view_parse ] --END-- [ RunTime:0.014969s ]
INFO: [ view_filter ] --START--
INFO: Run Behavior\WriteHtmlCacheBehavior [ RunTime:0.000198s ]
INFO: [ view_filter ] --END-- [ RunTime:0.000310s ]
INFO: [ app_end ] --START--
INFO: Run Behavior\ShowPageTraceBehavior [ RunTime:0.000593s ]
INFO: [ app_end ] --END-- [ RunTime:0.000714s ]

[ 2017-08-04T16:41:40+08:00 ] 127.0.0.1 /bgbcms/index.php?m=admin&c=index
INFO: [ app_init ] --START--
INFO: Run Behavior\BuildLiteBehavior [ RunTime:0.000037s ]
INFO: [ app_init ] --END-- [ RunTime:0.000622s ]
INFO: [ app_begin ] --START--
INFO: Run Behavior\ReadHtmlCacheBehavior [ RunTime:0.000670s ]
INFO: [ app_begin ] --END-- [ RunTime:0.000875s ]
INFO: [ view_parse ] --START--
INFO: [ template_filter ] --START--
INFO: Run Behavior\ContentReplaceBehavior [ RunTime:0.000167s ]
INFO: [ template_filter ] --END-- [ RunTime:0.000396s ]
INFO: Run Behavior\ParseTemplateBehavior [ RunTime:0.018352s ]
INFO: [ view_parse ] --END-- [ RunTime:0.018569s ]
INFO: [ view_filter ] --START--
INFO: Run Behavior\WriteHtmlCacheBehavior [ RunTime:0.000247s ]
INFO: [ view_filter ] --END-- [ RunTime:0.000378s ]
INFO: [ app_end ] --START--
INFO: Run Behavior\ShowPageTraceBehavior [ RunTime:0.000731s ]
INFO: [ app_end ] --END-- [ RunTime:0.000874s ]

[ 2017-08-04T16:41:45+08:00 ] 127.0.0.1 /bgbcms/index.php?m=admin&c=index
INFO: [ app_init ] --START--
INFO: Run Behavior\BuildLiteBehavior [ RunTime:0.000045s ]
INFO: [ app_init ] --END-- [ RunTime:0.000712s ]
INFO: [ app_begin ] --START--
INFO: Run Behavior\ReadHtmlCacheBehavior [ RunTime:0.000650s ]
INFO: [ app_begin ] --END-- [ RunTime:0.000788s ]
INFO: [ view_parse ] --START--
INFO: [ template_filter ] --START--
INFO: Run Behavior\ContentReplaceBehavior [ RunTime:0.000141s ]
INFO: [ template_filter ] --END-- [ RunTime:0.000279s ]
INFO: Run Behavior\ParseTemplateBehavior [ RunTime:0.015988s ]
INFO: [ view_parse ] --END-- [ RunTime:0.016178s ]
INFO: [ view_filter ] --START--
INFO: Run Behavior\WriteHtmlCacheBehavior [ RunTime:0.000204s ]
INFO: [ view_filter ] --END-- [ RunTime:0.000312s ]
INFO: [ app_end ] --START--
INFO: Run Behavior\ShowPageTraceBehavior [ RunTime:0.000657s ]
INFO: [ app_end ] --END-- [ RunTime:0.000785s ]

[ 2017-08-04T16:41:59+08:00 ] 127.0.0.1 /bgbcms/index.php?m=Admin
INFO: [ app_init ] --START--
INFO: Run Behavior\BuildLiteBehavior [ RunTime:0.000040s ]
INFO: [ app_init ] --END-- [ RunTime:0.000748s ]
INFO: [ app_begin ] --START--
INFO: Run Behavior\ReadHtmlCacheBehavior [ RunTime:0.000673s ]
INFO: [ app_begin ] --END-- [ RunTime:0.000888s ]
INFO: [ view_parse ] --START--
INFO: [ template_filter ] --START--
INFO: Run Behavior\ContentReplaceBehavior [ RunTime:0.000191s ]
INFO: [ template_filter ] --END-- [ RunTime:0.000378s ]
INFO: Run Behavior\ParseTemplateBehavior [ RunTime:0.018796s ]
INFO: [ view_parse ] --END-- [ RunTime:0.018951s ]
INFO: [ view_filter ] --START--
INFO: Run Behavior\WriteHtmlCacheBehavior [ RunTime:0.000278s ]
INFO: [ view_filter ] --END-- [ RunTime:0.000439s ]
INFO: [ app_end ] --START--
INFO: Run Behavior\ShowPageTraceBehavior [ RunTime:0.000712s ]
INFO: [ app_end ] --END-- [ RunTime:0.000851s ]

[ 2017-08-04T16:42:33+08:00 ] 127.0.0.1 /bgbcms/index.php?m=Admin
INFO: [ app_init ] --START--
INFO: Run Behavior\BuildLiteBehavior [ RunTime:0.000041s ]
INFO: [ app_init ] --END-- [ RunTime:0.000533s ]
INFO: [ app_begin ] --START--
INFO: Run Behavior\ReadHtmlCacheBehavior [ RunTime:0.000522s ]
INFO: [ app_begin ] --END-- [ RunTime:0.000640s ]
INFO: [ view_parse ] --START--
INFO: [ template_filter ] --START--
INFO: Run Behavior\ContentReplaceBehavior [ RunTime:0.000160s ]
INFO: [ template_filter ] --END-- [ RunTime:0.000394s ]
INFO: Run Behavior\ParseTemplateBehavior [ RunTime:0.017976s ]
INFO: [ view_parse ] --END-- [ RunTime:0.018156s ]
INFO: [ view_filter ] --START--
INFO: Run Behavior\WriteHtmlCacheBehavior [ RunTime:0.000345s ]
INFO: [ view_filter ] --END-- [ RunTime:0.000545s ]
INFO: [ app_end ] --START--
INFO: Run Behavior\ShowPageTraceBehavior [ RunTime:0.000947s ]
INFO: [ app_end ] --END-- [ RunTime:0.001128s ]

[ 2017-08-04T16:42:41+08:00 ] 127.0.0.1 /bgbcms/index.php?m=Admin&c=Login&a=logout
INFO: [ app_init ] --START--
INFO: Run Behavior\BuildLiteBehavior [ RunTime:0.000034s ]
INFO: [ app_init ] --END-- [ RunTime:0.000580s ]
INFO: [ app_begin ] --START--
INFO: Run Behavior\ReadHtmlCacheBehavior [ RunTime:0.000616s ]
INFO: [ app_begin ] --END-- [ RunTime:0.000755s ]

[ 2017-08-04T16:42:50+08:00 ] 127.0.0.1 /bgbcms//Admin/Login/index.html
INFO: [ app_init ] --START--
INFO: Run Behavior\BuildLiteBehavior [ RunTime:0.000037s ]
INFO: [ app_init ] --END-- [ RunTime:0.000699s ]
INFO: [ app_begin ] --START--
INFO: Run Behavior\ReadHtmlCacheBehavior [ RunTime:0.000593s ]
INFO: [ app_begin ] --END-- [ RunTime:0.000741s ]
INFO: [ view_parse ] --START--
INFO: [ template_filter ] --START--
INFO: Run Behavior\ContentReplaceBehavior [ RunTime:0.000108s ]
INFO: [ template_filter ] --END-- [ RunTime:0.000272s ]
INFO: Run Behavior\ParseTemplateBehavior [ RunTime:0.011112s ]
INFO: [ view_parse ] --END-- [ RunTime:0.011246s ]
INFO: [ view_filter ] --START--
INFO: Run Behavior\WriteHtmlCacheBehavior [ RunTime:0.000240s ]
INFO: [ view_filter ] --END-- [ RunTime:0.000369s ]
INFO: [ app_end ] --START--
INFO: Run Behavior\ShowPageTraceBehavior [ RunTime:0.000693s ]
INFO: [ app_end ] --END-- [ RunTime:0.000840s ]

[ 2017-08-04T16:42:57+08:00 ] 127.0.0.1 /bgbcms/Admin/Login/index.html
INFO: [ app_init ] --START--
INFO: Run Behavior\BuildLiteBehavior [ RunTime:0.000123s ]
INFO: [ app_init ] --END-- [ RunTime:0.001615s ]
INFO: [ app_begin ] --START--
INFO: Run Behavior\ReadHtmlCacheBehavior [ RunTime:0.000790s ]
INFO: [ app_begin ] --END-- [ RunTime:0.000945s ]
INFO: [ view_parse ] --START--
INFO: [ template_filter ] --START--
INFO: Run Behavior\ContentReplaceBehavior [ RunTime:0.000153s ]
INFO: [ template_filter ] --END-- [ RunTime:0.000424s ]
INFO: Run Behavior\ParseTemplateBehavior [ RunTime:0.013383s ]
INFO: [ view_parse ] --END-- [ RunTime:0.013696s ]
INFO: [ view_filter ] --START--
INFO: Run Behavior\WriteHtmlCacheBehavior [ RunTime:0.000258s ]
INFO: [ view_filter ] --END-- [ RunTime:0.000629s ]
INFO: [ app_end ] --START--
INFO: Run Behavior\ShowPageTraceBehavior [ RunTime:0.000595s ]
INFO: [ app_end ] --END-- [ RunTime:0.000710s ]

[ 2017-08-04T16:43:12+08:00 ] 127.0.0.1 /bgbcms/index.php?m=Admin
INFO: [ app_init ] --START--
INFO: Run Behavior\BuildLiteBehavior [ RunTime:0.000029s ]
INFO: [ app_init ] --END-- [ RunTime:0.000466s ]
INFO: [ app_begin ] --START--
INFO: Run Behavior\ReadHtmlCacheBehavior [ RunTime:0.000618s ]
INFO: [ app_begin ] --END-- [ RunTime:0.000761s ]

[ 2017-08-04T16:43:22+08:00 ] 127.0.0.1 /bgbcms/index.php?m=Admin
INFO: [ app_init ] --START--
INFO: Run Behavior\BuildLiteBehavior [ RunTime:0.000035s ]
INFO: [ app_init ] --END-- [ RunTime:0.000540s ]
INFO: [ app_begin ] --START--
INFO: Run Behavior\ReadHtmlCacheBehavior [ RunTime:0.000909s ]
INFO: [ app_begin ] --END-- [ RunTime:0.001219s ]

[ 2017-08-04T16:43:54+08:00 ] 127.0.0.1 /bgbcms/index.php?m=admin&c=index
INFO: [ app_init ] --START--
INFO: Run Behavior\BuildLiteBehavior [ RunTime:0.000029s ]
INFO: [ app_init ] --END-- [ RunTime:0.000460s ]
INFO: [ app_begin ] --START--
INFO: Run Behavior\ReadHtmlCacheBehavior [ RunTime:0.000962s ]
INFO: [ app_begin ] --END-- [ RunTime:0.001183s ]

[ 2017-08-04T16:44:02+08:00 ] 127.0.0.1 /bgbcms/Admin/Login/index.html
INFO: [ app_init ] --START--
INFO: Run Behavior\BuildLiteBehavior [ RunTime:0.000033s ]
INFO: [ app_init ] --END-- [ RunTime:0.000549s ]
INFO: [ app_begin ] --START--
INFO: Run Behavior\ReadHtmlCacheBehavior [ RunTime:0.000624s ]
INFO: [ app_begin ] --END-- [ RunTime:0.000771s ]
INFO: [ view_parse ] --START--
INFO: [ template_filter ] --START--
INFO: Run Behavior\ContentReplaceBehavior [ RunTime:0.000094s ]
INFO: [ template_filter ] --END-- [ RunTime:0.000239s ]
INFO: Run Behavior\ParseTemplateBehavior [ RunTime:0.010957s ]
INFO: [ view_parse ] --END-- [ RunTime:0.011081s ]
INFO: [ view_filter ] --START--
INFO: Run Behavior\WriteHtmlCacheBehavior [ RunTime:0.000205s ]
INFO: [ view_filter ] --END-- [ RunTime:0.000313s ]
INFO: [ app_end ] --START--
INFO: Run Behavior\ShowPageTraceBehavior [ RunTime:0.000575s ]
INFO: [ app_end ] --END-- [ RunTime:0.000689s ]

[ 2017-08-04T16:44:14+08:00 ] 127.0.0.1 /bgbcms/index.php?m=Admin&c=Login&a=check
INFO: [ app_init ] --START--
INFO: Run Behavior\BuildLiteBehavior [ RunTime:0.000029s ]
INFO: [ app_init ] --END-- [ RunTime:0.000657s ]
INFO: [ app_begin ] --START--
INFO: Run Behavior\ReadHtmlCacheBehavior [ RunTime:0.000510s ]
INFO: [ app_begin ] --END-- [ RunTime:0.000614s ]
SQL: SHOW COLUMNS FROM `bgbcms_user` [ RunTime:0.0290s ]
SQL: SELECT `password`,`status` FROM `bgbcms_user` WHERE ( username="admin" ) LIMIT 1   [ RunTime:0.0286s ]

[ 2017-08-04T16:44:17+08:00 ] 127.0.0.1 /bgbcms/index.php?m=Admin&c=Login&a=check
INFO: [ app_init ] --START--
INFO: Run Behavior\BuildLiteBehavior [ RunTime:0.000065s ]
INFO: [ app_init ] --END-- [ RunTime:0.001005s ]
INFO: [ app_begin ] --START--
INFO: Run Behavior\ReadHtmlCacheBehavior [ RunTime:0.001101s ]
INFO: [ app_begin ] --END-- [ RunTime:0.001338s ]
SQL: SHOW COLUMNS FROM `bgbcms_user` [ RunTime:0.0287s ]
SQL: SELECT `password`,`status` FROM `bgbcms_user` WHERE ( username="admin" ) LIMIT 1   [ RunTime:0.0289s ]

[ 2017-08-04T16:44:28+08:00 ] 127.0.0.1 /bgbcms/index.php?m=Admin
INFO: [ app_init ] --START--
INFO: Run Behavior\BuildLiteBehavior [ RunTime:0.000031s ]
INFO: [ app_init ] --END-- [ RunTime:0.000487s ]
INFO: [ app_begin ] --START--
INFO: Run Behavior\ReadHtmlCacheBehavior [ RunTime:0.000552s ]
INFO: [ app_begin ] --END-- [ RunTime:0.000683s ]
INFO: [ view_parse ] --START--
INFO: [ template_filter ] --START--
INFO: Run Behavior\ContentReplaceBehavior [ RunTime:0.000127s ]
INFO: [ template_filter ] --END-- [ RunTime:0.000314s ]
INFO: Run Behavior\ParseTemplateBehavior [ RunTime:0.015170s ]
INFO: [ view_parse ] --END-- [ RunTime:0.015323s ]
INFO: [ view_filter ] --START--
INFO: Run Behavior\WriteHtmlCacheBehavior [ RunTime:0.000283s ]
INFO: [ view_filter ] --END-- [ RunTime:0.000423s ]
INFO: [ app_end ] --START--
INFO: Run Behavior\ShowPageTraceBehavior [ RunTime:0.000671s ]
INFO: [ app_end ] --END-- [ RunTime:0.000810s ]

[ 2017-08-04T16:46:35+08:00 ] 127.0.0.1 /bgbcms/index.php?m=Admin&c=Login&a=logout
INFO: [ app_init ] --START--
INFO: Run Behavior\BuildLiteBehavior [ RunTime:0.000028s ]
INFO: [ app_init ] --END-- [ RunTime:0.000472s ]
INFO: [ app_begin ] --START--
INFO: Run Behavior\ReadHtmlCacheBehavior [ RunTime:0.000513s ]
INFO: [ app_begin ] --END-- [ RunTime:0.000638s ]

[ 2017-08-04T17:20:10+08:00 ] 127.0.0.1 /bgbcms/index.php/Admin/Login/index.html
INFO: [ app_init ] --START--
INFO: Run Behavior\BuildLiteBehavior [ RunTime:0.000052s ]
INFO: [ app_init ] --END-- [ RunTime:0.001159s ]
INFO: [ app_begin ] --START--
INFO: Run Behavior\ReadHtmlCacheBehavior [ RunTime:0.001046s ]
INFO: [ app_begin ] --END-- [ RunTime:0.001231s ]
INFO: [ view_parse ] --START--
INFO: [ template_filter ] --START--
INFO: Run Behavior\ContentReplaceBehavior [ RunTime:0.000145s ]
INFO: [ template_filter ] --END-- [ RunTime:0.000313s ]
INFO: Run Behavior\ParseTemplateBehavior [ RunTime:0.016028s ]
INFO: [ view_parse ] --END-- [ RunTime:0.016221s ]
INFO: [ view_filter ] --START--
INFO: Run Behavior\WriteHtmlCacheBehavior [ RunTime:0.000591s ]
INFO: [ view_filter ] --END-- [ RunTime:0.000766s ]
INFO: [ app_end ] --START--
INFO: Run Behavior\ShowPageTraceBehavior [ RunTime:0.001230s ]
INFO: [ app_end ] --END-- [ RunTime:0.001430s ]

[ 2017-08-04T17:51:06+08:00 ] 127.0.0.1 /bgbcms/index.php/Admin/Login/index.html
INFO: [ app_init ] --START--
INFO: Run Behavior\BuildLiteBehavior [ RunTime:0.000095s ]
INFO: [ app_init ] --END-- [ RunTime:0.001663s ]
INFO: [ app_begin ] --START--
INFO: Run Behavior\ReadHtmlCacheBehavior [ RunTime:0.001053s ]
INFO: [ app_begin ] --END-- [ RunTime:0.001232s ]
INFO: [ view_parse ] --START--
INFO: [ template_filter ] --START--
INFO: Run Behavior\ContentReplaceBehavior [ RunTime:0.000311s ]
INFO: [ template_filter ] --END-- [ RunTime:0.000679s ]
INFO: Run Behavior\ParseTemplateBehavior [ RunTime:0.016835s ]
INFO: [ view_parse ] --END-- [ RunTime:0.017099s ]
INFO: [ view_filter ] --START--
INFO: Run Behavior\WriteHtmlCacheBehavior [ RunTime:0.000658s ]
INFO: [ view_filter ] --END-- [ RunTime:0.000814s ]
INFO: [ app_end ] --START--
INFO: Run Behavior\ShowPageTraceBehavior [ RunTime:0.001248s ]
INFO: [ app_end ] --END-- [ RunTime:0.001414s ]

[ 2017-08-04T21:24:13+08:00 ] 127.0.0.1 /bgbcms/index.php/Admin/Login/index.html
INFO: [ app_init ] --START--
INFO: Run Behavior\BuildLiteBehavior [ RunTime:0.000053s ]
INFO: [ app_init ] --END-- [ RunTime:0.001737s ]
INFO: [ app_begin ] --START--
INFO: Run Behavior\ReadHtmlCacheBehavior [ RunTime:0.001124s ]
INFO: [ app_begin ] --END-- [ RunTime:0.001296s ]
INFO: [ view_parse ] --START--
INFO: [ template_filter ] --START--
INFO: Run Behavior\ContentReplaceBehavior [ RunTime:0.000161s ]
INFO: [ template_filter ] --END-- [ RunTime:0.000326s ]
INFO: Run Behavior\ParseTemplateBehavior [ RunTime:0.017877s ]
INFO: [ view_parse ] --END-- [ RunTime:0.018070s ]
INFO: [ view_filter ] --START--
INFO: Run Behavior\WriteHtmlCacheBehavior [ RunTime:0.001274s ]
INFO: [ view_filter ] --END-- [ RunTime:0.001469s ]
INFO: [ app_end ] --START--
INFO: Run Behavior\ShowPageTraceBehavior [ RunTime:0.001412s ]
INFO: [ app_end ] --END-- [ RunTime:0.001573s ]

