[ 2017-08-03T09:17:39+08:00 ] ::1 /index.php?m=admin
INFO: [ app_init ] --START--
INFO: Run Behavior\BuildLiteBehavior [ RunTime:0.000019s ]
INFO: [ app_init ] --END-- [ RunTime:0.000273s ]
INFO: [ app_begin ] --START--
INFO: Run Behavior\ReadHtmlCacheBehavior [ RunTime:0.000653s ]
INFO: [ app_begin ] --END-- [ RunTime:0.000781s ]
INFO: [ view_parse ] --START--
INFO: [ template_filter ] --START--
INFO: Run Behavior\ContentReplaceBehavior [ RunTime:0.000110s ]
INFO: [ template_filter ] --END-- [ RunTime:0.000199s ]
INFO: Run Behavior\ParseTemplateBehavior [ RunTime:0.010362s ]
INFO: [ view_parse ] --END-- [ RunTime:0.010474s ]
INFO: [ view_filter ] --START--
INFO: Run Behavior\WriteHtmlCacheBehavior [ RunTime:0.000139s ]
INFO: [ view_filter ] --END-- [ RunTime:0.000204s ]
INFO: [ app_end ] --START--
INFO: Run Behavior\ShowPageTraceBehavior [ RunTime:0.000516s ]
INFO: [ app_end ] --END-- [ RunTime:0.000644s ]

[ 2017-08-03T09:17:45+08:00 ] ::1 /index.php?m=Admin&c=Menu&a=index
INFO: [ app_init ] --START--
INFO: Run Behavior\BuildLiteBehavior [ RunTime:0.000017s ]
INFO: [ app_init ] --END-- [ RunTime:0.000260s ]
INFO: [ app_begin ] --START--
INFO: Run Behavior\ReadHtmlCacheBehavior [ RunTime:0.000320s ]
INFO: [ app_begin ] --END-- [ RunTime:0.000379s ]
NOTIC: [8] Undefined index: type /Users/llos/Documents/my_codes/bgbcms/Apps/Admin/Controller/MenuController.class.php 第 28 行.
NOTIC: [8] Undefined index: p /Users/llos/Documents/my_codes/bgbcms/Apps/Admin/Controller/MenuController.class.php 第 29 行.
NOTIC: [8] Undefined index: pageSize /Users/llos/Documents/my_codes/bgbcms/Apps/Admin/Controller/MenuController.class.php 第 30 行.
SQL: SHOW COLUMNS FROM `bgbcms_menu` [ RunTime:0.0291s ]
SQL: SELECT `order`,`id`,`name`,`mname`,`type`,`state` FROM `bgbcms_menu` ORDER BY `order`,`id` LIMIT 0,2   [ RunTime:0.0280s ]
SQL: SELECT COUNT(*) AS tp_count FROM `bgbcms_menu` LIMIT 1   [ RunTime:0.0282s ]
INFO: [ view_parse ] --START--
INFO: [ template_filter ] --START--
INFO: Run Behavior\ContentReplaceBehavior [ RunTime:0.000093s ]
INFO: [ template_filter ] --END-- [ RunTime:0.000172s ]
NOTIC: [8] Undefined variable: page /Users/llos/Documents/my_codes/bgbcms/Apps/Runtime/Cache/Admin/db3da01c8f36ad38f6ba709720b2de06.php 第 234 行.
INFO: Run Behavior\ParseTemplateBehavior [ RunTime:0.014082s ]
INFO: [ view_parse ] --END-- [ RunTime:0.014191s ]
INFO: [ view_filter ] --START--
INFO: Run Behavior\WriteHtmlCacheBehavior [ RunTime:0.000154s ]
INFO: [ view_filter ] --END-- [ RunTime:0.000225s ]
INFO: [ app_end ] --START--
INFO: Run Behavior\ShowPageTraceBehavior [ RunTime:0.000526s ]
INFO: [ app_end ] --END-- [ RunTime:0.000638s ]

[ 2017-08-03T09:18:05+08:00 ] ::1 /index.php?m=Admin&c=Menu&a=stateChange&id=20&state=1
INFO: [ app_init ] --START--
INFO: Run Behavior\BuildLiteBehavior [ RunTime:0.000017s ]
INFO: [ app_init ] --END-- [ RunTime:0.000299s ]
INFO: [ app_begin ] --START--
INFO: Run Behavior\ReadHtmlCacheBehavior [ RunTime:0.000289s ]
INFO: [ app_begin ] --END-- [ RunTime:0.000341s ]
SQL: SHOW COLUMNS FROM `bgbcms_menu` [ RunTime:0.0281s ]
SQL: UPDATE `bgbcms_menu` SET `state`='1' WHERE `id` = 20 [ RunTime:0.1136s ]

[ 2017-08-03T09:18:07+08:00 ] ::1 /index.php/Admin/Menu/index.html
INFO: [ app_init ] --START--
INFO: Run Behavior\BuildLiteBehavior [ RunTime:0.000017s ]
INFO: [ app_init ] --END-- [ RunTime:0.000249s ]
INFO: [ app_begin ] --START--
INFO: Run Behavior\ReadHtmlCacheBehavior [ RunTime:0.000311s ]
INFO: [ app_begin ] --END-- [ RunTime:0.000380s ]
NOTIC: [8] Undefined index: type /Users/llos/Documents/my_codes/bgbcms/Apps/Admin/Controller/MenuController.class.php 第 28 行.
NOTIC: [8] Undefined index: p /Users/llos/Documents/my_codes/bgbcms/Apps/Admin/Controller/MenuController.class.php 第 29 行.
NOTIC: [8] Undefined index: pageSize /Users/llos/Documents/my_codes/bgbcms/Apps/Admin/Controller/MenuController.class.php 第 30 行.
SQL: SHOW COLUMNS FROM `bgbcms_menu` [ RunTime:0.0290s ]
SQL: SELECT `order`,`id`,`name`,`mname`,`type`,`state` FROM `bgbcms_menu` ORDER BY `order`,`id` LIMIT 0,2   [ RunTime:0.1457s ]
SQL: SELECT COUNT(*) AS tp_count FROM `bgbcms_menu` LIMIT 1   [ RunTime:0.0281s ]
INFO: [ view_parse ] --START--
INFO: [ template_filter ] --START--
INFO: Run Behavior\ContentReplaceBehavior [ RunTime:0.000109s ]
INFO: [ template_filter ] --END-- [ RunTime:0.000210s ]
NOTIC: [8] Undefined variable: page /Users/llos/Documents/my_codes/bgbcms/Apps/Runtime/Cache/Admin/db3da01c8f36ad38f6ba709720b2de06.php 第 234 行.
INFO: Run Behavior\ParseTemplateBehavior [ RunTime:0.013775s ]
INFO: [ view_parse ] --END-- [ RunTime:0.013865s ]
INFO: [ view_filter ] --START--
INFO: Run Behavior\WriteHtmlCacheBehavior [ RunTime:0.000225s ]
INFO: [ view_filter ] --END-- [ RunTime:0.000302s ]
INFO: [ app_end ] --START--
INFO: Run Behavior\ShowPageTraceBehavior [ RunTime:0.000813s ]
INFO: [ app_end ] --END-- [ RunTime:0.000936s ]

[ 2017-08-03T09:18:09+08:00 ] ::1 /index.php?m=Admin&c=Menu&a=stateChange&id=21&state=1
INFO: [ app_init ] --START--
INFO: Run Behavior\BuildLiteBehavior [ RunTime:0.000019s ]
INFO: [ app_init ] --END-- [ RunTime:0.000266s ]
INFO: [ app_begin ] --START--
INFO: Run Behavior\ReadHtmlCacheBehavior [ RunTime:0.000471s ]
INFO: [ app_begin ] --END-- [ RunTime:0.000561s ]
SQL: SHOW COLUMNS FROM `bgbcms_menu` [ RunTime:0.0281s ]
SQL: UPDATE `bgbcms_menu` SET `state`='1' WHERE `id` = 21 [ RunTime:0.0274s ]

[ 2017-08-03T09:18:11+08:00 ] ::1 /index.php/Admin/Menu/index.html
INFO: [ app_init ] --START--
INFO: Run Behavior\BuildLiteBehavior [ RunTime:0.000020s ]
INFO: [ app_init ] --END-- [ RunTime:0.000265s ]
INFO: [ app_begin ] --START--
INFO: Run Behavior\ReadHtmlCacheBehavior [ RunTime:0.000301s ]
INFO: [ app_begin ] --END-- [ RunTime:0.000366s ]
NOTIC: [8] Undefined index: type /Users/llos/Documents/my_codes/bgbcms/Apps/Admin/Controller/MenuController.class.php 第 28 行.
NOTIC: [8] Undefined index: p /Users/llos/Documents/my_codes/bgbcms/Apps/Admin/Controller/MenuController.class.php 第 29 行.
NOTIC: [8] Undefined index: pageSize /Users/llos/Documents/my_codes/bgbcms/Apps/Admin/Controller/MenuController.class.php 第 30 行.
SQL: SHOW COLUMNS FROM `bgbcms_menu` [ RunTime:0.0292s ]
SQL: SELECT `order`,`id`,`name`,`mname`,`type`,`state` FROM `bgbcms_menu` ORDER BY `order`,`id` LIMIT 0,2   [ RunTime:0.0285s ]
SQL: SELECT COUNT(*) AS tp_count FROM `bgbcms_menu` LIMIT 1   [ RunTime:0.0288s ]
INFO: [ view_parse ] --START--
INFO: [ template_filter ] --START--
INFO: Run Behavior\ContentReplaceBehavior [ RunTime:0.000109s ]
INFO: [ template_filter ] --END-- [ RunTime:0.000197s ]
NOTIC: [8] Undefined variable: page /Users/llos/Documents/my_codes/bgbcms/Apps/Runtime/Cache/Admin/db3da01c8f36ad38f6ba709720b2de06.php 第 234 行.
INFO: Run Behavior\ParseTemplateBehavior [ RunTime:0.012418s ]
INFO: [ view_parse ] --END-- [ RunTime:0.012515s ]
INFO: [ view_filter ] --START--
INFO: Run Behavior\WriteHtmlCacheBehavior [ RunTime:0.000175s ]
INFO: [ view_filter ] --END-- [ RunTime:0.000249s ]
INFO: [ app_end ] --START--
INFO: Run Behavior\ShowPageTraceBehavior [ RunTime:0.000581s ]
INFO: [ app_end ] --END-- [ RunTime:0.000704s ]

[ 2017-08-03T09:18:21+08:00 ] ::1 /index.php?m=Admin&c=Article&a=index
INFO: [ app_init ] --START--
INFO: Run Behavior\BuildLiteBehavior [ RunTime:0.000018s ]
INFO: [ app_init ] --END-- [ RunTime:0.000262s ]
INFO: [ app_begin ] --START--
INFO: Run Behavior\ReadHtmlCacheBehavior [ RunTime:0.000279s ]
INFO: [ app_begin ] --END-- [ RunTime:0.000339s ]

[ 2017-08-03T09:18:21+08:00 ] ::1 /index.php/Admin/Article/item.html
INFO: [ app_init ] --START--
INFO: Run Behavior\BuildLiteBehavior [ RunTime:0.000018s ]
INFO: [ app_init ] --END-- [ RunTime:0.000248s ]
INFO: [ app_begin ] --START--
INFO: Run Behavior\ReadHtmlCacheBehavior [ RunTime:0.000291s ]
INFO: [ app_begin ] --END-- [ RunTime:0.000353s ]
INFO: [ view_parse ] --START--
INFO: [ template_filter ] --START--
INFO: Run Behavior\ContentReplaceBehavior [ RunTime:0.000106s ]
INFO: [ template_filter ] --END-- [ RunTime:0.000196s ]
NOTIC: [8] Undefined variable: menu_type /Users/llos/Documents/my_codes/bgbcms/Apps/Runtime/Cache/Admin/ff874b4eae41e24ae0a265590b63794e.php 第 163 行.
NOTIC: [8] Undefined variable: menu_type /Users/llos/Documents/my_codes/bgbcms/Apps/Runtime/Cache/Admin/ff874b4eae41e24ae0a265590b63794e.php 第 166 行.
NOTIC: [8] Undefined variable: menu_type /Users/llos/Documents/my_codes/bgbcms/Apps/Runtime/Cache/Admin/ff874b4eae41e24ae0a265590b63794e.php 第 169 行.
NOTIC: [8] Undefined variable: contents /Users/llos/Documents/my_codes/bgbcms/Apps/Runtime/Cache/Admin/ff874b4eae41e24ae0a265590b63794e.php 第 214 行.
NOTIC: [8] Undefined variable: currentPage /Users/llos/Documents/my_codes/bgbcms/Apps/Runtime/Cache/Admin/ff874b4eae41e24ae0a265590b63794e.php 第 245 行.
NOTIC: [8] Undefined variable: pagecnt /Users/llos/Documents/my_codes/bgbcms/Apps/Runtime/Cache/Admin/ff874b4eae41e24ae0a265590b63794e.php 第 249 行.
NOTIC: [8] Undefined variable: currentPage /Users/llos/Documents/my_codes/bgbcms/Apps/Runtime/Cache/Admin/ff874b4eae41e24ae0a265590b63794e.php 第 253 行.
NOTIC: [8] Undefined variable: totalPage /Users/llos/Documents/my_codes/bgbcms/Apps/Runtime/Cache/Admin/ff874b4eae41e24ae0a265590b63794e.php 第 254 行.
NOTIC: [8] Undefined variable: page /Users/llos/Documents/my_codes/bgbcms/Apps/Runtime/Cache/Admin/ff874b4eae41e24ae0a265590b63794e.php 第 258 行.
INFO: Run Behavior\ParseTemplateBehavior [ RunTime:0.012582s ]
INFO: [ view_parse ] --END-- [ RunTime:0.012658s ]
INFO: [ view_filter ] --START--
INFO: Run Behavior\WriteHtmlCacheBehavior [ RunTime:0.000170s ]
INFO: [ view_filter ] --END-- [ RunTime:0.000234s ]
INFO: [ app_end ] --START--
INFO: Run Behavior\ShowPageTraceBehavior [ RunTime:0.000684s ]
INFO: [ app_end ] --END-- [ RunTime:0.000825s ]

[ 2017-08-03T09:22:35+08:00 ] ::1 /index.php?m=Admin&c=Login&a=logout
INFO: [ app_init ] --START--
INFO: Run Behavior\BuildLiteBehavior [ RunTime:0.000019s ]
INFO: [ app_init ] --END-- [ RunTime:0.000277s ]
INFO: [ app_begin ] --START--
INFO: Run Behavior\ReadHtmlCacheBehavior [ RunTime:0.000363s ]
INFO: [ app_begin ] --END-- [ RunTime:0.000435s ]

[ 2017-08-03T09:22:35+08:00 ] ::1 /index.php/Admin/Login/index.html
INFO: [ app_init ] --START--
INFO: Run Behavior\BuildLiteBehavior [ RunTime:0.000021s ]
INFO: [ app_init ] --END-- [ RunTime:0.000290s ]
INFO: [ app_begin ] --START--
INFO: Run Behavior\ReadHtmlCacheBehavior [ RunTime:0.000436s ]
INFO: [ app_begin ] --END-- [ RunTime:0.000512s ]
INFO: [ view_parse ] --START--
INFO: [ template_filter ] --START--
INFO: Run Behavior\ContentReplaceBehavior [ RunTime:0.000054s ]
INFO: [ template_filter ] --END-- [ RunTime:0.000120s ]
INFO: Run Behavior\ParseTemplateBehavior [ RunTime:0.004351s ]
INFO: [ view_parse ] --END-- [ RunTime:0.004412s ]
INFO: [ view_filter ] --START--
INFO: Run Behavior\WriteHtmlCacheBehavior [ RunTime:0.000117s ]
INFO: [ view_filter ] --END-- [ RunTime:0.000170s ]
INFO: [ app_end ] --START--
INFO: Run Behavior\ShowPageTraceBehavior [ RunTime:0.000325s ]
INFO: [ app_end ] --END-- [ RunTime:0.000379s ]

[ 2017-08-03T09:23:34+08:00 ] ::1 /index.php?m=admin
INFO: [ app_init ] --START--
INFO: Run Behavior\BuildLiteBehavior [ RunTime:0.000032s ]
INFO: [ app_init ] --END-- [ RunTime:0.000473s ]
INFO: [ app_begin ] --START--
INFO: Run Behavior\ReadHtmlCacheBehavior [ RunTime:0.000306s ]
INFO: [ app_begin ] --END-- [ RunTime:0.000369s ]

[ 2017-08-03T09:23:34+08:00 ] ::1 /index.php/Admin/Login/index.html
INFO: [ app_init ] --START--
INFO: Run Behavior\BuildLiteBehavior [ RunTime:0.000019s ]
INFO: [ app_init ] --END-- [ RunTime:0.000264s ]
INFO: [ app_begin ] --START--
INFO: Run Behavior\ReadHtmlCacheBehavior [ RunTime:0.000281s ]
INFO: [ app_begin ] --END-- [ RunTime:0.000341s ]
INFO: [ view_parse ] --START--
INFO: [ template_filter ] --START--
INFO: Run Behavior\ContentReplaceBehavior [ RunTime:0.000052s ]
INFO: [ template_filter ] --END-- [ RunTime:0.000115s ]
INFO: Run Behavior\ParseTemplateBehavior [ RunTime:0.004028s ]
INFO: [ view_parse ] --END-- [ RunTime:0.004133s ]
INFO: [ view_filter ] --START--
INFO: Run Behavior\WriteHtmlCacheBehavior [ RunTime:0.000295s ]
INFO: [ view_filter ] --END-- [ RunTime:0.000405s ]
INFO: [ app_end ] --START--
INFO: Run Behavior\ShowPageTraceBehavior [ RunTime:0.000846s ]
INFO: [ app_end ] --END-- [ RunTime:0.000973s ]

[ 2017-08-03T09:33:31+08:00 ] ::1 /index.php?m=admin&c=article
INFO: [ app_init ] --START--
INFO: Run Behavior\BuildLiteBehavior [ RunTime:0.000018s ]
INFO: [ app_init ] --END-- [ RunTime:0.000271s ]
INFO: [ app_begin ] --START--
INFO: Run Behavior\ReadHtmlCacheBehavior [ RunTime:0.000481s ]
INFO: [ app_begin ] --END-- [ RunTime:0.000578s ]

[ 2017-08-03T09:33:31+08:00 ] ::1 /index.php/Admin/Article/item.html
INFO: [ app_init ] --START--
INFO: Run Behavior\BuildLiteBehavior [ RunTime:0.000023s ]
INFO: [ app_init ] --END-- [ RunTime:0.000385s ]
INFO: [ app_begin ] --START--
INFO: Run Behavior\ReadHtmlCacheBehavior [ RunTime:0.000393s ]
INFO: [ app_begin ] --END-- [ RunTime:0.000472s ]
INFO: [ view_parse ] --START--
INFO: [ template_filter ] --START--
INFO: Run Behavior\ContentReplaceBehavior [ RunTime:0.000299s ]
INFO: [ template_filter ] --END-- [ RunTime:0.000494s ]
NOTIC: [8] Undefined variable: menu_type /Users/llos/Documents/my_codes/bgbcms/Apps/Runtime/Cache/Admin/ff874b4eae41e24ae0a265590b63794e.php 第 163 行.
NOTIC: [8] Undefined variable: menu_type /Users/llos/Documents/my_codes/bgbcms/Apps/Runtime/Cache/Admin/ff874b4eae41e24ae0a265590b63794e.php 第 166 行.
NOTIC: [8] Undefined variable: menu_type /Users/llos/Documents/my_codes/bgbcms/Apps/Runtime/Cache/Admin/ff874b4eae41e24ae0a265590b63794e.php 第 169 行.
NOTIC: [8] Undefined variable: contents /Users/llos/Documents/my_codes/bgbcms/Apps/Runtime/Cache/Admin/ff874b4eae41e24ae0a265590b63794e.php 第 214 行.
NOTIC: [8] Undefined variable: currentPage /Users/llos/Documents/my_codes/bgbcms/Apps/Runtime/Cache/Admin/ff874b4eae41e24ae0a265590b63794e.php 第 245 行.
NOTIC: [8] Undefined variable: pagecnt /Users/llos/Documents/my_codes/bgbcms/Apps/Runtime/Cache/Admin/ff874b4eae41e24ae0a265590b63794e.php 第 249 行.
NOTIC: [8] Undefined variable: currentPage /Users/llos/Documents/my_codes/bgbcms/Apps/Runtime/Cache/Admin/ff874b4eae41e24ae0a265590b63794e.php 第 253 行.
NOTIC: [8] Undefined variable: totalPage /Users/llos/Documents/my_codes/bgbcms/Apps/Runtime/Cache/Admin/ff874b4eae41e24ae0a265590b63794e.php 第 254 行.
NOTIC: [8] Undefined variable: page /Users/llos/Documents/my_codes/bgbcms/Apps/Runtime/Cache/Admin/ff874b4eae41e24ae0a265590b63794e.php 第 258 行.
INFO: Run Behavior\ParseTemplateBehavior [ RunTime:0.011263s ]
INFO: [ view_parse ] --END-- [ RunTime:0.011357s ]
INFO: [ view_filter ] --START--
INFO: Run Behavior\WriteHtmlCacheBehavior [ RunTime:0.000195s ]
INFO: [ view_filter ] --END-- [ RunTime:0.000266s ]
INFO: [ app_end ] --START--
INFO: Run Behavior\ShowPageTraceBehavior [ RunTime:0.000820s ]
INFO: [ app_end ] --END-- [ RunTime:0.000923s ]

[ 2017-08-03T09:33:34+08:00 ] ::1 /index.php?m=Admin
INFO: [ app_init ] --START--
INFO: Run Behavior\BuildLiteBehavior [ RunTime:0.000028s ]
INFO: [ app_init ] --END-- [ RunTime:0.000393s ]
INFO: [ app_begin ] --START--
INFO: Run Behavior\ReadHtmlCacheBehavior [ RunTime:0.000437s ]
INFO: [ app_begin ] --END-- [ RunTime:0.000537s ]

[ 2017-08-03T09:33:34+08:00 ] ::1 /index.php/Admin/Login/index.html
INFO: [ app_init ] --START--
INFO: Run Behavior\BuildLiteBehavior [ RunTime:0.000026s ]
INFO: [ app_init ] --END-- [ RunTime:0.000384s ]
INFO: [ app_begin ] --START--
INFO: Run Behavior\ReadHtmlCacheBehavior [ RunTime:0.000611s ]
INFO: [ app_begin ] --END-- [ RunTime:0.000730s ]
INFO: [ view_parse ] --START--
INFO: [ template_filter ] --START--
INFO: Run Behavior\ContentReplaceBehavior [ RunTime:0.000058s ]
INFO: [ template_filter ] --END-- [ RunTime:0.000128s ]
INFO: Run Behavior\ParseTemplateBehavior [ RunTime:0.004524s ]
INFO: [ view_parse ] --END-- [ RunTime:0.004604s ]
INFO: [ view_filter ] --START--
INFO: Run Behavior\WriteHtmlCacheBehavior [ RunTime:0.000127s ]
INFO: [ view_filter ] --END-- [ RunTime:0.000184s ]
INFO: [ app_end ] --START--
INFO: Run Behavior\ShowPageTraceBehavior [ RunTime:0.000342s ]
INFO: [ app_end ] --END-- [ RunTime:0.000406s ]

[ 2017-08-03T09:33:38+08:00 ] ::1 /index.php?m=Admin&c=Menu&a=index
INFO: [ app_init ] --START--
INFO: Run Behavior\BuildLiteBehavior [ RunTime:0.000018s ]
INFO: [ app_init ] --END-- [ RunTime:0.000257s ]
INFO: [ app_begin ] --START--
INFO: Run Behavior\ReadHtmlCacheBehavior [ RunTime:0.000295s ]
INFO: [ app_begin ] --END-- [ RunTime:0.000354s ]
NOTIC: [8] Undefined index: type /Users/llos/Documents/my_codes/bgbcms/Apps/Admin/Controller/MenuController.class.php 第 28 行.
NOTIC: [8] Undefined index: p /Users/llos/Documents/my_codes/bgbcms/Apps/Admin/Controller/MenuController.class.php 第 29 行.
NOTIC: [8] Undefined index: pageSize /Users/llos/Documents/my_codes/bgbcms/Apps/Admin/Controller/MenuController.class.php 第 30 行.
SQL: SHOW COLUMNS FROM `bgbcms_menu` [ RunTime:0.0286s ]
SQL: SELECT `order`,`id`,`name`,`mname`,`type`,`state` FROM `bgbcms_menu` ORDER BY `order`,`id` LIMIT 0,2   [ RunTime:0.0308s ]
SQL: SELECT COUNT(*) AS tp_count FROM `bgbcms_menu` LIMIT 1   [ RunTime:0.0289s ]
INFO: [ view_parse ] --START--
INFO: [ template_filter ] --START--
INFO: Run Behavior\ContentReplaceBehavior [ RunTime:0.000157s ]
INFO: [ template_filter ] --END-- [ RunTime:0.000271s ]
NOTIC: [8] Undefined variable: page /Users/llos/Documents/my_codes/bgbcms/Apps/Runtime/Cache/Admin/db3da01c8f36ad38f6ba709720b2de06.php 第 234 行.
INFO: Run Behavior\ParseTemplateBehavior [ RunTime:0.014022s ]
INFO: [ view_parse ] --END-- [ RunTime:0.014132s ]
INFO: [ view_filter ] --START--
INFO: Run Behavior\WriteHtmlCacheBehavior [ RunTime:0.000178s ]
INFO: [ view_filter ] --END-- [ RunTime:0.000253s ]
INFO: [ app_end ] --START--
INFO: Run Behavior\ShowPageTraceBehavior [ RunTime:0.000804s ]
INFO: [ app_end ] --END-- [ RunTime:0.000956s ]

[ 2017-08-03T09:33:39+08:00 ] ::1 /index.php?m=Admin&c=Article&a=index
INFO: [ app_init ] --START--
INFO: Run Behavior\BuildLiteBehavior [ RunTime:0.000032s ]
INFO: [ app_init ] --END-- [ RunTime:0.000332s ]
INFO: [ app_begin ] --START--
INFO: Run Behavior\ReadHtmlCacheBehavior [ RunTime:0.000292s ]
INFO: [ app_begin ] --END-- [ RunTime:0.000378s ]

[ 2017-08-03T09:33:39+08:00 ] ::1 /index.php/Admin/Article/item.html
INFO: [ app_init ] --START--
INFO: Run Behavior\BuildLiteBehavior [ RunTime:0.000018s ]
INFO: [ app_init ] --END-- [ RunTime:0.000273s ]
INFO: [ app_begin ] --START--
INFO: Run Behavior\ReadHtmlCacheBehavior [ RunTime:0.000297s ]
INFO: [ app_begin ] --END-- [ RunTime:0.000357s ]
INFO: [ view_parse ] --START--
INFO: [ template_filter ] --START--
INFO: Run Behavior\ContentReplaceBehavior [ RunTime:0.000090s ]
INFO: [ template_filter ] --END-- [ RunTime:0.000165s ]
NOTIC: [8] Undefined variable: menu_type /Users/llos/Documents/my_codes/bgbcms/Apps/Runtime/Cache/Admin/ff874b4eae41e24ae0a265590b63794e.php 第 163 行.
NOTIC: [8] Undefined variable: menu_type /Users/llos/Documents/my_codes/bgbcms/Apps/Runtime/Cache/Admin/ff874b4eae41e24ae0a265590b63794e.php 第 166 行.
NOTIC: [8] Undefined variable: menu_type /Users/llos/Documents/my_codes/bgbcms/Apps/Runtime/Cache/Admin/ff874b4eae41e24ae0a265590b63794e.php 第 169 行.
NOTIC: [8] Undefined variable: contents /Users/llos/Documents/my_codes/bgbcms/Apps/Runtime/Cache/Admin/ff874b4eae41e24ae0a265590b63794e.php 第 214 行.
NOTIC: [8] Undefined variable: currentPage /Users/llos/Documents/my_codes/bgbcms/Apps/Runtime/Cache/Admin/ff874b4eae41e24ae0a265590b63794e.php 第 245 行.
NOTIC: [8] Undefined variable: pagecnt /Users/llos/Documents/my_codes/bgbcms/Apps/Runtime/Cache/Admin/ff874b4eae41e24ae0a265590b63794e.php 第 249 行.
NOTIC: [8] Undefined variable: currentPage /Users/llos/Documents/my_codes/bgbcms/Apps/Runtime/Cache/Admin/ff874b4eae41e24ae0a265590b63794e.php 第 253 行.
NOTIC: [8] Undefined variable: totalPage /Users/llos/Documents/my_codes/bgbcms/Apps/Runtime/Cache/Admin/ff874b4eae41e24ae0a265590b63794e.php 第 254 行.
NOTIC: [8] Undefined variable: page /Users/llos/Documents/my_codes/bgbcms/Apps/Runtime/Cache/Admin/ff874b4eae41e24ae0a265590b63794e.php 第 258 行.
INFO: Run Behavior\ParseTemplateBehavior [ RunTime:0.010168s ]
INFO: [ view_parse ] --END-- [ RunTime:0.010234s ]
INFO: [ view_filter ] --START--
INFO: Run Behavior\WriteHtmlCacheBehavior [ RunTime:0.000156s ]
INFO: [ view_filter ] --END-- [ RunTime:0.000218s ]
INFO: [ app_end ] --START--
INFO: Run Behavior\ShowPageTraceBehavior [ RunTime:0.000749s ]
INFO: [ app_end ] --END-- [ RunTime:0.000908s ]

[ 2017-08-03T09:40:15+08:00 ] ::1 /index.php?m=Admin
INFO: [ app_init ] --START--
INFO: Run Behavior\BuildLiteBehavior [ RunTime:0.000020s ]
INFO: [ app_init ] --END-- [ RunTime:0.000296s ]
INFO: [ app_begin ] --START--
INFO: Run Behavior\ReadHtmlCacheBehavior [ RunTime:0.000638s ]
INFO: [ app_begin ] --END-- [ RunTime:0.000729s ]

[ 2017-08-03T09:40:15+08:00 ] ::1 /index.php/Admin/Login/index.html
INFO: [ app_init ] --START--
INFO: Run Behavior\BuildLiteBehavior [ RunTime:0.000021s ]
INFO: [ app_init ] --END-- [ RunTime:0.000343s ]
INFO: [ app_begin ] --START--
INFO: Run Behavior\ReadHtmlCacheBehavior [ RunTime:0.000286s ]
INFO: [ app_begin ] --END-- [ RunTime:0.000345s ]
INFO: [ view_parse ] --START--
INFO: [ template_filter ] --START--
INFO: Run Behavior\ContentReplaceBehavior [ RunTime:0.000104s ]
INFO: [ template_filter ] --END-- [ RunTime:0.000251s ]
INFO: Run Behavior\ParseTemplateBehavior [ RunTime:0.004970s ]
INFO: [ view_parse ] --END-- [ RunTime:0.005047s ]
INFO: [ view_filter ] --START--
INFO: Run Behavior\WriteHtmlCacheBehavior [ RunTime:0.000174s ]
INFO: [ view_filter ] --END-- [ RunTime:0.000249s ]
INFO: [ app_end ] --START--
INFO: Run Behavior\ShowPageTraceBehavior [ RunTime:0.000448s ]
INFO: [ app_end ] --END-- [ RunTime:0.000530s ]

[ 2017-08-03T09:40:33+08:00 ] ::1 /index.php/Admin/article
INFO: [ app_init ] --START--
INFO: Run Behavior\BuildLiteBehavior [ RunTime:0.000020s ]
INFO: [ app_init ] --END-- [ RunTime:0.000286s ]
INFO: [ app_begin ] --START--
INFO: Run Behavior\ReadHtmlCacheBehavior [ RunTime:0.000330s ]
INFO: [ app_begin ] --END-- [ RunTime:0.000391s ]

[ 2017-08-03T09:40:33+08:00 ] ::1 /index.php/Admin/Article/item.html
INFO: [ app_init ] --START--
INFO: Run Behavior\BuildLiteBehavior [ RunTime:0.000020s ]
INFO: [ app_init ] --END-- [ RunTime:0.000308s ]
INFO: [ app_begin ] --START--
INFO: Run Behavior\ReadHtmlCacheBehavior [ RunTime:0.000294s ]
INFO: [ app_begin ] --END-- [ RunTime:0.000354s ]
INFO: [ view_parse ] --START--
INFO: [ template_filter ] --START--
INFO: Run Behavior\ContentReplaceBehavior [ RunTime:0.000080s ]
INFO: [ template_filter ] --END-- [ RunTime:0.000147s ]
NOTIC: [8] Undefined variable: menu_type /Users/llos/Documents/my_codes/bgbcms/Apps/Runtime/Cache/Admin/ff874b4eae41e24ae0a265590b63794e.php 第 163 行.
NOTIC: [8] Undefined variable: menu_type /Users/llos/Documents/my_codes/bgbcms/Apps/Runtime/Cache/Admin/ff874b4eae41e24ae0a265590b63794e.php 第 166 行.
NOTIC: [8] Undefined variable: menu_type /Users/llos/Documents/my_codes/bgbcms/Apps/Runtime/Cache/Admin/ff874b4eae41e24ae0a265590b63794e.php 第 169 行.
NOTIC: [8] Undefined variable: contents /Users/llos/Documents/my_codes/bgbcms/Apps/Runtime/Cache/Admin/ff874b4eae41e24ae0a265590b63794e.php 第 214 行.
NOTIC: [8] Undefined variable: currentPage /Users/llos/Documents/my_codes/bgbcms/Apps/Runtime/Cache/Admin/ff874b4eae41e24ae0a265590b63794e.php 第 245 行.
NOTIC: [8] Undefined variable: pagecnt /Users/llos/Documents/my_codes/bgbcms/Apps/Runtime/Cache/Admin/ff874b4eae41e24ae0a265590b63794e.php 第 249 行.
NOTIC: [8] Undefined variable: currentPage /Users/llos/Documents/my_codes/bgbcms/Apps/Runtime/Cache/Admin/ff874b4eae41e24ae0a265590b63794e.php 第 253 行.
NOTIC: [8] Undefined variable: totalPage /Users/llos/Documents/my_codes/bgbcms/Apps/Runtime/Cache/Admin/ff874b4eae41e24ae0a265590b63794e.php 第 254 行.
NOTIC: [8] Undefined variable: page /Users/llos/Documents/my_codes/bgbcms/Apps/Runtime/Cache/Admin/ff874b4eae41e24ae0a265590b63794e.php 第 258 行.
INFO: Run Behavior\ParseTemplateBehavior [ RunTime:0.011325s ]
INFO: [ view_parse ] --END-- [ RunTime:0.011386s ]
INFO: [ view_filter ] --START--
INFO: Run Behavior\WriteHtmlCacheBehavior [ RunTime:0.000144s ]
INFO: [ view_filter ] --END-- [ RunTime:0.000198s ]
INFO: [ app_end ] --START--
INFO: Run Behavior\ShowPageTraceBehavior [ RunTime:0.000689s ]
INFO: [ app_end ] --END-- [ RunTime:0.000781s ]

[ 2017-08-03T09:40:42+08:00 ] ::1 /index.php/Admin/Article
INFO: [ app_init ] --START--
INFO: Run Behavior\BuildLiteBehavior [ RunTime:0.000023s ]
INFO: [ app_init ] --END-- [ RunTime:0.000320s ]
INFO: [ app_begin ] --START--
INFO: Run Behavior\ReadHtmlCacheBehavior [ RunTime:0.000439s ]
INFO: [ app_begin ] --END-- [ RunTime:0.000534s ]

[ 2017-08-03T09:40:42+08:00 ] ::1 /index.php/Admin/Article/item.html
INFO: [ app_init ] --START--
INFO: Run Behavior\BuildLiteBehavior [ RunTime:0.000019s ]
INFO: [ app_init ] --END-- [ RunTime:0.000281s ]
INFO: [ app_begin ] --START--
INFO: Run Behavior\ReadHtmlCacheBehavior [ RunTime:0.000285s ]
INFO: [ app_begin ] --END-- [ RunTime:0.000345s ]
INFO: [ view_parse ] --START--
INFO: [ template_filter ] --START--
INFO: Run Behavior\ContentReplaceBehavior [ RunTime:0.000100s ]
INFO: [ template_filter ] --END-- [ RunTime:0.000185s ]
NOTIC: [8] Undefined variable: menu_type /Users/llos/Documents/my_codes/bgbcms/Apps/Runtime/Cache/Admin/ff874b4eae41e24ae0a265590b63794e.php 第 163 行.
NOTIC: [8] Undefined variable: menu_type /Users/llos/Documents/my_codes/bgbcms/Apps/Runtime/Cache/Admin/ff874b4eae41e24ae0a265590b63794e.php 第 166 行.
NOTIC: [8] Undefined variable: menu_type /Users/llos/Documents/my_codes/bgbcms/Apps/Runtime/Cache/Admin/ff874b4eae41e24ae0a265590b63794e.php 第 169 行.
NOTIC: [8] Undefined variable: contents /Users/llos/Documents/my_codes/bgbcms/Apps/Runtime/Cache/Admin/ff874b4eae41e24ae0a265590b63794e.php 第 214 行.
NOTIC: [8] Undefined variable: currentPage /Users/llos/Documents/my_codes/bgbcms/Apps/Runtime/Cache/Admin/ff874b4eae41e24ae0a265590b63794e.php 第 245 行.
NOTIC: [8] Undefined variable: pagecnt /Users/llos/Documents/my_codes/bgbcms/Apps/Runtime/Cache/Admin/ff874b4eae41e24ae0a265590b63794e.php 第 249 行.
NOTIC: [8] Undefined variable: currentPage /Users/llos/Documents/my_codes/bgbcms/Apps/Runtime/Cache/Admin/ff874b4eae41e24ae0a265590b63794e.php 第 253 行.
NOTIC: [8] Undefined variable: totalPage /Users/llos/Documents/my_codes/bgbcms/Apps/Runtime/Cache/Admin/ff874b4eae41e24ae0a265590b63794e.php 第 254 行.
NOTIC: [8] Undefined variable: page /Users/llos/Documents/my_codes/bgbcms/Apps/Runtime/Cache/Admin/ff874b4eae41e24ae0a265590b63794e.php 第 258 行.
INFO: Run Behavior\ParseTemplateBehavior [ RunTime:0.011933s ]
INFO: [ view_parse ] --END-- [ RunTime:0.012013s ]
INFO: [ view_filter ] --START--
INFO: Run Behavior\WriteHtmlCacheBehavior [ RunTime:0.000209s ]
INFO: [ view_filter ] --END-- [ RunTime:0.000283s ]
INFO: [ app_end ] --START--
INFO: Run Behavior\ShowPageTraceBehavior [ RunTime:0.000539s ]
INFO: [ app_end ] --END-- [ RunTime:0.000633s ]

[ 2017-08-03T09:54:40+08:00 ] ::1 /index.php?m=Admin
INFO: [ app_init ] --START--
INFO: Run Behavior\BuildLiteBehavior [ RunTime:0.000018s ]
INFO: [ app_init ] --END-- [ RunTime:0.000261s ]
INFO: [ app_begin ] --START--
INFO: Run Behavior\ReadHtmlCacheBehavior [ RunTime:0.000291s ]
INFO: [ app_begin ] --END-- [ RunTime:0.000365s ]

[ 2017-08-03T09:54:40+08:00 ] ::1 /index.php/Admin/Login/index.html
INFO: [ app_init ] --START--
INFO: Run Behavior\BuildLiteBehavior [ RunTime:0.000035s ]
INFO: [ app_init ] --END-- [ RunTime:0.000513s ]
INFO: [ app_begin ] --START--
INFO: Run Behavior\ReadHtmlCacheBehavior [ RunTime:0.000416s ]
INFO: [ app_begin ] --END-- [ RunTime:0.000502s ]
INFO: [ view_parse ] --START--
INFO: [ template_filter ] --START--
INFO: Run Behavior\ContentReplaceBehavior [ RunTime:0.000065s ]
INFO: [ template_filter ] --END-- [ RunTime:0.000149s ]
INFO: Run Behavior\ParseTemplateBehavior [ RunTime:0.005645s ]
INFO: [ view_parse ] --END-- [ RunTime:0.005731s ]
INFO: [ view_filter ] --START--
INFO: Run Behavior\WriteHtmlCacheBehavior [ RunTime:0.000302s ]
INFO: [ view_filter ] --END-- [ RunTime:0.000375s ]
INFO: [ app_end ] --START--
INFO: Run Behavior\ShowPageTraceBehavior [ RunTime:0.000503s ]
INFO: [ app_end ] --END-- [ RunTime:0.000592s ]

[ 2017-08-03T09:54:47+08:00 ] ::1 /index.php?m=Admin&c=Menu&a=index
INFO: [ app_init ] --START--
INFO: Run Behavior\BuildLiteBehavior [ RunTime:0.000027s ]
INFO: [ app_init ] --END-- [ RunTime:0.000370s ]
INFO: [ app_begin ] --START--
INFO: Run Behavior\ReadHtmlCacheBehavior [ RunTime:0.000349s ]
INFO: [ app_begin ] --END-- [ RunTime:0.000439s ]
NOTIC: [8] Undefined index: type /Users/llos/Documents/my_codes/bgbcms/Apps/Admin/Controller/MenuController.class.php 第 28 行.
NOTIC: [8] Undefined index: p /Users/llos/Documents/my_codes/bgbcms/Apps/Admin/Controller/MenuController.class.php 第 29 行.
NOTIC: [8] Undefined index: pageSize /Users/llos/Documents/my_codes/bgbcms/Apps/Admin/Controller/MenuController.class.php 第 30 行.
SQL: SHOW COLUMNS FROM `bgbcms_menu` [ RunTime:0.2894s ]
SQL: SELECT `order`,`id`,`name`,`mname`,`type`,`state` FROM `bgbcms_menu` ORDER BY `order`,`id` LIMIT 0,2   [ RunTime:0.0275s ]
SQL: SELECT COUNT(*) AS tp_count FROM `bgbcms_menu` LIMIT 1   [ RunTime:0.0275s ]
INFO: [ view_parse ] --START--
INFO: [ template_filter ] --START--
INFO: Run Behavior\ContentReplaceBehavior [ RunTime:0.000159s ]
INFO: [ template_filter ] --END-- [ RunTime:0.000276s ]
NOTIC: [8] Undefined variable: page /Users/llos/Documents/my_codes/bgbcms/Apps/Runtime/Cache/Admin/db3da01c8f36ad38f6ba709720b2de06.php 第 234 行.
INFO: Run Behavior\ParseTemplateBehavior [ RunTime:0.047034s ]
INFO: [ view_parse ] --END-- [ RunTime:0.047176s ]
INFO: [ view_filter ] --START--
INFO: Run Behavior\WriteHtmlCacheBehavior [ RunTime:0.000242s ]
INFO: [ view_filter ] --END-- [ RunTime:0.000342s ]
INFO: [ app_end ] --START--
INFO: Run Behavior\ShowPageTraceBehavior [ RunTime:0.000638s ]
INFO: [ app_end ] --END-- [ RunTime:0.000770s ]

[ 2017-08-03T09:54:47+08:00 ] ::1 /index.php?m=Admin&c=Article&a=index
INFO: [ app_init ] --START--
INFO: Run Behavior\BuildLiteBehavior [ RunTime:0.000033s ]
INFO: [ app_init ] --END-- [ RunTime:0.000479s ]
INFO: [ app_begin ] --START--
INFO: Run Behavior\ReadHtmlCacheBehavior [ RunTime:0.000528s ]
INFO: [ app_begin ] --END-- [ RunTime:0.000648s ]

[ 2017-08-03T09:54:47+08:00 ] ::1 /index.php/Admin/Article/item.html
INFO: [ app_init ] --START--
INFO: Run Behavior\BuildLiteBehavior [ RunTime:0.000018s ]
INFO: [ app_init ] --END-- [ RunTime:0.000276s ]
INFO: [ app_begin ] --START--
INFO: Run Behavior\ReadHtmlCacheBehavior [ RunTime:0.000297s ]
INFO: [ app_begin ] --END-- [ RunTime:0.000362s ]
INFO: [ view_parse ] --START--
INFO: [ template_filter ] --START--
INFO: Run Behavior\ContentReplaceBehavior [ RunTime:0.000079s ]
INFO: [ template_filter ] --END-- [ RunTime:0.000148s ]
NOTIC: [8] Undefined variable: menu_type /Users/llos/Documents/my_codes/bgbcms/Apps/Runtime/Cache/Admin/ff874b4eae41e24ae0a265590b63794e.php 第 163 行.
NOTIC: [8] Undefined variable: menu_type /Users/llos/Documents/my_codes/bgbcms/Apps/Runtime/Cache/Admin/ff874b4eae41e24ae0a265590b63794e.php 第 166 行.
NOTIC: [8] Undefined variable: menu_type /Users/llos/Documents/my_codes/bgbcms/Apps/Runtime/Cache/Admin/ff874b4eae41e24ae0a265590b63794e.php 第 169 行.
NOTIC: [8] Undefined variable: contents /Users/llos/Documents/my_codes/bgbcms/Apps/Runtime/Cache/Admin/ff874b4eae41e24ae0a265590b63794e.php 第 214 行.
NOTIC: [8] Undefined variable: currentPage /Users/llos/Documents/my_codes/bgbcms/Apps/Runtime/Cache/Admin/ff874b4eae41e24ae0a265590b63794e.php 第 245 行.
NOTIC: [8] Undefined variable: pagecnt /Users/llos/Documents/my_codes/bgbcms/Apps/Runtime/Cache/Admin/ff874b4eae41e24ae0a265590b63794e.php 第 249 行.
NOTIC: [8] Undefined variable: currentPage /Users/llos/Documents/my_codes/bgbcms/Apps/Runtime/Cache/Admin/ff874b4eae41e24ae0a265590b63794e.php 第 253 行.
NOTIC: [8] Undefined variable: totalPage /Users/llos/Documents/my_codes/bgbcms/Apps/Runtime/Cache/Admin/ff874b4eae41e24ae0a265590b63794e.php 第 254 行.
NOTIC: [8] Undefined variable: page /Users/llos/Documents/my_codes/bgbcms/Apps/Runtime/Cache/Admin/ff874b4eae41e24ae0a265590b63794e.php 第 258 行.
INFO: Run Behavior\ParseTemplateBehavior [ RunTime:0.008351s ]
INFO: [ view_parse ] --END-- [ RunTime:0.008411s ]
INFO: [ view_filter ] --START--
INFO: Run Behavior\WriteHtmlCacheBehavior [ RunTime:0.000133s ]
INFO: [ view_filter ] --END-- [ RunTime:0.000186s ]
INFO: [ app_end ] --START--
INFO: Run Behavior\ShowPageTraceBehavior [ RunTime:0.000521s ]
INFO: [ app_end ] --END-- [ RunTime:0.000610s ]

[ 2017-08-03T09:54:48+08:00 ] ::1 /index.php?m=Admin&c=Article&a=index
INFO: [ app_init ] --START--
INFO: Run Behavior\BuildLiteBehavior [ RunTime:0.000018s ]
INFO: [ app_init ] --END-- [ RunTime:0.000260s ]
INFO: [ app_begin ] --START--
INFO: Run Behavior\ReadHtmlCacheBehavior [ RunTime:0.000275s ]
INFO: [ app_begin ] --END-- [ RunTime:0.000336s ]

[ 2017-08-03T09:54:48+08:00 ] ::1 /index.php/Admin/Article/item.html
INFO: [ app_init ] --START--
INFO: Run Behavior\BuildLiteBehavior [ RunTime:0.000026s ]
INFO: [ app_init ] --END-- [ RunTime:0.000423s ]
INFO: [ app_begin ] --START--
INFO: Run Behavior\ReadHtmlCacheBehavior [ RunTime:0.000456s ]
INFO: [ app_begin ] --END-- [ RunTime:0.000545s ]
INFO: [ view_parse ] --START--
INFO: [ template_filter ] --START--
INFO: Run Behavior\ContentReplaceBehavior [ RunTime:0.000089s ]
INFO: [ template_filter ] --END-- [ RunTime:0.000163s ]
NOTIC: [8] Undefined variable: menu_type /Users/llos/Documents/my_codes/bgbcms/Apps/Runtime/Cache/Admin/ff874b4eae41e24ae0a265590b63794e.php 第 163 行.
NOTIC: [8] Undefined variable: menu_type /Users/llos/Documents/my_codes/bgbcms/Apps/Runtime/Cache/Admin/ff874b4eae41e24ae0a265590b63794e.php 第 166 行.
NOTIC: [8] Undefined variable: menu_type /Users/llos/Documents/my_codes/bgbcms/Apps/Runtime/Cache/Admin/ff874b4eae41e24ae0a265590b63794e.php 第 169 行.
NOTIC: [8] Undefined variable: contents /Users/llos/Documents/my_codes/bgbcms/Apps/Runtime/Cache/Admin/ff874b4eae41e24ae0a265590b63794e.php 第 214 行.
NOTIC: [8] Undefined variable: currentPage /Users/llos/Documents/my_codes/bgbcms/Apps/Runtime/Cache/Admin/ff874b4eae41e24ae0a265590b63794e.php 第 245 行.
NOTIC: [8] Undefined variable: pagecnt /Users/llos/Documents/my_codes/bgbcms/Apps/Runtime/Cache/Admin/ff874b4eae41e24ae0a265590b63794e.php 第 249 行.
NOTIC: [8] Undefined variable: currentPage /Users/llos/Documents/my_codes/bgbcms/Apps/Runtime/Cache/Admin/ff874b4eae41e24ae0a265590b63794e.php 第 253 行.
NOTIC: [8] Undefined variable: totalPage /Users/llos/Documents/my_codes/bgbcms/Apps/Runtime/Cache/Admin/ff874b4eae41e24ae0a265590b63794e.php 第 254 行.
NOTIC: [8] Undefined variable: page /Users/llos/Documents/my_codes/bgbcms/Apps/Runtime/Cache/Admin/ff874b4eae41e24ae0a265590b63794e.php 第 258 行.
INFO: Run Behavior\ParseTemplateBehavior [ RunTime:0.009643s ]
INFO: [ view_parse ] --END-- [ RunTime:0.009714s ]
INFO: [ view_filter ] --START--
INFO: Run Behavior\WriteHtmlCacheBehavior [ RunTime:0.000148s ]
INFO: [ view_filter ] --END-- [ RunTime:0.000210s ]
INFO: [ app_end ] --START--
INFO: Run Behavior\ShowPageTraceBehavior [ RunTime:0.000605s ]
INFO: [ app_end ] --END-- [ RunTime:0.000720s ]

[ 2017-08-03T09:54:50+08:00 ] ::1 /index.php?m=Admin&c=Menu&a=index
INFO: [ app_init ] --START--
INFO: Run Behavior\BuildLiteBehavior [ RunTime:0.000019s ]
INFO: [ app_init ] --END-- [ RunTime:0.000273s ]
INFO: [ app_begin ] --START--
INFO: Run Behavior\ReadHtmlCacheBehavior [ RunTime:0.000295s ]
INFO: [ app_begin ] --END-- [ RunTime:0.000356s ]
NOTIC: [8] Undefined index: type /Users/llos/Documents/my_codes/bgbcms/Apps/Admin/Controller/MenuController.class.php 第 28 行.
NOTIC: [8] Undefined index: p /Users/llos/Documents/my_codes/bgbcms/Apps/Admin/Controller/MenuController.class.php 第 29 行.
NOTIC: [8] Undefined index: pageSize /Users/llos/Documents/my_codes/bgbcms/Apps/Admin/Controller/MenuController.class.php 第 30 行.
SQL: SHOW COLUMNS FROM `bgbcms_menu` [ RunTime:0.0291s ]
SQL: SELECT `order`,`id`,`name`,`mname`,`type`,`state` FROM `bgbcms_menu` ORDER BY `order`,`id` LIMIT 0,2   [ RunTime:0.0285s ]
SQL: SELECT COUNT(*) AS tp_count FROM `bgbcms_menu` LIMIT 1   [ RunTime:0.0286s ]
INFO: [ view_parse ] --START--
INFO: [ template_filter ] --START--
INFO: Run Behavior\ContentReplaceBehavior [ RunTime:0.000181s ]
INFO: [ template_filter ] --END-- [ RunTime:0.000372s ]
NOTIC: [8] Undefined variable: page /Users/llos/Documents/my_codes/bgbcms/Apps/Runtime/Cache/Admin/db3da01c8f36ad38f6ba709720b2de06.php 第 234 行.
INFO: Run Behavior\ParseTemplateBehavior [ RunTime:0.015477s ]
INFO: [ view_parse ] --END-- [ RunTime:0.015589s ]
INFO: [ view_filter ] --START--
INFO: Run Behavior\WriteHtmlCacheBehavior [ RunTime:0.000367s ]
INFO: [ view_filter ] --END-- [ RunTime:0.000596s ]
INFO: [ app_end ] --START--
INFO: Run Behavior\ShowPageTraceBehavior [ RunTime:0.001154s ]
INFO: [ app_end ] --END-- [ RunTime:0.001352s ]

[ 2017-08-03T10:05:23+08:00 ] ::1 /index.php?m=Admin
INFO: [ app_init ] --START--
INFO: Run Behavior\BuildLiteBehavior [ RunTime:0.000020s ]
INFO: [ app_init ] --END-- [ RunTime:0.000330s ]
INFO: [ app_begin ] --START--
INFO: Run Behavior\ReadHtmlCacheBehavior [ RunTime:0.000341s ]
INFO: [ app_begin ] --END-- [ RunTime:0.000454s ]

[ 2017-08-03T10:05:23+08:00 ] ::1 /index.php/Admin/Login/index.html
INFO: [ app_init ] --START--
INFO: Run Behavior\BuildLiteBehavior [ RunTime:0.000021s ]
INFO: [ app_init ] --END-- [ RunTime:0.000279s ]
INFO: [ app_begin ] --START--
INFO: Run Behavior\ReadHtmlCacheBehavior [ RunTime:0.000320s ]
INFO: [ app_begin ] --END-- [ RunTime:0.000438s ]
INFO: [ view_parse ] --START--
INFO: [ template_filter ] --START--
INFO: Run Behavior\ContentReplaceBehavior [ RunTime:0.000052s ]
INFO: [ template_filter ] --END-- [ RunTime:0.000116s ]
INFO: Run Behavior\ParseTemplateBehavior [ RunTime:0.003976s ]
INFO: [ view_parse ] --END-- [ RunTime:0.004046s ]
INFO: [ view_filter ] --START--
INFO: Run Behavior\WriteHtmlCacheBehavior [ RunTime:0.000120s ]
INFO: [ view_filter ] --END-- [ RunTime:0.000174s ]
INFO: [ app_end ] --START--
INFO: Run Behavior\ShowPageTraceBehavior [ RunTime:0.000441s ]
INFO: [ app_end ] --END-- [ RunTime:0.000513s ]

[ 2017-08-03T10:05:27+08:00 ] ::1 /index.php?m=Admin&c=Article&a=index
INFO: [ app_init ] --START--
INFO: Run Behavior\BuildLiteBehavior [ RunTime:0.000019s ]
INFO: [ app_init ] --END-- [ RunTime:0.000325s ]
INFO: [ app_begin ] --START--
INFO: Run Behavior\ReadHtmlCacheBehavior [ RunTime:0.000349s ]
INFO: [ app_begin ] --END-- [ RunTime:0.000440s ]

[ 2017-08-03T10:05:27+08:00 ] ::1 /index.php/Admin/Login/index.html
INFO: [ app_init ] --START--
INFO: Run Behavior\BuildLiteBehavior [ RunTime:0.000026s ]
INFO: [ app_init ] --END-- [ RunTime:0.000401s ]
INFO: [ app_begin ] --START--
INFO: Run Behavior\ReadHtmlCacheBehavior [ RunTime:0.000480s ]
INFO: [ app_begin ] --END-- [ RunTime:0.000572s ]
INFO: [ view_parse ] --START--
INFO: [ template_filter ] --START--
INFO: Run Behavior\ContentReplaceBehavior [ RunTime:0.000070s ]
INFO: [ template_filter ] --END-- [ RunTime:0.000148s ]
INFO: Run Behavior\ParseTemplateBehavior [ RunTime:0.005862s ]
INFO: [ view_parse ] --END-- [ RunTime:0.005951s ]
INFO: [ view_filter ] --START--
INFO: Run Behavior\WriteHtmlCacheBehavior [ RunTime:0.000129s ]
INFO: [ view_filter ] --END-- [ RunTime:0.000187s ]
INFO: [ app_end ] --START--
INFO: Run Behavior\ShowPageTraceBehavior [ RunTime:0.000393s ]
INFO: [ app_end ] --END-- [ RunTime:0.000455s ]

[ 2017-08-03T10:07:27+08:00 ] ::1 /bgbcms/index.php?m=Admin&c=menu
INFO: [ app_init ] --START--
INFO: Run Behavior\BuildLiteBehavior [ RunTime:0.000048s ]
INFO: [ app_init ] --END-- [ RunTime:0.000775s ]
INFO: [ app_begin ] --START--
INFO: Run Behavior\ReadHtmlCacheBehavior [ RunTime:0.001336s ]
INFO: [ app_begin ] --END-- [ RunTime:0.001604s ]
NOTIC: [8] Undefined index: type /Users/llos/Documents/my_codes/bgbcms/Apps/Admin/Controller/MenuController.class.php 第 28 行.
NOTIC: [8] Undefined index: p /Users/llos/Documents/my_codes/bgbcms/Apps/Admin/Controller/MenuController.class.php 第 29 行.
NOTIC: [8] Undefined index: pageSize /Users/llos/Documents/my_codes/bgbcms/Apps/Admin/Controller/MenuController.class.php 第 30 行.
SQL: SHOW COLUMNS FROM `bgbcms_menu` [ RunTime:0.0315s ]
SQL: SELECT `order`,`id`,`name`,`mname`,`type`,`state` FROM `bgbcms_menu` ORDER BY `order`,`id` LIMIT 0,2   [ RunTime:0.0303s ]
SQL: SELECT COUNT(*) AS tp_count FROM `bgbcms_menu` LIMIT 1   [ RunTime:0.0289s ]
INFO: [ view_parse ] --START--
INFO: [ template_filter ] --START--
INFO: Run Behavior\ContentReplaceBehavior [ RunTime:0.000195s ]
INFO: [ template_filter ] --END-- [ RunTime:0.000441s ]
NOTIC: [8] Undefined variable: page /Users/llos/Documents/my_codes/bgbcms/Apps/Runtime/Cache/Admin/db3da01c8f36ad38f6ba709720b2de06.php 第 234 行.
INFO: Run Behavior\ParseTemplateBehavior [ RunTime:0.032245s ]
INFO: [ view_parse ] --END-- [ RunTime:0.032452s ]
INFO: [ view_filter ] --START--
INFO: Run Behavior\WriteHtmlCacheBehavior [ RunTime:0.000260s ]
INFO: [ view_filter ] --END-- [ RunTime:0.000393s ]
INFO: [ app_end ] --START--
INFO: Run Behavior\ShowPageTraceBehavior [ RunTime:0.001032s ]
INFO: [ app_end ] --END-- [ RunTime:0.001234s ]

[ 2017-08-03T10:07:30+08:00 ] ::1 /bgbcms/index.php?m=Admin&c=Menu&a=index
INFO: [ app_init ] --START--
INFO: Run Behavior\BuildLiteBehavior [ RunTime:0.000056s ]
INFO: [ app_init ] --END-- [ RunTime:0.000957s ]
INFO: [ app_begin ] --START--
INFO: Run Behavior\ReadHtmlCacheBehavior [ RunTime:0.000780s ]
INFO: [ app_begin ] --END-- [ RunTime:0.000944s ]
NOTIC: [8] Undefined index: type /Users/llos/Documents/my_codes/bgbcms/Apps/Admin/Controller/MenuController.class.php 第 28 行.
NOTIC: [8] Undefined index: p /Users/llos/Documents/my_codes/bgbcms/Apps/Admin/Controller/MenuController.class.php 第 29 行.
NOTIC: [8] Undefined index: pageSize /Users/llos/Documents/my_codes/bgbcms/Apps/Admin/Controller/MenuController.class.php 第 30 行.
SQL: SHOW COLUMNS FROM `bgbcms_menu` [ RunTime:0.0300s ]
SQL: SELECT `order`,`id`,`name`,`mname`,`type`,`state` FROM `bgbcms_menu` ORDER BY `order`,`id` LIMIT 0,2   [ RunTime:0.0296s ]
SQL: SELECT COUNT(*) AS tp_count FROM `bgbcms_menu` LIMIT 1   [ RunTime:0.0288s ]
INFO: [ view_parse ] --START--
INFO: [ template_filter ] --START--
INFO: Run Behavior\ContentReplaceBehavior [ RunTime:0.000165s ]
INFO: [ template_filter ] --END-- [ RunTime:0.000310s ]
NOTIC: [8] Undefined variable: page /Users/llos/Documents/my_codes/bgbcms/Apps/Runtime/Cache/Admin/db3da01c8f36ad38f6ba709720b2de06.php 第 234 行.
INFO: Run Behavior\ParseTemplateBehavior [ RunTime:0.031307s ]
INFO: [ view_parse ] --END-- [ RunTime:0.031488s ]
INFO: [ view_filter ] --START--
INFO: Run Behavior\WriteHtmlCacheBehavior [ RunTime:0.000215s ]
INFO: [ view_filter ] --END-- [ RunTime:0.000323s ]
INFO: [ app_end ] --START--
INFO: Run Behavior\ShowPageTraceBehavior [ RunTime:0.001076s ]
INFO: [ app_end ] --END-- [ RunTime:0.001270s ]

[ 2017-08-03T10:07:33+08:00 ] ::1 /bgbcms/index.php?m=Admin&c=Article&a=index
INFO: [ app_init ] --START--
INFO: Run Behavior\BuildLiteBehavior [ RunTime:0.000028s ]
INFO: [ app_init ] --END-- [ RunTime:0.000456s ]
INFO: [ app_begin ] --START--
INFO: Run Behavior\ReadHtmlCacheBehavior [ RunTime:0.000509s ]
INFO: [ app_begin ] --END-- [ RunTime:0.000628s ]

[ 2017-08-03T10:07:33+08:00 ] ::1 /bgbcms/index.php/Admin/Article/item.html
INFO: [ app_init ] --START--
INFO: Run Behavior\BuildLiteBehavior [ RunTime:0.000032s ]
INFO: [ app_init ] --END-- [ RunTime:0.000502s ]
INFO: [ app_begin ] --START--
INFO: Run Behavior\ReadHtmlCacheBehavior [ RunTime:0.000594s ]
INFO: [ app_begin ] --END-- [ RunTime:0.000738s ]
INFO: [ view_parse ] --START--
INFO: [ template_filter ] --START--
INFO: Run Behavior\ContentReplaceBehavior [ RunTime:0.000131s ]
INFO: [ template_filter ] --END-- [ RunTime:0.000308s ]
NOTIC: [8] Undefined variable: menu_type /Users/llos/Documents/my_codes/bgbcms/Apps/Runtime/Cache/Admin/ff874b4eae41e24ae0a265590b63794e.php 第 163 行.
NOTIC: [8] Undefined variable: menu_type /Users/llos/Documents/my_codes/bgbcms/Apps/Runtime/Cache/Admin/ff874b4eae41e24ae0a265590b63794e.php 第 166 行.
NOTIC: [8] Undefined variable: menu_type /Users/llos/Documents/my_codes/bgbcms/Apps/Runtime/Cache/Admin/ff874b4eae41e24ae0a265590b63794e.php 第 169 行.
NOTIC: [8] Undefined variable: contents /Users/llos/Documents/my_codes/bgbcms/Apps/Runtime/Cache/Admin/ff874b4eae41e24ae0a265590b63794e.php 第 214 行.
NOTIC: [8] Undefined variable: currentPage /Users/llos/Documents/my_codes/bgbcms/Apps/Runtime/Cache/Admin/ff874b4eae41e24ae0a265590b63794e.php 第 245 行.
NOTIC: [8] Undefined variable: pagecnt /Users/llos/Documents/my_codes/bgbcms/Apps/Runtime/Cache/Admin/ff874b4eae41e24ae0a265590b63794e.php 第 249 行.
NOTIC: [8] Undefined variable: currentPage /Users/llos/Documents/my_codes/bgbcms/Apps/Runtime/Cache/Admin/ff874b4eae41e24ae0a265590b63794e.php 第 253 行.
NOTIC: [8] Undefined variable: totalPage /Users/llos/Documents/my_codes/bgbcms/Apps/Runtime/Cache/Admin/ff874b4eae41e24ae0a265590b63794e.php 第 254 行.
NOTIC: [8] Undefined variable: page /Users/llos/Documents/my_codes/bgbcms/Apps/Runtime/Cache/Admin/ff874b4eae41e24ae0a265590b63794e.php 第 258 行.
INFO: Run Behavior\ParseTemplateBehavior [ RunTime:0.028055s ]
INFO: [ view_parse ] --END-- [ RunTime:0.028193s ]
INFO: [ view_filter ] --START--
INFO: Run Behavior\WriteHtmlCacheBehavior [ RunTime:0.000307s ]
INFO: [ view_filter ] --END-- [ RunTime:0.000445s ]
INFO: [ app_end ] --START--
INFO: Run Behavior\ShowPageTraceBehavior [ RunTime:0.000939s ]
INFO: [ app_end ] --END-- [ RunTime:0.001167s ]

[ 2017-08-03T10:07:39+08:00 ] ::1 /bgbcms/index.php?m=Admin&c=Article&a=index
INFO: [ app_init ] --START--
INFO: Run Behavior\BuildLiteBehavior [ RunTime:0.000028s ]
INFO: [ app_init ] --END-- [ RunTime:0.000456s ]
INFO: [ app_begin ] --START--
INFO: Run Behavior\ReadHtmlCacheBehavior [ RunTime:0.000513s ]
INFO: [ app_begin ] --END-- [ RunTime:0.000633s ]

[ 2017-08-03T10:07:39+08:00 ] ::1 /bgbcms/index.php/Admin/Article/item.html
INFO: [ app_init ] --START--
INFO: Run Behavior\BuildLiteBehavior [ RunTime:0.000031s ]
INFO: [ app_init ] --END-- [ RunTime:0.000501s ]
INFO: [ app_begin ] --START--
INFO: Run Behavior\ReadHtmlCacheBehavior [ RunTime:0.000572s ]
INFO: [ app_begin ] --END-- [ RunTime:0.000703s ]
INFO: [ view_parse ] --START--
INFO: [ template_filter ] --START--
INFO: Run Behavior\ContentReplaceBehavior [ RunTime:0.000184s ]
INFO: [ template_filter ] --END-- [ RunTime:0.000442s ]
NOTIC: [8] Undefined variable: menu_type /Users/llos/Documents/my_codes/bgbcms/Apps/Runtime/Cache/Admin/ff874b4eae41e24ae0a265590b63794e.php 第 163 行.
NOTIC: [8] Undefined variable: menu_type /Users/llos/Documents/my_codes/bgbcms/Apps/Runtime/Cache/Admin/ff874b4eae41e24ae0a265590b63794e.php 第 166 行.
NOTIC: [8] Undefined variable: menu_type /Users/llos/Documents/my_codes/bgbcms/Apps/Runtime/Cache/Admin/ff874b4eae41e24ae0a265590b63794e.php 第 169 行.
NOTIC: [8] Undefined variable: contents /Users/llos/Documents/my_codes/bgbcms/Apps/Runtime/Cache/Admin/ff874b4eae41e24ae0a265590b63794e.php 第 214 行.
NOTIC: [8] Undefined variable: currentPage /Users/llos/Documents/my_codes/bgbcms/Apps/Runtime/Cache/Admin/ff874b4eae41e24ae0a265590b63794e.php 第 245 行.
NOTIC: [8] Undefined variable: pagecnt /Users/llos/Documents/my_codes/bgbcms/Apps/Runtime/Cache/Admin/ff874b4eae41e24ae0a265590b63794e.php 第 249 行.
NOTIC: [8] Undefined variable: currentPage /Users/llos/Documents/my_codes/bgbcms/Apps/Runtime/Cache/Admin/ff874b4eae41e24ae0a265590b63794e.php 第 253 行.
NOTIC: [8] Undefined variable: totalPage /Users/llos/Documents/my_codes/bgbcms/Apps/Runtime/Cache/Admin/ff874b4eae41e24ae0a265590b63794e.php 第 254 行.
NOTIC: [8] Undefined variable: page /Users/llos/Documents/my_codes/bgbcms/Apps/Runtime/Cache/Admin/ff874b4eae41e24ae0a265590b63794e.php 第 258 行.
INFO: Run Behavior\ParseTemplateBehavior [ RunTime:0.027669s ]
INFO: [ view_parse ] --END-- [ RunTime:0.027851s ]
INFO: [ view_filter ] --START--
INFO: Run Behavior\WriteHtmlCacheBehavior [ RunTime:0.000371s ]
INFO: [ view_filter ] --END-- [ RunTime:0.000583s ]
INFO: [ app_end ] --START--
INFO: Run Behavior\ShowPageTraceBehavior [ RunTime:0.001468s ]
INFO: [ app_end ] --END-- [ RunTime:0.001765s ]

[ 2017-08-03T10:07:41+08:00 ] ::1 /bgbcms/index.php?m=Admin
INFO: [ app_init ] --START--
INFO: Run Behavior\BuildLiteBehavior [ RunTime:0.000028s ]
INFO: [ app_init ] --END-- [ RunTime:0.000455s ]
INFO: [ app_begin ] --START--
INFO: Run Behavior\ReadHtmlCacheBehavior [ RunTime:0.000530s ]
INFO: [ app_begin ] --END-- [ RunTime:0.000676s ]
INFO: [ view_parse ] --START--
INFO: [ template_filter ] --START--
INFO: Run Behavior\ContentReplaceBehavior [ RunTime:0.000102s ]
INFO: [ template_filter ] --END-- [ RunTime:0.000264s ]
INFO: Run Behavior\ParseTemplateBehavior [ RunTime:0.015747s ]
INFO: [ view_parse ] --END-- [ RunTime:0.015877s ]
INFO: [ view_filter ] --START--
INFO: Run Behavior\WriteHtmlCacheBehavior [ RunTime:0.000212s ]
INFO: [ view_filter ] --END-- [ RunTime:0.000333s ]
INFO: [ app_end ] --START--
INFO: Run Behavior\ShowPageTraceBehavior [ RunTime:0.001055s ]
INFO: [ app_end ] --END-- [ RunTime:0.001287s ]

[ 2017-08-03T10:07:44+08:00 ] ::1 /bgbcms/index.php?m=Admin&c=Menu&a=index
INFO: [ app_init ] --START--
INFO: Run Behavior\BuildLiteBehavior [ RunTime:0.000058s ]
INFO: [ app_init ] --END-- [ RunTime:0.000597s ]
INFO: [ app_begin ] --START--
INFO: Run Behavior\ReadHtmlCacheBehavior [ RunTime:0.000774s ]
INFO: [ app_begin ] --END-- [ RunTime:0.001032s ]
NOTIC: [8] Undefined index: type /Users/llos/Documents/my_codes/bgbcms/Apps/Admin/Controller/MenuController.class.php 第 28 行.
NOTIC: [8] Undefined index: p /Users/llos/Documents/my_codes/bgbcms/Apps/Admin/Controller/MenuController.class.php 第 29 行.
NOTIC: [8] Undefined index: pageSize /Users/llos/Documents/my_codes/bgbcms/Apps/Admin/Controller/MenuController.class.php 第 30 行.
SQL: SHOW COLUMNS FROM `bgbcms_menu` [ RunTime:0.0306s ]
SQL: SELECT `order`,`id`,`name`,`mname`,`type`,`state` FROM `bgbcms_menu` ORDER BY `order`,`id` LIMIT 0,2   [ RunTime:0.0285s ]
SQL: SELECT COUNT(*) AS tp_count FROM `bgbcms_menu` LIMIT 1   [ RunTime:0.0286s ]
INFO: [ view_parse ] --START--
INFO: [ template_filter ] --START--
INFO: Run Behavior\ContentReplaceBehavior [ RunTime:0.000114s ]
INFO: [ template_filter ] --END-- [ RunTime:0.000264s ]
NOTIC: [8] Undefined variable: page /Users/llos/Documents/my_codes/bgbcms/Apps/Runtime/Cache/Admin/db3da01c8f36ad38f6ba709720b2de06.php 第 234 行.
INFO: Run Behavior\ParseTemplateBehavior [ RunTime:0.033655s ]
INFO: [ view_parse ] --END-- [ RunTime:0.033853s ]
INFO: [ view_filter ] --START--
INFO: Run Behavior\WriteHtmlCacheBehavior [ RunTime:0.000226s ]
INFO: [ view_filter ] --END-- [ RunTime:0.000344s ]
INFO: [ app_end ] --START--
INFO: Run Behavior\ShowPageTraceBehavior [ RunTime:0.000971s ]
INFO: [ app_end ] --END-- [ RunTime:0.001130s ]

[ 2017-08-03T10:07:50+08:00 ] ::1 /bgbcms/index.php?m=Admin&c=Login&a=logout
INFO: [ app_init ] --START--
INFO: Run Behavior\BuildLiteBehavior [ RunTime:0.000054s ]
INFO: [ app_init ] --END-- [ RunTime:0.000884s ]
INFO: [ app_begin ] --START--
INFO: Run Behavior\ReadHtmlCacheBehavior [ RunTime:0.000845s ]
INFO: [ app_begin ] --END-- [ RunTime:0.001035s ]

[ 2017-08-03T10:07:50+08:00 ] ::1 /bgbcms/index.php/Admin/Login/index.html
INFO: [ app_init ] --START--
INFO: Run Behavior\BuildLiteBehavior [ RunTime:0.000032s ]
INFO: [ app_init ] --END-- [ RunTime:0.000478s ]
INFO: [ app_begin ] --START--
INFO: Run Behavior\ReadHtmlCacheBehavior [ RunTime:0.000520s ]
INFO: [ app_begin ] --END-- [ RunTime:0.000665s ]
INFO: [ view_parse ] --START--
INFO: [ template_filter ] --START--
INFO: Run Behavior\ContentReplaceBehavior [ RunTime:0.000121s ]
INFO: [ template_filter ] --END-- [ RunTime:0.000399s ]
INFO: Run Behavior\ParseTemplateBehavior [ RunTime:0.010584s ]
INFO: [ view_parse ] --END-- [ RunTime:0.010729s ]
INFO: [ view_filter ] --START--
INFO: Run Behavior\WriteHtmlCacheBehavior [ RunTime:0.000210s ]
INFO: [ view_filter ] --END-- [ RunTime:0.000323s ]
INFO: [ app_end ] --START--
INFO: Run Behavior\ShowPageTraceBehavior [ RunTime:0.000590s ]
INFO: [ app_end ] --END-- [ RunTime:0.000706s ]

[ 2017-08-03T10:08:06+08:00 ] ::1 /bgbcms/index.php?m=Admin&c=menu
INFO: [ app_init ] --START--
INFO: Run Behavior\BuildLiteBehavior [ RunTime:0.000071s ]
INFO: [ app_init ] --END-- [ RunTime:0.001315s ]
INFO: [ app_begin ] --START--
INFO: Run Behavior\ReadHtmlCacheBehavior [ RunTime:0.000718s ]
INFO: [ app_begin ] --END-- [ RunTime:0.000859s ]
NOTIC: [8] Undefined index: type /Users/llos/Documents/my_codes/bgbcms/Apps/Admin/Controller/MenuController.class.php 第 28 行.
NOTIC: [8] Undefined index: p /Users/llos/Documents/my_codes/bgbcms/Apps/Admin/Controller/MenuController.class.php 第 29 行.
NOTIC: [8] Undefined index: pageSize /Users/llos/Documents/my_codes/bgbcms/Apps/Admin/Controller/MenuController.class.php 第 30 行.
SQL: SHOW COLUMNS FROM `bgbcms_menu` [ RunTime:0.0303s ]
SQL: SELECT `order`,`id`,`name`,`mname`,`type`,`state` FROM `bgbcms_menu` ORDER BY `order`,`id` LIMIT 0,2   [ RunTime:0.1450s ]
SQL: SELECT COUNT(*) AS tp_count FROM `bgbcms_menu` LIMIT 1   [ RunTime:0.1327s ]
INFO: [ view_parse ] --START--
INFO: [ template_filter ] --START--
INFO: Run Behavior\ContentReplaceBehavior [ RunTime:0.000124s ]
INFO: [ template_filter ] --END-- [ RunTime:0.000281s ]
NOTIC: [8] Undefined variable: page /Users/llos/Documents/my_codes/bgbcms/Apps/Runtime/Cache/Admin/db3da01c8f36ad38f6ba709720b2de06.php 第 234 行.
INFO: Run Behavior\ParseTemplateBehavior [ RunTime:0.026802s ]
INFO: [ view_parse ] --END-- [ RunTime:0.026960s ]
INFO: [ view_filter ] --START--
INFO: Run Behavior\WriteHtmlCacheBehavior [ RunTime:0.000219s ]
INFO: [ view_filter ] --END-- [ RunTime:0.000340s ]
INFO: [ app_end ] --START--
INFO: Run Behavior\ShowPageTraceBehavior [ RunTime:0.001204s ]
INFO: [ app_end ] --END-- [ RunTime:0.001444s ]

[ 2017-08-03T10:08:10+08:00 ] ::1 /bgbcms/index.php?m=Admin&c=Article&a=index
INFO: [ app_init ] --START--
INFO: Run Behavior\BuildLiteBehavior [ RunTime:0.000028s ]
INFO: [ app_init ] --END-- [ RunTime:0.000462s ]
INFO: [ app_begin ] --START--
INFO: Run Behavior\ReadHtmlCacheBehavior [ RunTime:0.000957s ]
INFO: [ app_begin ] --END-- [ RunTime:0.001178s ]

[ 2017-08-03T10:08:10+08:00 ] ::1 /bgbcms/index.php/Admin/Login/index.html
INFO: [ app_init ] --START--
INFO: Run Behavior\BuildLiteBehavior [ RunTime:0.000029s ]
INFO: [ app_init ] --END-- [ RunTime:0.000464s ]
INFO: [ app_begin ] --START--
INFO: Run Behavior\ReadHtmlCacheBehavior [ RunTime:0.000579s ]
INFO: [ app_begin ] --END-- [ RunTime:0.000703s ]
INFO: [ view_parse ] --START--
INFO: [ template_filter ] --START--
INFO: Run Behavior\ContentReplaceBehavior [ RunTime:0.000111s ]
INFO: [ template_filter ] --END-- [ RunTime:0.000293s ]
INFO: Run Behavior\ParseTemplateBehavior [ RunTime:0.010344s ]
INFO: [ view_parse ] --END-- [ RunTime:0.010474s ]
INFO: [ view_filter ] --START--
INFO: Run Behavior\WriteHtmlCacheBehavior [ RunTime:0.000292s ]
INFO: [ view_filter ] --END-- [ RunTime:0.000490s ]
INFO: [ app_end ] --START--
INFO: Run Behavior\ShowPageTraceBehavior [ RunTime:0.001289s ]
INFO: [ app_end ] --END-- [ RunTime:0.001510s ]

[ 2017-08-03T10:08:13+08:00 ] ::1 /bgbcms/index.php?m=Admin&c=Menu&a=index
INFO: [ app_init ] --START--
INFO: Run Behavior\BuildLiteBehavior [ RunTime:0.000052s ]
INFO: [ app_init ] --END-- [ RunTime:0.000885s ]
INFO: [ app_begin ] --START--
INFO: Run Behavior\ReadHtmlCacheBehavior [ RunTime:0.001248s ]
INFO: [ app_begin ] --END-- [ RunTime:0.001515s ]
NOTIC: [8] Undefined index: type /Users/llos/Documents/my_codes/bgbcms/Apps/Admin/Controller/MenuController.class.php 第 28 行.
NOTIC: [8] Undefined index: p /Users/llos/Documents/my_codes/bgbcms/Apps/Admin/Controller/MenuController.class.php 第 29 行.
NOTIC: [8] Undefined index: pageSize /Users/llos/Documents/my_codes/bgbcms/Apps/Admin/Controller/MenuController.class.php 第 30 行.
SQL: SHOW COLUMNS FROM `bgbcms_menu` [ RunTime:0.0292s ]
SQL: SELECT `order`,`id`,`name`,`mname`,`type`,`state` FROM `bgbcms_menu` ORDER BY `order`,`id` LIMIT 0,2   [ RunTime:0.0282s ]
SQL: SELECT COUNT(*) AS tp_count FROM `bgbcms_menu` LIMIT 1   [ RunTime:0.0277s ]
INFO: [ view_parse ] --START--
INFO: [ template_filter ] --START--
INFO: Run Behavior\ContentReplaceBehavior [ RunTime:0.000104s ]
INFO: [ template_filter ] --END-- [ RunTime:0.000245s ]
NOTIC: [8] Undefined variable: page /Users/llos/Documents/my_codes/bgbcms/Apps/Runtime/Cache/Admin/db3da01c8f36ad38f6ba709720b2de06.php 第 234 行.
INFO: Run Behavior\ParseTemplateBehavior [ RunTime:0.031554s ]
INFO: [ view_parse ] --END-- [ RunTime:0.031744s ]
INFO: [ view_filter ] --START--
INFO: Run Behavior\WriteHtmlCacheBehavior [ RunTime:0.000206s ]
INFO: [ view_filter ] --END-- [ RunTime:0.000315s ]
INFO: [ app_end ] --START--
INFO: Run Behavior\ShowPageTraceBehavior [ RunTime:0.000981s ]
INFO: [ app_end ] --END-- [ RunTime:0.001193s ]

[ 2017-08-03T10:08:32+08:00 ] ::1 /bgbcms/index.php?m=Admin&c=Article&a=index
INFO: [ app_init ] --START--
INFO: Run Behavior\BuildLiteBehavior [ RunTime:0.000081s ]
INFO: [ app_init ] --END-- [ RunTime:0.000742s ]
INFO: [ app_begin ] --START--
INFO: Run Behavior\ReadHtmlCacheBehavior [ RunTime:0.000862s ]
INFO: [ app_begin ] --END-- [ RunTime:0.001046s ]

[ 2017-08-03T10:08:32+08:00 ] ::1 /bgbcms/index.php/Admin/Login/index.html
INFO: [ app_init ] --START--
INFO: Run Behavior\BuildLiteBehavior [ RunTime:0.000028s ]
INFO: [ app_init ] --END-- [ RunTime:0.000468s ]
INFO: [ app_begin ] --START--
INFO: Run Behavior\ReadHtmlCacheBehavior [ RunTime:0.000670s ]
INFO: [ app_begin ] --END-- [ RunTime:0.000821s ]
INFO: [ view_parse ] --START--
INFO: [ template_filter ] --START--
INFO: Run Behavior\ContentReplaceBehavior [ RunTime:0.000094s ]
INFO: [ template_filter ] --END-- [ RunTime:0.000235s ]
INFO: Run Behavior\ParseTemplateBehavior [ RunTime:0.010588s ]
INFO: [ view_parse ] --END-- [ RunTime:0.010741s ]
INFO: [ view_filter ] --START--
INFO: Run Behavior\WriteHtmlCacheBehavior [ RunTime:0.000183s ]
INFO: [ view_filter ] --END-- [ RunTime:0.000293s ]
INFO: [ app_end ] --START--
INFO: Run Behavior\ShowPageTraceBehavior [ RunTime:0.000542s ]
INFO: [ app_end ] --END-- [ RunTime:0.000658s ]

[ 2017-08-03T10:08:39+08:00 ] ::1 /bgbcms/index.php?m=Admin&c=Menu&a=index
INFO: [ app_init ] --START--
INFO: Run Behavior\BuildLiteBehavior [ RunTime:0.000039s ]
INFO: [ app_init ] --END-- [ RunTime:0.000723s ]
INFO: [ app_begin ] --START--
INFO: Run Behavior\ReadHtmlCacheBehavior [ RunTime:0.001002s ]
INFO: [ app_begin ] --END-- [ RunTime:0.001186s ]

[ 2017-08-03T10:08:39+08:00 ] ::1 /bgbcms/index.php/Admin/Login/index.html
INFO: [ app_init ] --START--
INFO: Run Behavior\BuildLiteBehavior [ RunTime:0.000028s ]
INFO: [ app_init ] --END-- [ RunTime:0.000453s ]
INFO: [ app_begin ] --START--
INFO: Run Behavior\ReadHtmlCacheBehavior [ RunTime:0.000528s ]
INFO: [ app_begin ] --END-- [ RunTime:0.000650s ]
INFO: [ view_parse ] --START--
INFO: [ template_filter ] --START--
INFO: Run Behavior\ContentReplaceBehavior [ RunTime:0.000151s ]
INFO: [ template_filter ] --END-- [ RunTime:0.000475s ]
INFO: Run Behavior\ParseTemplateBehavior [ RunTime:0.013409s ]
INFO: [ view_parse ] --END-- [ RunTime:0.013603s ]
INFO: [ view_filter ] --START--
INFO: Run Behavior\WriteHtmlCacheBehavior [ RunTime:0.000378s ]
INFO: [ view_filter ] --END-- [ RunTime:0.000560s ]
INFO: [ app_end ] --START--
INFO: Run Behavior\ShowPageTraceBehavior [ RunTime:0.000671s ]
INFO: [ app_end ] --END-- [ RunTime:0.000800s ]

[ 2017-08-03T10:08:42+08:00 ] ::1 /bgbcms/index.php?m=Admin
INFO: [ app_init ] --START--
INFO: Run Behavior\BuildLiteBehavior [ RunTime:0.000031s ]
INFO: [ app_init ] --END-- [ RunTime:0.000496s ]
INFO: [ app_begin ] --START--
INFO: Run Behavior\ReadHtmlCacheBehavior [ RunTime:0.000664s ]
INFO: [ app_begin ] --END-- [ RunTime:0.000799s ]

[ 2017-08-03T10:08:42+08:00 ] ::1 /bgbcms/index.php/Admin/Login/index.html
INFO: [ app_init ] --START--
INFO: Run Behavior\BuildLiteBehavior [ RunTime:0.000057s ]
INFO: [ app_init ] --END-- [ RunTime:0.000932s ]
INFO: [ app_begin ] --START--
INFO: Run Behavior\ReadHtmlCacheBehavior [ RunTime:0.000599s ]
INFO: [ app_begin ] --END-- [ RunTime:0.000738s ]
INFO: [ view_parse ] --START--
INFO: [ template_filter ] --START--
INFO: Run Behavior\ContentReplaceBehavior [ RunTime:0.000088s ]
INFO: [ template_filter ] --END-- [ RunTime:0.000219s ]
INFO: Run Behavior\ParseTemplateBehavior [ RunTime:0.009921s ]
INFO: [ view_parse ] --END-- [ RunTime:0.010047s ]
INFO: [ view_filter ] --START--
INFO: Run Behavior\WriteHtmlCacheBehavior [ RunTime:0.000190s ]
INFO: [ view_filter ] --END-- [ RunTime:0.000297s ]
INFO: [ app_end ] --START--
INFO: Run Behavior\ShowPageTraceBehavior [ RunTime:0.000558s ]
INFO: [ app_end ] --END-- [ RunTime:0.000680s ]

[ 2017-08-03T10:08:48+08:00 ] ::1 /bgbcms/index.php/Admin/Menu
INFO: [ app_init ] --START--
INFO: Run Behavior\BuildLiteBehavior [ RunTime:0.000038s ]
INFO: [ app_init ] --END-- [ RunTime:0.000637s ]
INFO: [ app_begin ] --START--
INFO: Run Behavior\ReadHtmlCacheBehavior [ RunTime:0.001313s ]
INFO: [ app_begin ] --END-- [ RunTime:0.001632s ]

[ 2017-08-03T10:08:48+08:00 ] ::1 /bgbcms/index.php/Admin/Login/index.html
INFO: [ app_init ] --START--
INFO: Run Behavior\BuildLiteBehavior [ RunTime:0.000029s ]
INFO: [ app_init ] --END-- [ RunTime:0.000453s ]
INFO: [ app_begin ] --START--
INFO: Run Behavior\ReadHtmlCacheBehavior [ RunTime:0.000716s ]
INFO: [ app_begin ] --END-- [ RunTime:0.000889s ]
INFO: [ view_parse ] --START--
INFO: [ template_filter ] --START--
INFO: Run Behavior\ContentReplaceBehavior [ RunTime:0.000161s ]
INFO: [ template_filter ] --END-- [ RunTime:0.000364s ]
INFO: Run Behavior\ParseTemplateBehavior [ RunTime:0.012452s ]
INFO: [ view_parse ] --END-- [ RunTime:0.012651s ]
INFO: [ view_filter ] --START--
INFO: Run Behavior\WriteHtmlCacheBehavior [ RunTime:0.000287s ]
INFO: [ view_filter ] --END-- [ RunTime:0.000430s ]
INFO: [ app_end ] --START--
INFO: Run Behavior\ShowPageTraceBehavior [ RunTime:0.000881s ]
INFO: [ app_end ] --END-- [ RunTime:0.001043s ]

[ 2017-08-03T10:08:56+08:00 ] ::1 /bgbcms/index.php/Admin/Article
INFO: [ app_init ] --START--
INFO: Run Behavior\BuildLiteBehavior [ RunTime:0.000068s ]
INFO: [ app_init ] --END-- [ RunTime:0.001215s ]
INFO: [ app_begin ] --START--
INFO: Run Behavior\ReadHtmlCacheBehavior [ RunTime:0.000779s ]
INFO: [ app_begin ] --END-- [ RunTime:0.001390s ]

[ 2017-08-03T10:08:56+08:00 ] ::1 /bgbcms/index.php/Admin/Login/index.html
INFO: [ app_init ] --START--
INFO: Run Behavior\BuildLiteBehavior [ RunTime:0.000028s ]
INFO: [ app_init ] --END-- [ RunTime:0.000453s ]
INFO: [ app_begin ] --START--
INFO: Run Behavior\ReadHtmlCacheBehavior [ RunTime:0.000830s ]
INFO: [ app_begin ] --END-- [ RunTime:0.001106s ]
INFO: [ view_parse ] --START--
INFO: [ template_filter ] --START--
INFO: Run Behavior\ContentReplaceBehavior [ RunTime:0.000088s ]
INFO: [ template_filter ] --END-- [ RunTime:0.000224s ]
INFO: Run Behavior\ParseTemplateBehavior [ RunTime:0.010250s ]
INFO: [ view_parse ] --END-- [ RunTime:0.010514s ]
INFO: [ view_filter ] --START--
INFO: Run Behavior\WriteHtmlCacheBehavior [ RunTime:0.000198s ]
INFO: [ view_filter ] --END-- [ RunTime:0.000305s ]
INFO: [ app_end ] --START--
INFO: Run Behavior\ShowPageTraceBehavior [ RunTime:0.000563s ]
INFO: [ app_end ] --END-- [ RunTime:0.000678s ]

