[ 2017-07-12T12:59:54+08:00 ] ::1 /vagr_ngx_ubun16_php5/www/bgbcms/index.php/Admin/Article/item.html
INFO: [ app_init ] --START--
INFO: Run Behavior\BuildLiteBehavior [ RunTime:0.000059s ]
INFO: [ app_init ] --END-- [ RunTime:0.003324s ]
INFO: [ app_begin ] --START--
INFO: Run Behavior\ReadHtmlCacheBehavior [ RunTime:0.001490s ]
INFO: [ app_begin ] --END-- [ RunTime:0.001691s ]
INFO: [ view_parse ] --START--
INFO: [ template_filter ] --START--
INFO: Run Behavior\ContentReplaceBehavior [ RunTime:0.000784s ]
INFO: [ template_filter ] --END-- [ RunTime:0.000968s ]
NOTIC: [8] Undefined variable: menu_type /Users/llos/Documents/bugber/vagr_ngx_ubun16_php5/www/bgbcms/Apps/Runtime/Cache/Admin/ff874b4eae41e24ae0a265590b63794e.php 第 158 行.
NOTIC: [8] Undefined variable: menu_type /Users/llos/Documents/bugber/vagr_ngx_ubun16_php5/www/bgbcms/Apps/Runtime/Cache/Admin/ff874b4eae41e24ae0a265590b63794e.php 第 161 行.
NOTIC: [8] Undefined variable: menu_type /Users/llos/Documents/bugber/vagr_ngx_ubun16_php5/www/bgbcms/Apps/Runtime/Cache/Admin/ff874b4eae41e24ae0a265590b63794e.php 第 164 行.
NOTIC: [8] Undefined variable: contents /Users/llos/Documents/bugber/vagr_ngx_ubun16_php5/www/bgbcms/Apps/Runtime/Cache/Admin/ff874b4eae41e24ae0a265590b63794e.php 第 209 行.
NOTIC: [8] Undefined variable: currentPage /Users/llos/Documents/bugber/vagr_ngx_ubun16_php5/www/bgbcms/Apps/Runtime/Cache/Admin/ff874b4eae41e24ae0a265590b63794e.php 第 240 行.
NOTIC: [8] Undefined variable: pagecnt /Users/llos/Documents/bugber/vagr_ngx_ubun16_php5/www/bgbcms/Apps/Runtime/Cache/Admin/ff874b4eae41e24ae0a265590b63794e.php 第 244 行.
NOTIC: [8] Undefined variable: currentPage /Users/llos/Documents/bugber/vagr_ngx_ubun16_php5/www/bgbcms/Apps/Runtime/Cache/Admin/ff874b4eae41e24ae0a265590b63794e.php 第 248 行.
NOTIC: [8] Undefined variable: totalPage /Users/llos/Documents/bugber/vagr_ngx_ubun16_php5/www/bgbcms/Apps/Runtime/Cache/Admin/ff874b4eae41e24ae0a265590b63794e.php 第 249 行.
NOTIC: [8] Undefined variable: page /Users/llos/Documents/bugber/vagr_ngx_ubun16_php5/www/bgbcms/Apps/Runtime/Cache/Admin/ff874b4eae41e24ae0a265590b63794e.php 第 253 行.
INFO: Run Behavior\ParseTemplateBehavior [ RunTime:0.046480s ]
INFO: [ view_parse ] --END-- [ RunTime:0.046663s ]
INFO: [ view_filter ] --START--
INFO: Run Behavior\WriteHtmlCacheBehavior [ RunTime:0.000569s ]
INFO: [ view_filter ] --END-- [ RunTime:0.000721s ]
INFO: [ app_end ] --START--
INFO: Run Behavior\ShowPageTraceBehavior [ RunTime:0.003140s ]
INFO: [ app_end ] --END-- [ RunTime:0.003461s ]

[ 2017-07-12T12:59:56+08:00 ] ::1 /vagr_ngx_ubun16_php5/www/bgbcms/index.php?m=Admin&c=Article&a=index
INFO: [ app_init ] --START--
INFO: Run Behavior\BuildLiteBehavior [ RunTime:0.000049s ]
INFO: [ app_init ] --END-- [ RunTime:0.000927s ]
INFO: [ app_begin ] --START--
INFO: Run Behavior\ReadHtmlCacheBehavior [ RunTime:0.001033s ]
INFO: [ app_begin ] --END-- [ RunTime:0.001271s ]

[ 2017-07-12T12:59:56+08:00 ] ::1 /vagr_ngx_ubun16_php5/www/bgbcms/index.php/Admin/Article/item.html
INFO: [ app_init ] --START--
INFO: Run Behavior\BuildLiteBehavior [ RunTime:0.000077s ]
INFO: [ app_init ] --END-- [ RunTime:0.002953s ]
INFO: [ app_begin ] --START--
INFO: Run Behavior\ReadHtmlCacheBehavior [ RunTime:0.001049s ]
INFO: [ app_begin ] --END-- [ RunTime:0.001335s ]
INFO: [ view_parse ] --START--
INFO: [ template_filter ] --START--
INFO: Run Behavior\ContentReplaceBehavior [ RunTime:0.000215s ]
INFO: [ template_filter ] --END-- [ RunTime:0.000373s ]
NOTIC: [8] Undefined variable: menu_type /Users/llos/Documents/bugber/vagr_ngx_ubun16_php5/www/bgbcms/Apps/Runtime/Cache/Admin/ff874b4eae41e24ae0a265590b63794e.php 第 158 行.
NOTIC: [8] Undefined variable: menu_type /Users/llos/Documents/bugber/vagr_ngx_ubun16_php5/www/bgbcms/Apps/Runtime/Cache/Admin/ff874b4eae41e24ae0a265590b63794e.php 第 161 行.
NOTIC: [8] Undefined variable: menu_type /Users/llos/Documents/bugber/vagr_ngx_ubun16_php5/www/bgbcms/Apps/Runtime/Cache/Admin/ff874b4eae41e24ae0a265590b63794e.php 第 164 行.
NOTIC: [8] Undefined variable: contents /Users/llos/Documents/bugber/vagr_ngx_ubun16_php5/www/bgbcms/Apps/Runtime/Cache/Admin/ff874b4eae41e24ae0a265590b63794e.php 第 209 行.
NOTIC: [8] Undefined variable: currentPage /Users/llos/Documents/bugber/vagr_ngx_ubun16_php5/www/bgbcms/Apps/Runtime/Cache/Admin/ff874b4eae41e24ae0a265590b63794e.php 第 240 行.
NOTIC: [8] Undefined variable: pagecnt /Users/llos/Documents/bugber/vagr_ngx_ubun16_php5/www/bgbcms/Apps/Runtime/Cache/Admin/ff874b4eae41e24ae0a265590b63794e.php 第 244 行.
NOTIC: [8] Undefined variable: currentPage /Users/llos/Documents/bugber/vagr_ngx_ubun16_php5/www/bgbcms/Apps/Runtime/Cache/Admin/ff874b4eae41e24ae0a265590b63794e.php 第 248 行.
NOTIC: [8] Undefined variable: totalPage /Users/llos/Documents/bugber/vagr_ngx_ubun16_php5/www/bgbcms/Apps/Runtime/Cache/Admin/ff874b4eae41e24ae0a265590b63794e.php 第 249 行.
NOTIC: [8] Undefined variable: page /Users/llos/Documents/bugber/vagr_ngx_ubun16_php5/www/bgbcms/Apps/Runtime/Cache/Admin/ff874b4eae41e24ae0a265590b63794e.php 第 253 行.
INFO: Run Behavior\ParseTemplateBehavior [ RunTime:0.031289s ]
INFO: [ view_parse ] --END-- [ RunTime:0.031489s ]
INFO: [ view_filter ] --START--
INFO: Run Behavior\WriteHtmlCacheBehavior [ RunTime:0.000373s ]
INFO: [ view_filter ] --END-- [ RunTime:0.000564s ]
INFO: [ app_end ] --START--
INFO: Run Behavior\ShowPageTraceBehavior [ RunTime:0.003028s ]
INFO: [ app_end ] --END-- [ RunTime:0.003276s ]

[ 2017-07-12T12:59:58+08:00 ] ::1 /vagr_ngx_ubun16_php5/www/bgbcms/index.php?m=Admin&c=Menu&a=index
INFO: [ app_init ] --START--
INFO: Run Behavior\BuildLiteBehavior [ RunTime:0.000037s ]
INFO: [ app_init ] --END-- [ RunTime:0.000779s ]
INFO: [ app_begin ] --START--
INFO: Run Behavior\ReadHtmlCacheBehavior [ RunTime:0.000789s ]
INFO: [ app_begin ] --END-- [ RunTime:0.000955s ]
NOTIC: [8] Undefined index: type /Users/llos/Documents/bugber/vagr_ngx_ubun16_php5/www/bgbcms/Apps/Admin/Controller/MenuController.class.php 第 28 行.
NOTIC: [8] Undefined index: p /Users/llos/Documents/bugber/vagr_ngx_ubun16_php5/www/bgbcms/Apps/Admin/Controller/MenuController.class.php 第 29 行.
NOTIC: [8] Undefined index: pageSize /Users/llos/Documents/bugber/vagr_ngx_ubun16_php5/www/bgbcms/Apps/Admin/Controller/MenuController.class.php 第 30 行.
SQL: SHOW COLUMNS FROM `bugber_menu` [ RunTime:0.0020s ]
SQL: SELECT `order`,`id`,`name`,`mname`,`type`,`state` FROM `bugber_menu` ORDER BY `order`,`id` LIMIT 0,2   [ RunTime:0.0011s ]
SQL: SELECT COUNT(*) AS tp_count FROM `bugber_menu` LIMIT 1   [ RunTime:0.0006s ]
INFO: [ view_parse ] --START--
INFO: [ template_filter ] --START--
INFO: Run Behavior\ContentReplaceBehavior [ RunTime:0.000153s ]
INFO: [ template_filter ] --END-- [ RunTime:0.000318s ]
NOTIC: [8] Undefined variable: page /Users/llos/Documents/bugber/vagr_ngx_ubun16_php5/www/bgbcms/Apps/Runtime/Cache/Admin/db3da01c8f36ad38f6ba709720b2de06.php 第 229 行.
INFO: Run Behavior\ParseTemplateBehavior [ RunTime:0.032207s ]
INFO: [ view_parse ] --END-- [ RunTime:0.032388s ]
INFO: [ view_filter ] --START--
INFO: Run Behavior\WriteHtmlCacheBehavior [ RunTime:0.000276s ]
INFO: [ view_filter ] --END-- [ RunTime:0.000417s ]
INFO: [ app_end ] --START--
INFO: Run Behavior\ShowPageTraceBehavior [ RunTime:0.004259s ]
INFO: [ app_end ] --END-- [ RunTime:0.004432s ]

[ 2017-07-12T12:59:59+08:00 ] ::1 /vagr_ngx_ubun16_php5/www/bgbcms/index.php?m=Admin&c=Article&a=index
INFO: [ app_init ] --START--
INFO: Run Behavior\BuildLiteBehavior [ RunTime:0.000035s ]
INFO: [ app_init ] --END-- [ RunTime:0.000577s ]
INFO: [ app_begin ] --START--
INFO: Run Behavior\ReadHtmlCacheBehavior [ RunTime:0.000656s ]
INFO: [ app_begin ] --END-- [ RunTime:0.000806s ]

[ 2017-07-12T12:59:59+08:00 ] ::1 /vagr_ngx_ubun16_php5/www/bgbcms/index.php/Admin/Article/item.html
INFO: [ app_init ] --START--
INFO: Run Behavior\BuildLiteBehavior [ RunTime:0.000050s ]
INFO: [ app_init ] --END-- [ RunTime:0.000767s ]
INFO: [ app_begin ] --START--
INFO: Run Behavior\ReadHtmlCacheBehavior [ RunTime:0.001206s ]
INFO: [ app_begin ] --END-- [ RunTime:0.001511s ]
INFO: [ view_parse ] --START--
INFO: [ template_filter ] --START--
INFO: Run Behavior\ContentReplaceBehavior [ RunTime:0.000132s ]
INFO: [ template_filter ] --END-- [ RunTime:0.000301s ]
NOTIC: [8] Undefined variable: menu_type /Users/llos/Documents/bugber/vagr_ngx_ubun16_php5/www/bgbcms/Apps/Runtime/Cache/Admin/ff874b4eae41e24ae0a265590b63794e.php 第 158 行.
NOTIC: [8] Undefined variable: menu_type /Users/llos/Documents/bugber/vagr_ngx_ubun16_php5/www/bgbcms/Apps/Runtime/Cache/Admin/ff874b4eae41e24ae0a265590b63794e.php 第 161 行.
NOTIC: [8] Undefined variable: menu_type /Users/llos/Documents/bugber/vagr_ngx_ubun16_php5/www/bgbcms/Apps/Runtime/Cache/Admin/ff874b4eae41e24ae0a265590b63794e.php 第 164 行.
NOTIC: [8] Undefined variable: contents /Users/llos/Documents/bugber/vagr_ngx_ubun16_php5/www/bgbcms/Apps/Runtime/Cache/Admin/ff874b4eae41e24ae0a265590b63794e.php 第 209 行.
NOTIC: [8] Undefined variable: currentPage /Users/llos/Documents/bugber/vagr_ngx_ubun16_php5/www/bgbcms/Apps/Runtime/Cache/Admin/ff874b4eae41e24ae0a265590b63794e.php 第 240 行.
NOTIC: [8] Undefined variable: pagecnt /Users/llos/Documents/bugber/vagr_ngx_ubun16_php5/www/bgbcms/Apps/Runtime/Cache/Admin/ff874b4eae41e24ae0a265590b63794e.php 第 244 行.
NOTIC: [8] Undefined variable: currentPage /Users/llos/Documents/bugber/vagr_ngx_ubun16_php5/www/bgbcms/Apps/Runtime/Cache/Admin/ff874b4eae41e24ae0a265590b63794e.php 第 248 行.
NOTIC: [8] Undefined variable: totalPage /Users/llos/Documents/bugber/vagr_ngx_ubun16_php5/www/bgbcms/Apps/Runtime/Cache/Admin/ff874b4eae41e24ae0a265590b63794e.php 第 249 行.
NOTIC: [8] Undefined variable: page /Users/llos/Documents/bugber/vagr_ngx_ubun16_php5/www/bgbcms/Apps/Runtime/Cache/Admin/ff874b4eae41e24ae0a265590b63794e.php 第 253 行.
INFO: Run Behavior\ParseTemplateBehavior [ RunTime:0.029473s ]
INFO: [ view_parse ] --END-- [ RunTime:0.029628s ]
INFO: [ view_filter ] --START--
INFO: Run Behavior\WriteHtmlCacheBehavior [ RunTime:0.000271s ]
INFO: [ view_filter ] --END-- [ RunTime:0.000471s ]
INFO: [ app_end ] --START--
INFO: Run Behavior\ShowPageTraceBehavior [ RunTime:0.001356s ]
INFO: [ app_end ] --END-- [ RunTime:0.001750s ]

[ 2017-07-12T13:00:01+08:00 ] ::1 /vagr_ngx_ubun16_php5/www/bgbcms/index.php/Admin/Article/index.html
INFO: [ app_init ] --START--
INFO: Run Behavior\BuildLiteBehavior [ RunTime:0.000047s ]
INFO: [ app_init ] --END-- [ RunTime:0.000785s ]
INFO: [ app_begin ] --START--
INFO: Run Behavior\ReadHtmlCacheBehavior [ RunTime:0.000904s ]
INFO: [ app_begin ] --END-- [ RunTime:0.001217s ]

[ 2017-07-12T13:00:01+08:00 ] ::1 /vagr_ngx_ubun16_php5/www/bgbcms/index.php/Admin/Article/item.html
INFO: [ app_init ] --START--
INFO: Run Behavior\BuildLiteBehavior [ RunTime:0.000034s ]
INFO: [ app_init ] --END-- [ RunTime:0.000609s ]
INFO: [ app_begin ] --START--
INFO: Run Behavior\ReadHtmlCacheBehavior [ RunTime:0.000652s ]
INFO: [ app_begin ] --END-- [ RunTime:0.000814s ]
INFO: [ view_parse ] --START--
INFO: [ template_filter ] --START--
INFO: Run Behavior\ContentReplaceBehavior [ RunTime:0.000129s ]
INFO: [ template_filter ] --END-- [ RunTime:0.000294s ]
NOTIC: [8] Undefined variable: menu_type /Users/llos/Documents/bugber/vagr_ngx_ubun16_php5/www/bgbcms/Apps/Runtime/Cache/Admin/ff874b4eae41e24ae0a265590b63794e.php 第 158 行.
NOTIC: [8] Undefined variable: menu_type /Users/llos/Documents/bugber/vagr_ngx_ubun16_php5/www/bgbcms/Apps/Runtime/Cache/Admin/ff874b4eae41e24ae0a265590b63794e.php 第 161 行.
NOTIC: [8] Undefined variable: menu_type /Users/llos/Documents/bugber/vagr_ngx_ubun16_php5/www/bgbcms/Apps/Runtime/Cache/Admin/ff874b4eae41e24ae0a265590b63794e.php 第 164 行.
NOTIC: [8] Undefined variable: contents /Users/llos/Documents/bugber/vagr_ngx_ubun16_php5/www/bgbcms/Apps/Runtime/Cache/Admin/ff874b4eae41e24ae0a265590b63794e.php 第 209 行.
NOTIC: [8] Undefined variable: currentPage /Users/llos/Documents/bugber/vagr_ngx_ubun16_php5/www/bgbcms/Apps/Runtime/Cache/Admin/ff874b4eae41e24ae0a265590b63794e.php 第 240 行.
NOTIC: [8] Undefined variable: pagecnt /Users/llos/Documents/bugber/vagr_ngx_ubun16_php5/www/bgbcms/Apps/Runtime/Cache/Admin/ff874b4eae41e24ae0a265590b63794e.php 第 244 行.
NOTIC: [8] Undefined variable: currentPage /Users/llos/Documents/bugber/vagr_ngx_ubun16_php5/www/bgbcms/Apps/Runtime/Cache/Admin/ff874b4eae41e24ae0a265590b63794e.php 第 248 行.
NOTIC: [8] Undefined variable: totalPage /Users/llos/Documents/bugber/vagr_ngx_ubun16_php5/www/bgbcms/Apps/Runtime/Cache/Admin/ff874b4eae41e24ae0a265590b63794e.php 第 249 行.
NOTIC: [8] Undefined variable: page /Users/llos/Documents/bugber/vagr_ngx_ubun16_php5/www/bgbcms/Apps/Runtime/Cache/Admin/ff874b4eae41e24ae0a265590b63794e.php 第 253 行.
INFO: Run Behavior\ParseTemplateBehavior [ RunTime:0.028006s ]
INFO: [ view_parse ] --END-- [ RunTime:0.028157s ]
INFO: [ view_filter ] --START--
INFO: Run Behavior\WriteHtmlCacheBehavior [ RunTime:0.000297s ]
INFO: [ view_filter ] --END-- [ RunTime:0.000437s ]
INFO: [ app_end ] --START--
INFO: Run Behavior\ShowPageTraceBehavior [ RunTime:0.000954s ]
INFO: [ app_end ] --END-- [ RunTime:0.001184s ]

[ 2017-07-12T13:00:03+08:00 ] ::1 /vagr_ngx_ubun16_php5/www/bgbcms/index.php?m=Admin&c=Article&a=index
INFO: [ app_init ] --START--
INFO: Run Behavior\BuildLiteBehavior [ RunTime:0.000037s ]
INFO: [ app_init ] --END-- [ RunTime:0.000600s ]
INFO: [ app_begin ] --START--
INFO: Run Behavior\ReadHtmlCacheBehavior [ RunTime:0.000674s ]
INFO: [ app_begin ] --END-- [ RunTime:0.000826s ]

[ 2017-07-12T13:00:03+08:00 ] ::1 /vagr_ngx_ubun16_php5/www/bgbcms/index.php/Admin/Article/item.html
INFO: [ app_init ] --START--
INFO: Run Behavior\BuildLiteBehavior [ RunTime:0.000035s ]
INFO: [ app_init ] --END-- [ RunTime:0.000610s ]
INFO: [ app_begin ] --START--
INFO: Run Behavior\ReadHtmlCacheBehavior [ RunTime:0.000746s ]
INFO: [ app_begin ] --END-- [ RunTime:0.000906s ]
INFO: [ view_parse ] --START--
INFO: [ template_filter ] --START--
INFO: Run Behavior\ContentReplaceBehavior [ RunTime:0.000127s ]
INFO: [ template_filter ] --END-- [ RunTime:0.000288s ]
NOTIC: [8] Undefined variable: menu_type /Users/llos/Documents/bugber/vagr_ngx_ubun16_php5/www/bgbcms/Apps/Runtime/Cache/Admin/ff874b4eae41e24ae0a265590b63794e.php 第 158 行.
NOTIC: [8] Undefined variable: menu_type /Users/llos/Documents/bugber/vagr_ngx_ubun16_php5/www/bgbcms/Apps/Runtime/Cache/Admin/ff874b4eae41e24ae0a265590b63794e.php 第 161 行.
NOTIC: [8] Undefined variable: menu_type /Users/llos/Documents/bugber/vagr_ngx_ubun16_php5/www/bgbcms/Apps/Runtime/Cache/Admin/ff874b4eae41e24ae0a265590b63794e.php 第 164 行.
NOTIC: [8] Undefined variable: contents /Users/llos/Documents/bugber/vagr_ngx_ubun16_php5/www/bgbcms/Apps/Runtime/Cache/Admin/ff874b4eae41e24ae0a265590b63794e.php 第 209 行.
NOTIC: [8] Undefined variable: currentPage /Users/llos/Documents/bugber/vagr_ngx_ubun16_php5/www/bgbcms/Apps/Runtime/Cache/Admin/ff874b4eae41e24ae0a265590b63794e.php 第 240 行.
NOTIC: [8] Undefined variable: pagecnt /Users/llos/Documents/bugber/vagr_ngx_ubun16_php5/www/bgbcms/Apps/Runtime/Cache/Admin/ff874b4eae41e24ae0a265590b63794e.php 第 244 行.
NOTIC: [8] Undefined variable: currentPage /Users/llos/Documents/bugber/vagr_ngx_ubun16_php5/www/bgbcms/Apps/Runtime/Cache/Admin/ff874b4eae41e24ae0a265590b63794e.php 第 248 行.
NOTIC: [8] Undefined variable: totalPage /Users/llos/Documents/bugber/vagr_ngx_ubun16_php5/www/bgbcms/Apps/Runtime/Cache/Admin/ff874b4eae41e24ae0a265590b63794e.php 第 249 行.
NOTIC: [8] Undefined variable: page /Users/llos/Documents/bugber/vagr_ngx_ubun16_php5/www/bgbcms/Apps/Runtime/Cache/Admin/ff874b4eae41e24ae0a265590b63794e.php 第 253 行.
INFO: Run Behavior\ParseTemplateBehavior [ RunTime:0.027133s ]
INFO: [ view_parse ] --END-- [ RunTime:0.027292s ]
INFO: [ view_filter ] --START--
INFO: Run Behavior\WriteHtmlCacheBehavior [ RunTime:0.000292s ]
INFO: [ view_filter ] --END-- [ RunTime:0.000429s ]
INFO: [ app_end ] --START--
INFO: Run Behavior\ShowPageTraceBehavior [ RunTime:0.001122s ]
INFO: [ app_end ] --END-- [ RunTime:0.001400s ]

[ 2017-07-12T13:00:05+08:00 ] ::1 /vagr_ngx_ubun16_php5/www/bgbcms/index.php/Admin/Article/index.html
INFO: [ app_init ] --START--
INFO: Run Behavior\BuildLiteBehavior [ RunTime:0.000034s ]
INFO: [ app_init ] --END-- [ RunTime:0.000587s ]
INFO: [ app_begin ] --START--
INFO: Run Behavior\ReadHtmlCacheBehavior [ RunTime:0.000817s ]
INFO: [ app_begin ] --END-- [ RunTime:0.000996s ]

[ 2017-07-12T13:00:05+08:00 ] ::1 /vagr_ngx_ubun16_php5/www/bgbcms/index.php/Admin/Article/item.html
INFO: [ app_init ] --START--
INFO: Run Behavior\BuildLiteBehavior [ RunTime:0.000035s ]
INFO: [ app_init ] --END-- [ RunTime:0.000654s ]
INFO: [ app_begin ] --START--
INFO: Run Behavior\ReadHtmlCacheBehavior [ RunTime:0.000671s ]
INFO: [ app_begin ] --END-- [ RunTime:0.000825s ]
INFO: [ view_parse ] --START--
INFO: [ template_filter ] --START--
INFO: Run Behavior\ContentReplaceBehavior [ RunTime:0.000125s ]
INFO: [ template_filter ] --END-- [ RunTime:0.000287s ]
NOTIC: [8] Undefined variable: menu_type /Users/llos/Documents/bugber/vagr_ngx_ubun16_php5/www/bgbcms/Apps/Runtime/Cache/Admin/ff874b4eae41e24ae0a265590b63794e.php 第 158 行.
NOTIC: [8] Undefined variable: menu_type /Users/llos/Documents/bugber/vagr_ngx_ubun16_php5/www/bgbcms/Apps/Runtime/Cache/Admin/ff874b4eae41e24ae0a265590b63794e.php 第 161 行.
NOTIC: [8] Undefined variable: menu_type /Users/llos/Documents/bugber/vagr_ngx_ubun16_php5/www/bgbcms/Apps/Runtime/Cache/Admin/ff874b4eae41e24ae0a265590b63794e.php 第 164 行.
NOTIC: [8] Undefined variable: contents /Users/llos/Documents/bugber/vagr_ngx_ubun16_php5/www/bgbcms/Apps/Runtime/Cache/Admin/ff874b4eae41e24ae0a265590b63794e.php 第 209 行.
NOTIC: [8] Undefined variable: currentPage /Users/llos/Documents/bugber/vagr_ngx_ubun16_php5/www/bgbcms/Apps/Runtime/Cache/Admin/ff874b4eae41e24ae0a265590b63794e.php 第 240 行.
NOTIC: [8] Undefined variable: pagecnt /Users/llos/Documents/bugber/vagr_ngx_ubun16_php5/www/bgbcms/Apps/Runtime/Cache/Admin/ff874b4eae41e24ae0a265590b63794e.php 第 244 行.
NOTIC: [8] Undefined variable: currentPage /Users/llos/Documents/bugber/vagr_ngx_ubun16_php5/www/bgbcms/Apps/Runtime/Cache/Admin/ff874b4eae41e24ae0a265590b63794e.php 第 248 行.
NOTIC: [8] Undefined variable: totalPage /Users/llos/Documents/bugber/vagr_ngx_ubun16_php5/www/bgbcms/Apps/Runtime/Cache/Admin/ff874b4eae41e24ae0a265590b63794e.php 第 249 行.
NOTIC: [8] Undefined variable: page /Users/llos/Documents/bugber/vagr_ngx_ubun16_php5/www/bgbcms/Apps/Runtime/Cache/Admin/ff874b4eae41e24ae0a265590b63794e.php 第 253 行.
INFO: Run Behavior\ParseTemplateBehavior [ RunTime:0.027135s ]
INFO: [ view_parse ] --END-- [ RunTime:0.027359s ]
INFO: [ view_filter ] --START--
INFO: Run Behavior\WriteHtmlCacheBehavior [ RunTime:0.000306s ]
INFO: [ view_filter ] --END-- [ RunTime:0.000514s ]
INFO: [ app_end ] --START--
INFO: Run Behavior\ShowPageTraceBehavior [ RunTime:0.001111s ]
INFO: [ app_end ] --END-- [ RunTime:0.001301s ]

[ 2017-07-12T13:00:09+08:00 ] ::1 /vagr_ngx_ubun16_php5/www/bgbcms/index.php/Admin/Article/index.html
INFO: [ app_init ] --START--
INFO: Run Behavior\BuildLiteBehavior [ RunTime:0.000034s ]
INFO: [ app_init ] --END-- [ RunTime:0.000635s ]
INFO: [ app_begin ] --START--
INFO: Run Behavior\ReadHtmlCacheBehavior [ RunTime:0.000655s ]
INFO: [ app_begin ] --END-- [ RunTime:0.000805s ]

[ 2017-07-12T13:00:09+08:00 ] ::1 /vagr_ngx_ubun16_php5/www/bgbcms/index.php/Admin/Article/item.html
INFO: [ app_init ] --START--
INFO: Run Behavior\BuildLiteBehavior [ RunTime:0.000036s ]
INFO: [ app_init ] --END-- [ RunTime:0.000612s ]
INFO: [ app_begin ] --START--
INFO: Run Behavior\ReadHtmlCacheBehavior [ RunTime:0.000674s ]
INFO: [ app_begin ] --END-- [ RunTime:0.000827s ]
INFO: [ view_parse ] --START--
INFO: [ template_filter ] --START--
INFO: Run Behavior\ContentReplaceBehavior [ RunTime:0.000127s ]
INFO: [ template_filter ] --END-- [ RunTime:0.000292s ]
NOTIC: [8] Undefined variable: menu_type /Users/llos/Documents/bugber/vagr_ngx_ubun16_php5/www/bgbcms/Apps/Runtime/Cache/Admin/ff874b4eae41e24ae0a265590b63794e.php 第 158 行.
NOTIC: [8] Undefined variable: menu_type /Users/llos/Documents/bugber/vagr_ngx_ubun16_php5/www/bgbcms/Apps/Runtime/Cache/Admin/ff874b4eae41e24ae0a265590b63794e.php 第 161 行.
NOTIC: [8] Undefined variable: menu_type /Users/llos/Documents/bugber/vagr_ngx_ubun16_php5/www/bgbcms/Apps/Runtime/Cache/Admin/ff874b4eae41e24ae0a265590b63794e.php 第 164 行.
NOTIC: [8] Undefined variable: contents /Users/llos/Documents/bugber/vagr_ngx_ubun16_php5/www/bgbcms/Apps/Runtime/Cache/Admin/ff874b4eae41e24ae0a265590b63794e.php 第 209 行.
NOTIC: [8] Undefined variable: currentPage /Users/llos/Documents/bugber/vagr_ngx_ubun16_php5/www/bgbcms/Apps/Runtime/Cache/Admin/ff874b4eae41e24ae0a265590b63794e.php 第 240 行.
NOTIC: [8] Undefined variable: pagecnt /Users/llos/Documents/bugber/vagr_ngx_ubun16_php5/www/bgbcms/Apps/Runtime/Cache/Admin/ff874b4eae41e24ae0a265590b63794e.php 第 244 行.
NOTIC: [8] Undefined variable: currentPage /Users/llos/Documents/bugber/vagr_ngx_ubun16_php5/www/bgbcms/Apps/Runtime/Cache/Admin/ff874b4eae41e24ae0a265590b63794e.php 第 248 行.
NOTIC: [8] Undefined variable: totalPage /Users/llos/Documents/bugber/vagr_ngx_ubun16_php5/www/bgbcms/Apps/Runtime/Cache/Admin/ff874b4eae41e24ae0a265590b63794e.php 第 249 行.
NOTIC: [8] Undefined variable: page /Users/llos/Documents/bugber/vagr_ngx_ubun16_php5/www/bgbcms/Apps/Runtime/Cache/Admin/ff874b4eae41e24ae0a265590b63794e.php 第 253 行.
INFO: Run Behavior\ParseTemplateBehavior [ RunTime:0.028655s ]
INFO: [ view_parse ] --END-- [ RunTime:0.028804s ]
INFO: [ view_filter ] --START--
INFO: Run Behavior\WriteHtmlCacheBehavior [ RunTime:0.000255s ]
INFO: [ view_filter ] --END-- [ RunTime:0.000392s ]
INFO: [ app_end ] --START--
INFO: Run Behavior\ShowPageTraceBehavior [ RunTime:0.001453s ]
INFO: [ app_end ] --END-- [ RunTime:0.001701s ]

[ 2017-07-12T13:00:10+08:00 ] ::1 /vagr_ngx_ubun16_php5/www/bgbcms/index.php?m=Admin&c=Article&a=index
INFO: [ app_init ] --START--
INFO: Run Behavior\BuildLiteBehavior [ RunTime:0.000041s ]
INFO: [ app_init ] --END-- [ RunTime:0.001120s ]
INFO: [ app_begin ] --START--
INFO: Run Behavior\ReadHtmlCacheBehavior [ RunTime:0.000678s ]
INFO: [ app_begin ] --END-- [ RunTime:0.000828s ]

[ 2017-07-12T13:00:10+08:00 ] ::1 /vagr_ngx_ubun16_php5/www/bgbcms/index.php/Admin/Article/item.html
INFO: [ app_init ] --START--
INFO: Run Behavior\BuildLiteBehavior [ RunTime:0.000034s ]
INFO: [ app_init ] --END-- [ RunTime:0.000570s ]
INFO: [ app_begin ] --START--
INFO: Run Behavior\ReadHtmlCacheBehavior [ RunTime:0.000886s ]
INFO: [ app_begin ] --END-- [ RunTime:0.001048s ]
INFO: [ view_parse ] --START--
INFO: [ template_filter ] --START--
INFO: Run Behavior\ContentReplaceBehavior [ RunTime:0.000130s ]
INFO: [ template_filter ] --END-- [ RunTime:0.000416s ]
NOTIC: [8] Undefined variable: menu_type /Users/llos/Documents/bugber/vagr_ngx_ubun16_php5/www/bgbcms/Apps/Runtime/Cache/Admin/ff874b4eae41e24ae0a265590b63794e.php 第 158 行.
NOTIC: [8] Undefined variable: menu_type /Users/llos/Documents/bugber/vagr_ngx_ubun16_php5/www/bgbcms/Apps/Runtime/Cache/Admin/ff874b4eae41e24ae0a265590b63794e.php 第 161 行.
NOTIC: [8] Undefined variable: menu_type /Users/llos/Documents/bugber/vagr_ngx_ubun16_php5/www/bgbcms/Apps/Runtime/Cache/Admin/ff874b4eae41e24ae0a265590b63794e.php 第 164 行.
NOTIC: [8] Undefined variable: contents /Users/llos/Documents/bugber/vagr_ngx_ubun16_php5/www/bgbcms/Apps/Runtime/Cache/Admin/ff874b4eae41e24ae0a265590b63794e.php 第 209 行.
NOTIC: [8] Undefined variable: currentPage /Users/llos/Documents/bugber/vagr_ngx_ubun16_php5/www/bgbcms/Apps/Runtime/Cache/Admin/ff874b4eae41e24ae0a265590b63794e.php 第 240 行.
NOTIC: [8] Undefined variable: pagecnt /Users/llos/Documents/bugber/vagr_ngx_ubun16_php5/www/bgbcms/Apps/Runtime/Cache/Admin/ff874b4eae41e24ae0a265590b63794e.php 第 244 行.
NOTIC: [8] Undefined variable: currentPage /Users/llos/Documents/bugber/vagr_ngx_ubun16_php5/www/bgbcms/Apps/Runtime/Cache/Admin/ff874b4eae41e24ae0a265590b63794e.php 第 248 行.
NOTIC: [8] Undefined variable: totalPage /Users/llos/Documents/bugber/vagr_ngx_ubun16_php5/www/bgbcms/Apps/Runtime/Cache/Admin/ff874b4eae41e24ae0a265590b63794e.php 第 249 行.
NOTIC: [8] Undefined variable: page /Users/llos/Documents/bugber/vagr_ngx_ubun16_php5/www/bgbcms/Apps/Runtime/Cache/Admin/ff874b4eae41e24ae0a265590b63794e.php 第 253 行.
INFO: Run Behavior\ParseTemplateBehavior [ RunTime:0.027779s ]
INFO: [ view_parse ] --END-- [ RunTime:0.028002s ]
INFO: [ view_filter ] --START--
INFO: Run Behavior\WriteHtmlCacheBehavior [ RunTime:0.000273s ]
INFO: [ view_filter ] --END-- [ RunTime:0.000419s ]
INFO: [ app_end ] --START--
INFO: Run Behavior\ShowPageTraceBehavior [ RunTime:0.001128s ]
INFO: [ app_end ] --END-- [ RunTime:0.001353s ]

[ 2017-07-12T13:01:09+08:00 ] ::1 /vagr_ngx_ubun16_php5/www/bgbcms/index.php?m=Admin&c=Article&a=add
INFO: [ app_init ] --START--
INFO: Run Behavior\BuildLiteBehavior [ RunTime:0.000049s ]
INFO: [ app_init ] --END-- [ RunTime:0.000895s ]
INFO: [ app_begin ] --START--
INFO: Run Behavior\ReadHtmlCacheBehavior [ RunTime:0.000903s ]
INFO: [ app_begin ] --END-- [ RunTime:0.001090s ]
INFO: [ view_parse ] --START--
INFO: [ template_filter ] --START--
INFO: Run Behavior\ContentReplaceBehavior [ RunTime:0.000239s ]
INFO: [ template_filter ] --END-- [ RunTime:0.000432s ]
INFO: Run Behavior\ParseTemplateBehavior [ RunTime:0.021479s ]
INFO: [ view_parse ] --END-- [ RunTime:0.021717s ]
INFO: [ view_filter ] --START--
INFO: Run Behavior\WriteHtmlCacheBehavior [ RunTime:0.000379s ]
INFO: [ view_filter ] --END-- [ RunTime:0.000583s ]
INFO: [ app_end ] --START--
INFO: Run Behavior\ShowPageTraceBehavior [ RunTime:0.003045s ]
INFO: [ app_end ] --END-- [ RunTime:0.003270s ]

[ 2017-07-12T17:41:10+08:00 ] ::1 /vagr_ngx_ubun16_php5/www/bgbcms/index.php?m=Admin&c=Article&a=add
INFO: [ app_init ] --START--
INFO: Run Behavior\BuildLiteBehavior [ RunTime:0.000206s ]
INFO: [ app_init ] --END-- [ RunTime:0.003955s ]
INFO: [ app_begin ] --START--
INFO: Run Behavior\ReadHtmlCacheBehavior [ RunTime:0.001168s ]
INFO: [ app_begin ] --END-- [ RunTime:0.001340s ]
INFO: [ view_parse ] --START--
INFO: [ template_filter ] --START--
INFO: Run Behavior\ContentReplaceBehavior [ RunTime:0.000764s ]
INFO: [ template_filter ] --END-- [ RunTime:0.000959s ]
INFO: Run Behavior\ParseTemplateBehavior [ RunTime:0.033984s ]
INFO: [ view_parse ] --END-- [ RunTime:0.034222s ]
INFO: [ view_filter ] --START--
INFO: Run Behavior\WriteHtmlCacheBehavior [ RunTime:0.000627s ]
INFO: [ view_filter ] --END-- [ RunTime:0.000787s ]
INFO: [ app_end ] --START--
INFO: Run Behavior\ShowPageTraceBehavior [ RunTime:0.001583s ]
INFO: [ app_end ] --END-- [ RunTime:0.001821s ]

